{"D:\\Users\\JuanAntonio\\Desktop\\blood4life\\frontend\\src\\config.ts": {"path":"D:\\Users\\JuanAntonio\\Desktop\\blood4life\\frontend\\src\\config.ts","statementMap":{"0":{"start":{"line":1,"column":23},"end":{"line":1,"column":null}}},"fnMap":{},"branchMap":{"0":{"loc":{"start":{"line":1,"column":23},"end":{"line":1,"column":null}},"type":"binary-expr","locations":[{"start":{"line":1,"column":23},"end":{"line":1,"column":55}},{"start":{"line":1,"column":55},"end":{"line":1,"column":null}}],"line":1}},"s":{"0":4},"f":{},"b":{"0":[4,0]},"meta":{"lastBranch":1,"lastFunction":0,"lastStatement":1,"seen":{"s:1:23:1:Infinity":0,"b:1:23:1:55:1:55:1:Infinity":0}}}
,"D:\\Users\\JuanAntonio\\Desktop\\blood4life\\frontend\\src\\assets\\images\\LogoShadowMini.webp": {"path":"D:\\Users\\JuanAntonio\\Desktop\\blood4life\\frontend\\src\\assets\\images\\LogoShadowMini.webp","statementMap":{},"fnMap":{},"branchMap":{},"s":{},"f":{},"b":{},"meta":{"lastBranch":0,"lastFunction":0,"lastStatement":0,"seen":{}}}
,"D:\\Users\\JuanAntonio\\Desktop\\blood4life\\frontend\\src\\components\\common\\feedback\\ConfirmDialog\\ConfirmDialog.tsx": {"path":"D:\\Users\\JuanAntonio\\Desktop\\blood4life\\frontend\\src\\components\\common\\feedback\\ConfirmDialog\\ConfirmDialog.tsx","statementMap":{"0":{"start":{"line":18,"column":52},"end":{"line":69,"column":null}},"1":{"start":{"line":30,"column":26},"end":{"line":32,"column":null}},"2":{"start":{"line":31,"column":8},"end":{"line":31,"column":null}},"3":{"start":{"line":34,"column":4},"end":{"line":67,"column":null}}},"fnMap":{"0":{"name":"(anonymous_0)","decl":{"start":{"line":18,"column":52},"end":{"line":18,"column":53}},"loc":{"start":{"line":29,"column":6},"end":{"line":69,"column":null}},"line":29},"1":{"name":"(anonymous_1)","decl":{"start":{"line":30,"column":26},"end":{"line":30,"column":32}},"loc":{"start":{"line":30,"column":32},"end":{"line":32,"column":null}},"line":30}},"branchMap":{"0":{"loc":{"start":{"line":25,"column":4},"end":{"line":25,"column":null}},"type":"default-arg","locations":[{"start":{"line":25,"column":18},"end":{"line":25,"column":null}}],"line":25},"1":{"loc":{"start":{"line":26,"column":4},"end":{"line":26,"column":null}},"type":"default-arg","locations":[{"start":{"line":26,"column":17},"end":{"line":26,"column":null}}],"line":26},"2":{"loc":{"start":{"line":27,"column":4},"end":{"line":27,"column":null}},"type":"default-arg","locations":[{"start":{"line":27,"column":14},"end":{"line":27,"column":null}}],"line":27},"3":{"loc":{"start":{"line":28,"column":4},"end":{"line":28,"column":null}},"type":"default-arg","locations":[{"start":{"line":28,"column":16},"end":{"line":28,"column":null}}],"line":28},"4":{"loc":{"start":{"line":39,"column":21},"end":{"line":39,"column":null}},"type":"binary-expr","locations":[{"start":{"line":39,"column":21},"end":{"line":39,"column":32}},{"start":{"line":39,"column":32},"end":{"line":39,"column":null}}],"line":39},"5":{"loc":{"start":{"line":40,"column":18},"end":{"line":40,"column":null}},"type":"cond-expr","locations":[{"start":{"line":40,"column":41},"end":{"line":40,"column":51}},{"start":{"line":40,"column":51},"end":{"line":40,"column":null}}],"line":40},"6":{"loc":{"start":{"line":40,"column":51},"end":{"line":40,"column":null}},"type":"cond-expr","locations":[{"start":{"line":40,"column":75},"end":{"line":40,"column":84}},{"start":{"line":40,"column":84},"end":{"line":40,"column":null}}],"line":40},"7":{"loc":{"start":{"line":42,"column":13},"end":{"line":45,"column":null}},"type":"binary-expr","locations":[{"start":{"line":42,"column":13},"end":{"line":42,"column":null}},{"start":{"line":43,"column":16},"end":{"line":45,"column":null}}],"line":42},"8":{"loc":{"start":{"line":58,"column":29},"end":{"line":58,"column":null}},"type":"cond-expr","locations":[{"start":{"line":58,"column":52},"end":{"line":58,"column":60}},{"start":{"line":58,"column":60},"end":{"line":58,"column":null}}],"line":58},"9":{"loc":{"start":{"line":64,"column":21},"end":{"line":64,"column":null}},"type":"cond-expr","locations":[{"start":{"line":64,"column":33},"end":{"line":64,"column":51}},{"start":{"line":64,"column":51},"end":{"line":64,"column":null}}],"line":64}},"s":{"0":1,"1":4,"2":1,"3":4},"f":{"0":4,"1":1},"b":{"0":[4],"1":[4],"2":[4],"3":[4],"4":[4,4],"5":[4,0],"6":[0,0],"7":[4,4],"8":[4,0],"9":[0,4]},"meta":{"lastBranch":10,"lastFunction":2,"lastStatement":4,"seen":{"s:18:52:69:Infinity":0,"f:18:52:18:53":0,"b:25:18:25:Infinity":0,"b:26:17:26:Infinity":1,"b:27:14:27:Infinity":2,"b:28:16:28:Infinity":3,"s:30:26:32:Infinity":1,"f:30:26:30:32":1,"s:31:8:31:Infinity":2,"s:34:4:67:Infinity":3,"b:39:21:39:32:39:32:39:Infinity":4,"b:40:41:40:51:40:51:40:Infinity":5,"b:40:75:40:84:40:84:40:Infinity":6,"b:42:13:42:Infinity:43:16:45:Infinity":7,"b:58:52:58:60:58:60:58:Infinity":8,"b:64:33:64:51:64:51:64:Infinity":9}}}
,"D:\\Users\\JuanAntonio\\Desktop\\blood4life\\frontend\\src\\components\\common\\feedback\\Modal\\Modal.tsx": {"path":"D:\\Users\\JuanAntonio\\Desktop\\blood4life\\frontend\\src\\components\\common\\feedback\\Modal\\Modal.tsx","statementMap":{"0":{"start":{"line":15,"column":10},"end":{"line":15,"column":null}},"1":{"start":{"line":18,"column":4},"end":{"line":32,"column":null}},"2":{"start":{"line":19,"column":26},"end":{"line":21,"column":null}},"3":{"start":{"line":20,"column":12},"end":{"line":20,"column":null}},"4":{"start":{"line":20,"column":36},"end":{"line":20,"column":null}},"5":{"start":{"line":23,"column":8},"end":{"line":26,"column":null}},"6":{"start":{"line":24,"column":12},"end":{"line":24,"column":null}},"7":{"start":{"line":25,"column":12},"end":{"line":25,"column":null}},"8":{"start":{"line":28,"column":8},"end":{"line":31,"column":null}},"9":{"start":{"line":29,"column":12},"end":{"line":29,"column":null}},"10":{"start":{"line":30,"column":12},"end":{"line":30,"column":null}},"11":{"start":{"line":34,"column":4},"end":{"line":34,"column":null}},"12":{"start":{"line":34,"column":17},"end":{"line":34,"column":null}},"13":{"start":{"line":36,"column":20},"end":{"line":63,"column":null}},"14":{"start":{"line":37,"column":8},"end":{"line":62,"column":null}},"15":{"start":{"line":39,"column":16},"end":{"line":44,"column":null}},"16":{"start":{"line":47,"column":16},"end":{"line":52,"column":null}},"17":{"start":{"line":55,"column":16},"end":{"line":60,"column":null}},"18":{"start":{"line":65,"column":4},"end":{"line":113,"column":null}}},"fnMap":{"0":{"name":"Modal","decl":{"start":{"line":14,"column":9},"end":{"line":14,"column":15}},"loc":{"start":{"line":14,"column":89},"end":{"line":115,"column":null}},"line":14},"1":{"name":"(anonymous_1)","decl":{"start":{"line":18,"column":14},"end":{"line":18,"column":20}},"loc":{"start":{"line":18,"column":20},"end":{"line":32,"column":7}},"line":18},"2":{"name":"(anonymous_2)","decl":{"start":{"line":19,"column":26},"end":{"line":19,"column":27}},"loc":{"start":{"line":19,"column":48},"end":{"line":21,"column":null}},"line":19},"3":{"name":"(anonymous_3)","decl":{"start":{"line":28,"column":15},"end":{"line":28,"column":21}},"loc":{"start":{"line":28,"column":21},"end":{"line":31,"column":null}},"line":28},"4":{"name":"(anonymous_4)","decl":{"start":{"line":36,"column":20},"end":{"line":36,"column":26}},"loc":{"start":{"line":36,"column":26},"end":{"line":63,"column":null}},"line":36}},"branchMap":{"0":{"loc":{"start":{"line":14,"column":50},"end":{"line":14,"column":65}},"type":"default-arg","locations":[{"start":{"line":14,"column":57},"end":{"line":14,"column":65}}],"line":14},"1":{"loc":{"start":{"line":20,"column":12},"end":{"line":20,"column":null}},"type":"if","locations":[{"start":{"line":20,"column":12},"end":{"line":20,"column":null}},{"start":{},"end":{}}],"line":20},"2":{"loc":{"start":{"line":23,"column":8},"end":{"line":26,"column":null}},"type":"if","locations":[{"start":{"line":23,"column":8},"end":{"line":26,"column":null}},{"start":{},"end":{}}],"line":23},"3":{"loc":{"start":{"line":34,"column":4},"end":{"line":34,"column":null}},"type":"if","locations":[{"start":{"line":34,"column":4},"end":{"line":34,"column":null}},{"start":{},"end":{}}],"line":34},"4":{"loc":{"start":{"line":37,"column":8},"end":{"line":62,"column":null}},"type":"switch","locations":[{"start":{"line":38,"column":12},"end":{"line":44,"column":null}},{"start":{"line":46,"column":12},"end":{"line":52,"column":null}},{"start":{"line":54,"column":12},"end":{"line":60,"column":null}}],"line":37},"5":{"loc":{"start":{"line":101,"column":29},"end":{"line":107,"column":null}},"type":"binary-expr","locations":[{"start":{"line":101,"column":29},"end":{"line":101,"column":null}},{"start":{"line":102,"column":32},"end":{"line":107,"column":null}}],"line":101}},"s":{"0":4,"1":4,"2":4,"3":0,"4":0,"5":4,"6":1,"7":1,"8":4,"9":4,"10":4,"11":4,"12":3,"13":1,"14":1,"15":0,"16":1,"17":0,"18":1},"f":{"0":4,"1":4,"2":0,"3":4,"4":1},"b":{"0":[4],"1":[0,0],"2":[1,3],"3":[3,1],"4":[0,1,0],"5":[1,0]},"meta":{"lastBranch":6,"lastFunction":5,"lastStatement":19,"seen":{"f:14:9:14:15":0,"b:14:57:14:65":0,"s:15:10:15:Infinity":0,"s:18:4:32:Infinity":1,"f:18:14:18:20":1,"s:19:26:21:Infinity":2,"f:19:26:19:27":2,"b:20:12:20:Infinity:undefined:undefined:undefined:undefined":1,"s:20:12:20:Infinity":3,"s:20:36:20:Infinity":4,"b:23:8:26:Infinity:undefined:undefined:undefined:undefined":2,"s:23:8:26:Infinity":5,"s:24:12:24:Infinity":6,"s:25:12:25:Infinity":7,"s:28:8:31:Infinity":8,"f:28:15:28:21":3,"s:29:12:29:Infinity":9,"s:30:12:30:Infinity":10,"b:34:4:34:Infinity:undefined:undefined:undefined:undefined":3,"s:34:4:34:Infinity":11,"s:34:17:34:Infinity":12,"s:36:20:63:Infinity":13,"f:36:20:36:26":4,"b:38:12:44:Infinity:46:12:52:Infinity:54:12:60:Infinity":4,"s:37:8:62:Infinity":14,"s:39:16:44:Infinity":15,"s:47:16:52:Infinity":16,"s:55:16:60:Infinity":17,"s:65:4:113:Infinity":18,"b:101:29:101:Infinity:102:32:107:Infinity":5}}}
,"D:\\Users\\JuanAntonio\\Desktop\\blood4life\\frontend\\src\\components\\common\\forms\\FormField\\FormField.tsx": {"path":"D:\\Users\\JuanAntonio\\Desktop\\blood4life\\frontend\\src\\components\\common\\forms\\FormField\\FormField.tsx","statementMap":{"0":{"start":{"line":23,"column":44},"end":{"line":105,"column":null}},"1":{"start":{"line":41,"column":20},"end":{"line":41,"column":null}},"2":{"start":{"line":42,"column":18},"end":{"line":42,"column":null}},"3":{"start":{"line":44,"column":2},"end":{"line":103,"column":null}}},"fnMap":{"0":{"name":"(anonymous_0)","decl":{"start":{"line":23,"column":44},"end":{"line":23,"column":45}},"loc":{"start":{"line":40,"column":6},"end":{"line":105,"column":null}},"line":40}},"branchMap":{"0":{"loc":{"start":{"line":24,"column":2},"end":{"line":24,"column":null}},"type":"default-arg","locations":[{"start":{"line":24,"column":9},"end":{"line":24,"column":null}}],"line":24},"1":{"loc":{"start":{"line":30,"column":2},"end":{"line":30,"column":null}},"type":"default-arg","locations":[{"start":{"line":30,"column":13},"end":{"line":30,"column":null}}],"line":30},"2":{"loc":{"start":{"line":31,"column":2},"end":{"line":31,"column":null}},"type":"default-arg","locations":[{"start":{"line":31,"column":13},"end":{"line":31,"column":null}}],"line":31},"3":{"loc":{"start":{"line":34,"column":2},"end":{"line":34,"column":null}},"type":"default-arg","locations":[{"start":{"line":34,"column":19},"end":{"line":34,"column":null}}],"line":34},"4":{"loc":{"start":{"line":35,"column":2},"end":{"line":35,"column":null}},"type":"default-arg","locations":[{"start":{"line":35,"column":23},"end":{"line":35,"column":null}}],"line":35},"5":{"loc":{"start":{"line":36,"column":2},"end":{"line":36,"column":null}},"type":"default-arg","locations":[{"start":{"line":36,"column":22},"end":{"line":36,"column":null}}],"line":36},"6":{"loc":{"start":{"line":41,"column":20},"end":{"line":41,"column":null}},"type":"cond-expr","locations":[{"start":{"line":41,"column":42},"end":{"line":41,"column":85}},{"start":{"line":41,"column":85},"end":{"line":41,"column":null}}],"line":41},"7":{"loc":{"start":{"line":41,"column":42},"end":{"line":41,"column":85}},"type":"cond-expr","locations":[{"start":{"line":41,"column":62},"end":{"line":41,"column":71}},{"start":{"line":41,"column":71},"end":{"line":41,"column":85}}],"line":41},"8":{"loc":{"start":{"line":60,"column":24},"end":{"line":60,"column":null}},"type":"binary-expr","locations":[{"start":{"line":60,"column":24},"end":{"line":60,"column":39}},{"start":{"line":60,"column":39},"end":{"line":60,"column":null}}],"line":60},"9":{"loc":{"start":{"line":61,"column":28},"end":{"line":61,"column":null}},"type":"cond-expr","locations":[{"start":{"line":61,"column":36},"end":{"line":61,"column":46}},{"start":{"line":61,"column":46},"end":{"line":61,"column":null}}],"line":61},"10":{"loc":{"start":{"line":62,"column":309},"end":{"line":62,"column":null}},"type":"cond-expr","locations":[{"start":{"line":62,"column":317},"end":{"line":62,"column":336}},{"start":{"line":62,"column":336},"end":{"line":62,"column":null}}],"line":62},"11":{"loc":{"start":{"line":63,"column":16},"end":{"line":63,"column":49}},"type":"cond-expr","locations":[{"start":{"line":63,"column":37},"end":{"line":63,"column":47}},{"start":{"line":63,"column":47},"end":{"line":63,"column":49}}],"line":63},"12":{"loc":{"start":{"line":68,"column":9},"end":{"line":90,"column":null}},"type":"binary-expr","locations":[{"start":{"line":68,"column":9},"end":{"line":68,"column":null}},{"start":{"line":69,"column":10},"end":{"line":90,"column":null}}],"line":68},"13":{"loc":{"start":{"line":73,"column":26},"end":{"line":73,"column":null}},"type":"cond-expr","locations":[{"start":{"line":73,"column":46},"end":{"line":73,"column":69}},{"start":{"line":73,"column":69},"end":{"line":73,"column":null}}],"line":73},"14":{"loc":{"start":{"line":76,"column":15},"end":{"line":87,"column":null}},"type":"cond-expr","locations":[{"start":{"line":77,"column":16},"end":{"line":82,"column":null}},{"start":{"line":84,"column":16},"end":{"line":87,"column":null}}],"line":76},"15":{"loc":{"start":{"line":94,"column":7},"end":{"line":101,"column":null}},"type":"binary-expr","locations":[{"start":{"line":94,"column":7},"end":{"line":94,"column":null}},{"start":{"line":95,"column":8},"end":{"line":101,"column":null}}],"line":94}},"s":{"0":2,"1":32,"2":32,"3":32},"f":{"0":32},"b":{"0":[32],"1":[32],"2":[32],"3":[32],"4":[32],"5":[32],"6":[16,16],"7":[0,16],"8":[32,31],"9":[0,32],"10":[0,32],"11":[16,16],"12":[32,16],"13":[0,16],"14":[0,16],"15":[32,0]},"meta":{"lastBranch":16,"lastFunction":1,"lastStatement":4,"seen":{"s:23:44:105:Infinity":0,"f:23:44:23:45":0,"b:24:9:24:Infinity":0,"b:30:13:30:Infinity":1,"b:31:13:31:Infinity":2,"b:34:19:34:Infinity":3,"b:35:23:35:Infinity":4,"b:36:22:36:Infinity":5,"s:41:20:41:Infinity":1,"b:41:42:41:85:41:85:41:Infinity":6,"b:41:62:41:71:41:71:41:85":7,"s:42:18:42:Infinity":2,"s:44:2:103:Infinity":3,"b:60:24:60:39:60:39:60:Infinity":8,"b:61:36:61:46:61:46:61:Infinity":9,"b:62:317:62:336:62:336:62:Infinity":10,"b:63:37:63:47:63:47:63:49":11,"b:68:9:68:Infinity:69:10:90:Infinity":12,"b:73:46:73:69:73:69:73:Infinity":13,"b:77:16:82:Infinity:84:16:87:Infinity":14,"b:94:7:94:Infinity:95:8:101:Infinity":15}}}
,"D:\\Users\\JuanAntonio\\Desktop\\blood4life\\frontend\\src\\components\\common\\ui\\Button\\Button.tsx": {"path":"D:\\Users\\JuanAntonio\\Desktop\\blood4life\\frontend\\src\\components\\common\\ui\\Button\\Button.tsx","statementMap":{"0":{"start":{"line":17,"column":32},"end":{"line":83,"column":null}},"1":{"start":{"line":30,"column":8},"end":{"line":30,"column":null}},"2":{"start":{"line":32,"column":22},"end":{"line":37,"column":null}},"3":{"start":{"line":33,"column":4},"end":{"line":33,"column":null}},"4":{"start":{"line":33,"column":18},"end":{"line":33,"column":null}},"5":{"start":{"line":34,"column":4},"end":{"line":34,"column":null}},"6":{"start":{"line":34,"column":23},"end":{"line":34,"column":null}},"7":{"start":{"line":35,"column":4},"end":{"line":35,"column":null}},"8":{"start":{"line":35,"column":17},"end":{"line":35,"column":null}},"9":{"start":{"line":36,"column":4},"end":{"line":36,"column":null}},"10":{"start":{"line":36,"column":12},"end":{"line":36,"column":null}},"11":{"start":{"line":40,"column":48},"end":{"line":45,"column":null}},"12":{"start":{"line":47,"column":27},"end":{"line":50,"column":null}},"13":{"start":{"line":52,"column":25},"end":{"line":54,"column":null}},"14":{"start":{"line":56,"column":21},"end":{"line":56,"column":null}},"15":{"start":{"line":64,"column":2},"end":{"line":81,"column":null}}},"fnMap":{"0":{"name":"(anonymous_0)","decl":{"start":{"line":17,"column":32},"end":{"line":17,"column":33}},"loc":{"start":{"line":29,"column":6},"end":{"line":83,"column":null}},"line":29},"1":{"name":"(anonymous_1)","decl":{"start":{"line":32,"column":22},"end":{"line":32,"column":28}},"loc":{"start":{"line":32,"column":28},"end":{"line":37,"column":null}},"line":32}},"branchMap":{"0":{"loc":{"start":{"line":19,"column":2},"end":{"line":19,"column":null}},"type":"default-arg","locations":[{"start":{"line":19,"column":12},"end":{"line":19,"column":null}}],"line":19},"1":{"loc":{"start":{"line":21,"column":2},"end":{"line":21,"column":null}},"type":"default-arg","locations":[{"start":{"line":21,"column":14},"end":{"line":21,"column":null}}],"line":21},"2":{"loc":{"start":{"line":22,"column":2},"end":{"line":22,"column":null}},"type":"default-arg","locations":[{"start":{"line":22,"column":9},"end":{"line":22,"column":null}}],"line":22},"3":{"loc":{"start":{"line":24,"column":2},"end":{"line":24,"column":null}},"type":"default-arg","locations":[{"start":{"line":24,"column":13},"end":{"line":24,"column":null}}],"line":24},"4":{"loc":{"start":{"line":25,"column":2},"end":{"line":25,"column":null}},"type":"default-arg","locations":[{"start":{"line":25,"column":14},"end":{"line":25,"column":null}}],"line":25},"5":{"loc":{"start":{"line":33,"column":4},"end":{"line":33,"column":null}},"type":"if","locations":[{"start":{"line":33,"column":4},"end":{"line":33,"column":null}},{"start":{},"end":{}}],"line":33},"6":{"loc":{"start":{"line":34,"column":4},"end":{"line":34,"column":null}},"type":"if","locations":[{"start":{"line":34,"column":4},"end":{"line":34,"column":null}},{"start":{},"end":{}}],"line":34},"7":{"loc":{"start":{"line":35,"column":4},"end":{"line":35,"column":null}},"type":"if","locations":[{"start":{"line":35,"column":4},"end":{"line":35,"column":null}},{"start":{},"end":{}}],"line":35},"8":{"loc":{"start":{"line":36,"column":4},"end":{"line":36,"column":null}},"type":"if","locations":[{"start":{"line":36,"column":4},"end":{"line":36,"column":null}},{"start":{},"end":{}}],"line":36},"9":{"loc":{"start":{"line":52,"column":25},"end":{"line":54,"column":null}},"type":"cond-expr","locations":[{"start":{"line":53,"column":6},"end":{"line":53,"column":null}},{"start":{"line":54,"column":6},"end":{"line":54,"column":null}}],"line":52}},"s":{"0":4,"1":26,"2":26,"3":5,"4":0,"5":5,"6":0,"7":5,"8":2,"9":5,"10":0,"11":26,"12":26,"13":26,"14":26,"15":26},"f":{"0":26,"1":5},"b":{"0":[26],"1":[26],"2":[26],"3":[26],"4":[26],"5":[0,5],"6":[0,5],"7":[2,3],"8":[0,5],"9":[2,24]},"meta":{"lastBranch":10,"lastFunction":2,"lastStatement":16,"seen":{"s:17:32:83:Infinity":0,"f:17:32:17:33":0,"b:19:12:19:Infinity":0,"b:21:14:21:Infinity":1,"b:22:9:22:Infinity":2,"b:24:13:24:Infinity":3,"b:25:14:25:Infinity":4,"s:30:8:30:Infinity":1,"s:32:22:37:Infinity":2,"f:32:22:32:28":1,"b:33:4:33:Infinity:undefined:undefined:undefined:undefined":5,"s:33:4:33:Infinity":3,"s:33:18:33:Infinity":4,"b:34:4:34:Infinity:undefined:undefined:undefined:undefined":6,"s:34:4:34:Infinity":5,"s:34:23:34:Infinity":6,"b:35:4:35:Infinity:undefined:undefined:undefined:undefined":7,"s:35:4:35:Infinity":7,"s:35:17:35:Infinity":8,"b:36:4:36:Infinity:undefined:undefined:undefined:undefined":8,"s:36:4:36:Infinity":9,"s:36:12:36:Infinity":10,"s:40:48:45:Infinity":11,"s:47:27:50:Infinity":12,"s:52:25:54:Infinity":13,"b:53:6:53:Infinity:54:6:54:Infinity":9,"s:56:21:56:Infinity":14,"s:64:2:81:Infinity":15}}}
,"D:\\Users\\JuanAntonio\\Desktop\\blood4life\\frontend\\src\\components\\common\\ui\\LanguageSwitcher\\LanguageSwitcher.tsx": {"path":"D:\\Users\\JuanAntonio\\Desktop\\blood4life\\frontend\\src\\components\\common\\ui\\LanguageSwitcher\\LanguageSwitcher.tsx","statementMap":{"0":{"start":{"line":6,"column":25},"end":{"line":102,"column":null}},"1":{"start":{"line":7,"column":14},"end":{"line":7,"column":null}},"2":{"start":{"line":8,"column":55},"end":{"line":8,"column":null}},"3":{"start":{"line":9,"column":28},"end":{"line":9,"column":null}},"4":{"start":{"line":10,"column":10},"end":{"line":10,"column":null}},"5":{"start":{"line":13,"column":4},"end":{"line":27,"column":null}},"6":{"start":{"line":14,"column":35},"end":{"line":18,"column":null}},"7":{"start":{"line":15,"column":12},"end":{"line":17,"column":null}},"8":{"start":{"line":16,"column":16},"end":{"line":16,"column":null}},"9":{"start":{"line":20,"column":8},"end":{"line":22,"column":null}},"10":{"start":{"line":21,"column":12},"end":{"line":21,"column":null}},"11":{"start":{"line":24,"column":8},"end":{"line":26,"column":null}},"12":{"start":{"line":25,"column":12},"end":{"line":25,"column":null}},"13":{"start":{"line":30,"column":4},"end":{"line":44,"column":null}},"14":{"start":{"line":31,"column":29},"end":{"line":35,"column":null}},"15":{"start":{"line":32,"column":12},"end":{"line":34,"column":null}},"16":{"start":{"line":33,"column":16},"end":{"line":33,"column":null}},"17":{"start":{"line":37,"column":8},"end":{"line":39,"column":null}},"18":{"start":{"line":38,"column":12},"end":{"line":38,"column":null}},"19":{"start":{"line":41,"column":8},"end":{"line":43,"column":null}},"20":{"start":{"line":42,"column":12},"end":{"line":42,"column":null}},"21":{"start":{"line":46,"column":33},"end":{"line":49,"column":null}},"22":{"start":{"line":47,"column":8},"end":{"line":47,"column":null}},"23":{"start":{"line":48,"column":8},"end":{"line":48,"column":null}},"24":{"start":{"line":51,"column":27},"end":{"line":53,"column":null}},"25":{"start":{"line":52,"column":8},"end":{"line":52,"column":null}},"26":{"start":{"line":56,"column":24},"end":{"line":56,"column":null}},"27":{"start":{"line":56,"column":47},"end":{"line":56,"column":76}},"28":{"start":{"line":57,"column":33},"end":{"line":57,"column":null}},"29":{"start":{"line":59,"column":4},"end":{"line":100,"column":null}},"30":{"start":{"line":78,"column":46},"end":{"line":78,"column":null}},"31":{"start":{"line":79,"column":24},"end":{"line":95,"column":null}},"32":{"start":{"line":82,"column":47},"end":{"line":82,"column":null}}},"fnMap":{"0":{"name":"(anonymous_0)","decl":{"start":{"line":6,"column":25},"end":{"line":6,"column":31}},"loc":{"start":{"line":6,"column":31},"end":{"line":102,"column":null}},"line":6},"1":{"name":"(anonymous_1)","decl":{"start":{"line":13,"column":14},"end":{"line":13,"column":20}},"loc":{"start":{"line":13,"column":20},"end":{"line":27,"column":7}},"line":13},"2":{"name":"(anonymous_2)","decl":{"start":{"line":14,"column":35},"end":{"line":14,"column":36}},"loc":{"start":{"line":14,"column":58},"end":{"line":18,"column":null}},"line":14},"3":{"name":"(anonymous_3)","decl":{"start":{"line":24,"column":15},"end":{"line":24,"column":21}},"loc":{"start":{"line":24,"column":21},"end":{"line":26,"column":null}},"line":24},"4":{"name":"(anonymous_4)","decl":{"start":{"line":30,"column":14},"end":{"line":30,"column":20}},"loc":{"start":{"line":30,"column":20},"end":{"line":44,"column":7}},"line":30},"5":{"name":"(anonymous_5)","decl":{"start":{"line":31,"column":29},"end":{"line":31,"column":30}},"loc":{"start":{"line":31,"column":55},"end":{"line":35,"column":null}},"line":31},"6":{"name":"(anonymous_6)","decl":{"start":{"line":41,"column":15},"end":{"line":41,"column":21}},"loc":{"start":{"line":41,"column":21},"end":{"line":43,"column":null}},"line":41},"7":{"name":"(anonymous_7)","decl":{"start":{"line":46,"column":33},"end":{"line":46,"column":34}},"loc":{"start":{"line":46,"column":57},"end":{"line":49,"column":null}},"line":46},"8":{"name":"(anonymous_8)","decl":{"start":{"line":51,"column":27},"end":{"line":51,"column":33}},"loc":{"start":{"line":51,"column":33},"end":{"line":53,"column":null}},"line":51},"9":{"name":"(anonymous_9)","decl":{"start":{"line":56,"column":39},"end":{"line":56,"column":47}},"loc":{"start":{"line":56,"column":47},"end":{"line":56,"column":76}},"line":56},"10":{"name":"(anonymous_10)","decl":{"start":{"line":77,"column":35},"end":{"line":77,"column":36}},"loc":{"start":{"line":77,"column":45},"end":{"line":97,"column":21}},"line":77},"11":{"name":"(anonymous_11)","decl":{"start":{"line":82,"column":41},"end":{"line":82,"column":47}},"loc":{"start":{"line":82,"column":47},"end":{"line":82,"column":null}},"line":82}},"branchMap":{"0":{"loc":{"start":{"line":15,"column":12},"end":{"line":17,"column":null}},"type":"if","locations":[{"start":{"line":15,"column":12},"end":{"line":17,"column":null}},{"start":{},"end":{}}],"line":15},"1":{"loc":{"start":{"line":15,"column":16},"end":{"line":15,"column":92}},"type":"binary-expr","locations":[{"start":{"line":15,"column":16},"end":{"line":15,"column":39}},{"start":{"line":15,"column":39},"end":{"line":15,"column":92}}],"line":15},"2":{"loc":{"start":{"line":20,"column":8},"end":{"line":22,"column":null}},"type":"if","locations":[{"start":{"line":20,"column":8},"end":{"line":22,"column":null}},{"start":{},"end":{}}],"line":20},"3":{"loc":{"start":{"line":32,"column":12},"end":{"line":34,"column":null}},"type":"if","locations":[{"start":{"line":32,"column":12},"end":{"line":34,"column":null}},{"start":{},"end":{}}],"line":32},"4":{"loc":{"start":{"line":37,"column":8},"end":{"line":39,"column":null}},"type":"if","locations":[{"start":{"line":37,"column":8},"end":{"line":39,"column":null}},{"start":{},"end":{}}],"line":37},"5":{"loc":{"start":{"line":69,"column":17},"end":{"line":69,"column":null}},"type":"binary-expr","locations":[{"start":{"line":69,"column":17},"end":{"line":69,"column":41}},{"start":{"line":69,"column":41},"end":{"line":69,"column":null}}],"line":69},"6":{"loc":{"start":{"line":72,"column":13},"end":{"line":98,"column":null}},"type":"binary-expr","locations":[{"start":{"line":72,"column":13},"end":{"line":72,"column":null}},{"start":{"line":73,"column":16},"end":{"line":98,"column":null}}],"line":72},"7":{"loc":{"start":{"line":83,"column":158},"end":{"line":83,"column":null}},"type":"cond-expr","locations":[{"start":{"line":83,"column":190},"end":{"line":83,"column":225}},{"start":{"line":83,"column":225},"end":{"line":83,"column":null}}],"line":83},"8":{"loc":{"start":{"line":92,"column":33},"end":{"line":93,"column":null}},"type":"binary-expr","locations":[{"start":{"line":92,"column":33},"end":{"line":92,"column":null}},{"start":{"line":93,"column":36},"end":{"line":93,"column":null}}],"line":92}},"s":{"0":1,"1":4,"2":4,"3":4,"4":4,"5":4,"6":4,"7":0,"8":0,"9":4,"10":0,"11":4,"12":4,"13":4,"14":4,"15":0,"16":0,"17":4,"18":0,"19":4,"20":4,"21":4,"22":0,"23":0,"24":4,"25":0,"26":4,"27":4,"28":4,"29":4,"30":0,"31":0,"32":0},"f":{"0":4,"1":4,"2":0,"3":4,"4":4,"5":0,"6":4,"7":0,"8":0,"9":4,"10":0,"11":0},"b":{"0":[0,0],"1":[0,0],"2":[0,4],"3":[0,0],"4":[0,4],"5":[4,4],"6":[4,0],"7":[0,0],"8":[0,0]},"meta":{"lastBranch":9,"lastFunction":12,"lastStatement":33,"seen":{"s:6:25:102:Infinity":0,"f:6:25:6:31":0,"s:7:14:7:Infinity":1,"s:8:55:8:Infinity":2,"s:9:28:9:Infinity":3,"s:10:10:10:Infinity":4,"s:13:4:27:Infinity":5,"f:13:14:13:20":1,"s:14:35:18:Infinity":6,"f:14:35:14:36":2,"b:15:12:17:Infinity:undefined:undefined:undefined:undefined":0,"s:15:12:17:Infinity":7,"b:15:16:15:39:15:39:15:92":1,"s:16:16:16:Infinity":8,"b:20:8:22:Infinity:undefined:undefined:undefined:undefined":2,"s:20:8:22:Infinity":9,"s:21:12:21:Infinity":10,"s:24:8:26:Infinity":11,"f:24:15:24:21":3,"s:25:12:25:Infinity":12,"s:30:4:44:Infinity":13,"f:30:14:30:20":4,"s:31:29:35:Infinity":14,"f:31:29:31:30":5,"b:32:12:34:Infinity:undefined:undefined:undefined:undefined":3,"s:32:12:34:Infinity":15,"s:33:16:33:Infinity":16,"b:37:8:39:Infinity:undefined:undefined:undefined:undefined":4,"s:37:8:39:Infinity":17,"s:38:12:38:Infinity":18,"s:41:8:43:Infinity":19,"f:41:15:41:21":6,"s:42:12:42:Infinity":20,"s:46:33:49:Infinity":21,"f:46:33:46:34":7,"s:47:8:47:Infinity":22,"s:48:8:48:Infinity":23,"s:51:27:53:Infinity":24,"f:51:27:51:33":8,"s:52:8:52:Infinity":25,"s:56:24:56:Infinity":26,"f:56:39:56:47":9,"s:56:47:56:76":27,"s:57:33:57:Infinity":28,"s:59:4:100:Infinity":29,"b:69:17:69:41:69:41:69:Infinity":5,"b:72:13:72:Infinity:73:16:98:Infinity":6,"f:77:35:77:36":10,"s:78:46:78:Infinity":30,"s:79:24:95:Infinity":31,"f:82:41:82:47":11,"s:82:47:82:Infinity":32,"b:83:190:83:225:83:225:83:Infinity":7,"b:92:33:92:Infinity:93:36:93:Infinity":8}}}
,"D:\\Users\\JuanAntonio\\Desktop\\blood4life\\frontend\\src\\components\\common\\ui\\ThemeToggle\\ThemeToggle.tsx": {"path":"D:\\Users\\JuanAntonio\\Desktop\\blood4life\\frontend\\src\\components\\common\\ui\\ThemeToggle\\ThemeToggle.tsx","statementMap":{"0":{"start":{"line":5,"column":20},"end":{"line":37,"column":null}},"1":{"start":{"line":6,"column":36},"end":{"line":6,"column":null}},"2":{"start":{"line":7,"column":46},"end":{"line":7,"column":null}},"3":{"start":{"line":9,"column":25},"end":{"line":20,"column":null}},"4":{"start":{"line":11,"column":8},"end":{"line":11,"column":null}},"5":{"start":{"line":11,"column":29},"end":{"line":11,"column":null}},"6":{"start":{"line":13,"column":8},"end":{"line":13,"column":null}},"7":{"start":{"line":14,"column":8},"end":{"line":14,"column":null}},"8":{"start":{"line":17,"column":8},"end":{"line":19,"column":null}},"9":{"start":{"line":18,"column":12},"end":{"line":18,"column":null}},"10":{"start":{"line":22,"column":4},"end":{"line":35,"column":null}}},"fnMap":{"0":{"name":"(anonymous_0)","decl":{"start":{"line":5,"column":20},"end":{"line":5,"column":26}},"loc":{"start":{"line":5,"column":26},"end":{"line":37,"column":null}},"line":5},"1":{"name":"(anonymous_1)","decl":{"start":{"line":9,"column":25},"end":{"line":9,"column":31}},"loc":{"start":{"line":9,"column":31},"end":{"line":20,"column":null}},"line":9},"2":{"name":"(anonymous_2)","decl":{"start":{"line":17,"column":19},"end":{"line":17,"column":25}},"loc":{"start":{"line":17,"column":25},"end":{"line":19,"column":11}},"line":17}},"branchMap":{"0":{"loc":{"start":{"line":11,"column":8},"end":{"line":11,"column":null}},"type":"if","locations":[{"start":{"line":11,"column":8},"end":{"line":11,"column":null}},{"start":{},"end":{}}],"line":11},"1":{"loc":{"start":{"line":27,"column":24},"end":{"line":27,"column":null}},"type":"cond-expr","locations":[{"start":{"line":27,"column":37},"end":{"line":27,"column":62}},{"start":{"line":27,"column":62},"end":{"line":27,"column":null}}],"line":27},"2":{"loc":{"start":{"line":30,"column":13},"end":{"line":33,"column":null}},"type":"cond-expr","locations":[{"start":{"line":31,"column":16},"end":{"line":31,"column":null}},{"start":{"line":33,"column":16},"end":{"line":33,"column":null}}],"line":30}},"s":{"0":2,"1":8,"2":8,"3":8,"4":1,"5":0,"6":1,"7":1,"8":1,"9":0,"10":8},"f":{"0":8,"1":1,"2":0},"b":{"0":[0,1],"1":[1,7],"2":[1,7]},"meta":{"lastBranch":3,"lastFunction":3,"lastStatement":11,"seen":{"s:5:20:37:Infinity":0,"f:5:20:5:26":0,"s:6:36:6:Infinity":1,"s:7:46:7:Infinity":2,"s:9:25:20:Infinity":3,"f:9:25:9:31":1,"b:11:8:11:Infinity:undefined:undefined:undefined:undefined":0,"s:11:8:11:Infinity":4,"s:11:29:11:Infinity":5,"s:13:8:13:Infinity":6,"s:14:8:14:Infinity":7,"s:17:8:19:Infinity":8,"f:17:19:17:25":2,"s:18:12:18:Infinity":9,"s:22:4:35:Infinity":10,"b:27:37:27:62:27:62:27:Infinity":1,"b:31:16:31:Infinity:33:16:33:Infinity":2}}}
,"D:\\Users\\JuanAntonio\\Desktop\\blood4life\\frontend\\src\\components\\features\\auth\\LoginForm\\LoginForm.tsx": {"path":"D:\\Users\\JuanAntonio\\Desktop\\blood4life\\frontend\\src\\components\\features\\auth\\LoginForm\\LoginForm.tsx","statementMap":{"0":{"start":{"line":16,"column":12},"end":{"line":16,"column":null}},"1":{"start":{"line":17,"column":8},"end":{"line":17,"column":null}},"2":{"start":{"line":18,"column":16},"end":{"line":18,"column":null}},"3":{"start":{"line":20,"column":30},"end":{"line":24,"column":null}},"4":{"start":{"line":26,"column":38},"end":{"line":26,"column":null}},"5":{"start":{"line":27,"column":24},"end":{"line":27,"column":null}},"6":{"start":{"line":28,"column":32},"end":{"line":28,"column":null}},"7":{"start":{"line":31,"column":29},"end":{"line":36,"column":null}},"8":{"start":{"line":38,"column":28},"end":{"line":54,"column":null}},"9":{"start":{"line":39,"column":28},"end":{"line":39,"column":null}},"10":{"start":{"line":41,"column":4},"end":{"line":53,"column":null}},"11":{"start":{"line":42,"column":12},"end":{"line":42,"column":null}},"12":{"start":{"line":43,"column":6},"end":{"line":47,"column":null}},"13":{"start":{"line":43,"column":27},"end":{"line":47,"column":8}},"14":{"start":{"line":49,"column":6},"end":{"line":52,"column":null}},"15":{"start":{"line":49,"column":27},"end":{"line":52,"column":8}},"16":{"start":{"line":56,"column":31},"end":{"line":61,"column":null}},"17":{"start":{"line":57,"column":4},"end":{"line":60,"column":null}},"18":{"start":{"line":57,"column":25},"end":{"line":60,"column":6}},"19":{"start":{"line":63,"column":23},"end":{"line":84,"column":null}},"20":{"start":{"line":64,"column":4},"end":{"line":64,"column":null}},"21":{"start":{"line":65,"column":4},"end":{"line":65,"column":null}},"22":{"start":{"line":66,"column":4},"end":{"line":66,"column":null}},"23":{"start":{"line":68,"column":4},"end":{"line":83,"column":null}},"24":{"start":{"line":69,"column":6},"end":{"line":69,"column":null}},"25":{"start":{"line":70,"column":6},"end":{"line":70,"column":null}},"26":{"start":{"line":71,"column":6},"end":{"line":71,"column":null}},"27":{"start":{"line":72,"column":6},"end":{"line":72,"column":null}},"28":{"start":{"line":74,"column":27},"end":{"line":74,"column":null}},"29":{"start":{"line":75,"column":6},"end":{"line":75,"column":null}},"30":{"start":{"line":76,"column":6},"end":{"line":76,"column":null}},"31":{"start":{"line":77,"column":6},"end":{"line":80,"column":null}},"32":{"start":{"line":82,"column":6},"end":{"line":82,"column":null}},"33":{"start":{"line":86,"column":2},"end":{"line":193,"column":null}},"34":{"start":{"line":118,"column":32},"end":{"line":118,"column":null}},"35":{"start":{"line":131,"column":32},"end":{"line":131,"column":null}},"36":{"start":{"line":167,"column":34},"end":{"line":167,"column":null}}},"fnMap":{"0":{"name":"LoginForm","decl":{"start":{"line":15,"column":9},"end":{"line":15,"column":21}},"loc":{"start":{"line":15,"column":21},"end":{"line":195,"column":null}},"line":15},"1":{"name":"(anonymous_1)","decl":{"start":{"line":38,"column":28},"end":{"line":38,"column":29}},"loc":{"start":{"line":38,"column":72},"end":{"line":54,"column":null}},"line":38},"2":{"name":"(anonymous_2)","decl":{"start":{"line":43,"column":18},"end":{"line":43,"column":27}},"loc":{"start":{"line":43,"column":27},"end":{"line":47,"column":8}},"line":43},"3":{"name":"(anonymous_3)","decl":{"start":{"line":49,"column":18},"end":{"line":49,"column":27}},"loc":{"start":{"line":49,"column":27},"end":{"line":52,"column":8}},"line":49},"4":{"name":"(anonymous_4)","decl":{"start":{"line":56,"column":31},"end":{"line":56,"column":32}},"loc":{"start":{"line":56,"column":55},"end":{"line":61,"column":null}},"line":56},"5":{"name":"(anonymous_5)","decl":{"start":{"line":57,"column":16},"end":{"line":57,"column":25}},"loc":{"start":{"line":57,"column":25},"end":{"line":60,"column":6}},"line":57},"6":{"name":"(anonymous_6)","decl":{"start":{"line":63,"column":23},"end":{"line":63,"column":30}},"loc":{"start":{"line":63,"column":53},"end":{"line":84,"column":null}},"line":63},"7":{"name":"(anonymous_7)","decl":{"start":{"line":118,"column":26},"end":{"line":118,"column":32}},"loc":{"start":{"line":118,"column":32},"end":{"line":118,"column":null}},"line":118},"8":{"name":"(anonymous_8)","decl":{"start":{"line":131,"column":26},"end":{"line":131,"column":32}},"loc":{"start":{"line":131,"column":32},"end":{"line":131,"column":null}},"line":131},"9":{"name":"(anonymous_9)","decl":{"start":{"line":167,"column":28},"end":{"line":167,"column":34}},"loc":{"start":{"line":167,"column":34},"end":{"line":167,"column":null}},"line":167}},"branchMap":{"0":{"loc":{"start":{"line":41,"column":4},"end":{"line":53,"column":null}},"type":"if","locations":[{"start":{"line":41,"column":4},"end":{"line":53,"column":null}},{"start":{"line":48,"column":11},"end":{"line":53,"column":null}}],"line":41},"1":{"loc":{"start":{"line":97,"column":9},"end":{"line":105,"column":null}},"type":"binary-expr","locations":[{"start":{"line":97,"column":9},"end":{"line":97,"column":null}},{"start":{"line":98,"column":10},"end":{"line":105,"column":null}}],"line":97},"2":{"loc":{"start":{"line":177,"column":13},"end":{"line":177,"column":null}},"type":"cond-expr","locations":[{"start":{"line":177,"column":25},"end":{"line":177,"column":51}},{"start":{"line":177,"column":51},"end":{"line":177,"column":null}}],"line":177}},"s":{"0":16,"1":16,"2":16,"3":16,"4":16,"5":16,"6":16,"7":16,"8":16,"9":6,"10":6,"11":3,"12":3,"13":3,"14":3,"15":3,"16":16,"17":0,"18":0,"19":16,"20":2,"21":2,"22":2,"23":2,"24":2,"25":1,"26":1,"27":1,"28":1,"29":1,"30":1,"31":1,"32":2,"33":16,"34":0,"35":0,"36":0},"f":{"0":16,"1":6,"2":3,"3":3,"4":0,"5":0,"6":2,"7":0,"8":0,"9":0},"b":{"0":[3,3],"1":[16,1],"2":[2,14]},"meta":{"lastBranch":3,"lastFunction":10,"lastStatement":37,"seen":{"f:15:9:15:21":0,"s:16:12:16:Infinity":0,"s:17:8:17:Infinity":1,"s:18:16:18:Infinity":2,"s:20:30:24:Infinity":3,"s:26:38:26:Infinity":4,"s:27:24:27:Infinity":5,"s:28:32:28:Infinity":6,"s:31:29:36:Infinity":7,"s:38:28:54:Infinity":8,"f:38:28:38:29":1,"s:39:28:39:Infinity":9,"b:41:4:53:Infinity:48:11:53:Infinity":0,"s:41:4:53:Infinity":10,"s:42:12:42:Infinity":11,"s:43:6:47:Infinity":12,"f:43:18:43:27":2,"s:43:27:47:8":13,"s:49:6:52:Infinity":14,"f:49:18:49:27":3,"s:49:27:52:8":15,"s:56:31:61:Infinity":16,"f:56:31:56:32":4,"s:57:4:60:Infinity":17,"f:57:16:57:25":5,"s:57:25:60:6":18,"s:63:23:84:Infinity":19,"f:63:23:63:30":6,"s:64:4:64:Infinity":20,"s:65:4:65:Infinity":21,"s:66:4:66:Infinity":22,"s:68:4:83:Infinity":23,"s:69:6:69:Infinity":24,"s:70:6:70:Infinity":25,"s:71:6:71:Infinity":26,"s:72:6:72:Infinity":27,"s:74:27:74:Infinity":28,"s:75:6:75:Infinity":29,"s:76:6:76:Infinity":30,"s:77:6:80:Infinity":31,"s:82:6:82:Infinity":32,"s:86:2:193:Infinity":33,"b:97:9:97:Infinity:98:10:105:Infinity":1,"f:118:26:118:32":7,"s:118:32:118:Infinity":34,"f:131:26:131:32":8,"s:131:32:131:Infinity":35,"f:167:28:167:34":9,"s:167:34:167:Infinity":36,"b:177:25:177:51:177:51:177:Infinity":2}}}
,"D:\\Users\\JuanAntonio\\Desktop\\blood4life\\frontend\\src\\components\\features\\donor\\UpcomingAppointments.tsx": {"path":"D:\\Users\\JuanAntonio\\Desktop\\blood4life\\frontend\\src\\components\\features\\donor\\UpcomingAppointments.tsx","statementMap":{"0":{"start":{"line":7,"column":36},"end":{"line":41,"column":null}},"1":{"start":{"line":8,"column":2},"end":{"line":39,"column":null}},"2":{"start":{"line":22,"column":14},"end":{"line":34,"column":null}}},"fnMap":{"0":{"name":"(anonymous_0)","decl":{"start":{"line":7,"column":36},"end":{"line":7,"column":37}},"loc":{"start":{"line":7,"column":85},"end":{"line":41,"column":null}},"line":7},"1":{"name":"(anonymous_1)","decl":{"start":{"line":21,"column":29},"end":{"line":21,"column":null}},"loc":{"start":{"line":22,"column":14},"end":{"line":34,"column":null}},"line":22}},"branchMap":{"0":{"loc":{"start":{"line":16,"column":11},"end":{"line":35,"column":null}},"type":"cond-expr","locations":[{"start":{"line":17,"column":12},"end":{"line":19,"column":null}},{"start":{"line":21,"column":12},"end":{"line":35,"column":null}}],"line":16},"1":{"loc":{"start":{"line":32,"column":19},"end":{"line":32,"column":null}},"type":"binary-expr","locations":[{"start":{"line":32,"column":19},"end":{"line":32,"column":42}},{"start":{"line":32,"column":42},"end":{"line":32,"column":null}}],"line":32}},"s":{"0":1,"1":2,"2":2},"f":{"0":2,"1":2},"b":{"0":[1,1],"1":[2,0]},"meta":{"lastBranch":2,"lastFunction":2,"lastStatement":3,"seen":{"s:7:36:41:Infinity":0,"f:7:36:7:37":0,"s:8:2:39:Infinity":1,"b:17:12:19:Infinity:21:12:35:Infinity":0,"f:21:29:21:Infinity":1,"s:22:14:34:Infinity":2,"b:32:19:32:42:32:42:32:Infinity":1}}}
,"D:\\Users\\JuanAntonio\\Desktop\\blood4life\\frontend\\src\\components\\features\\donor\\CampaignList\\CampaignList.tsx": {"path":"D:\\Users\\JuanAntonio\\Desktop\\blood4life\\frontend\\src\\components\\features\\donor\\CampaignList\\CampaignList.tsx","statementMap":{"0":{"start":{"line":4,"column":21},"end":{"line":39,"column":null}},"1":{"start":{"line":5,"column":34},"end":{"line":5,"column":null}},"2":{"start":{"line":6,"column":34},"end":{"line":6,"column":null}},"3":{"start":{"line":7,"column":26},"end":{"line":7,"column":null}},"4":{"start":{"line":9,"column":4},"end":{"line":24,"column":null}},"5":{"start":{"line":10,"column":31},"end":{"line":21,"column":null}},"6":{"start":{"line":11,"column":12},"end":{"line":20,"column":null}},"7":{"start":{"line":12,"column":16},"end":{"line":12,"column":null}},"8":{"start":{"line":13,"column":29},"end":{"line":13,"column":null}},"9":{"start":{"line":14,"column":16},"end":{"line":14,"column":null}},"10":{"start":{"line":15,"column":16},"end":{"line":15,"column":null}},"11":{"start":{"line":17,"column":16},"end":{"line":17,"column":null}},"12":{"start":{"line":19,"column":16},"end":{"line":19,"column":null}},"13":{"start":{"line":23,"column":8},"end":{"line":23,"column":null}},"14":{"start":{"line":26,"column":4},"end":{"line":26,"column":null}},"15":{"start":{"line":26,"column":19},"end":{"line":26,"column":null}},"16":{"start":{"line":27,"column":4},"end":{"line":27,"column":null}},"17":{"start":{"line":27,"column":15},"end":{"line":27,"column":null}},"18":{"start":{"line":29,"column":4},"end":{"line":37,"column":null}},"19":{"start":{"line":32,"column":16},"end":{"line":35,"column":null}}},"fnMap":{"0":{"name":"(anonymous_0)","decl":{"start":{"line":4,"column":21},"end":{"line":4,"column":27}},"loc":{"start":{"line":4,"column":27},"end":{"line":39,"column":null}},"line":4},"1":{"name":"(anonymous_1)","decl":{"start":{"line":9,"column":14},"end":{"line":9,"column":20}},"loc":{"start":{"line":9,"column":20},"end":{"line":24,"column":7}},"line":9},"2":{"name":"(anonymous_2)","decl":{"start":{"line":10,"column":31},"end":{"line":10,"column":43}},"loc":{"start":{"line":10,"column":43},"end":{"line":21,"column":null}},"line":10},"3":{"name":"(anonymous_3)","decl":{"start":{"line":31,"column":27},"end":{"line":31,"column":28}},"loc":{"start":{"line":32,"column":16},"end":{"line":35,"column":null}},"line":32}},"branchMap":{"0":{"loc":{"start":{"line":26,"column":4},"end":{"line":26,"column":null}},"type":"if","locations":[{"start":{"line":26,"column":4},"end":{"line":26,"column":null}},{"start":{},"end":{}}],"line":26},"1":{"loc":{"start":{"line":27,"column":4},"end":{"line":27,"column":null}},"type":"if","locations":[{"start":{"line":27,"column":4},"end":{"line":27,"column":null}},{"start":{},"end":{}}],"line":27}},"s":{"0":1,"1":5,"2":5,"3":5,"4":5,"5":3,"6":3,"7":3,"8":3,"9":1,"10":1,"11":1,"12":2,"13":3,"14":5,"15":3,"16":2,"17":2,"18":1,"19":2},"f":{"0":5,"1":3,"2":3,"3":2},"b":{"0":[3,2],"1":[1,1]},"meta":{"lastBranch":2,"lastFunction":4,"lastStatement":20,"seen":{"s:4:21:39:Infinity":0,"f:4:21:4:27":0,"s:5:34:5:Infinity":1,"s:6:34:6:Infinity":2,"s:7:26:7:Infinity":3,"s:9:4:24:Infinity":4,"f:9:14:9:20":1,"s:10:31:21:Infinity":5,"f:10:31:10:43":2,"s:11:12:20:Infinity":6,"s:12:16:12:Infinity":7,"s:13:29:13:Infinity":8,"s:14:16:14:Infinity":9,"s:15:16:15:Infinity":10,"s:17:16:17:Infinity":11,"s:19:16:19:Infinity":12,"s:23:8:23:Infinity":13,"b:26:4:26:Infinity:undefined:undefined:undefined:undefined":0,"s:26:4:26:Infinity":14,"s:26:19:26:Infinity":15,"b:27:4:27:Infinity:undefined:undefined:undefined:undefined":1,"s:27:4:27:Infinity":16,"s:27:15:27:Infinity":17,"s:29:4:37:Infinity":18,"f:31:27:31:28":3,"s:32:16:35:Infinity":19}}}
,"D:\\Users\\JuanAntonio\\Desktop\\blood4life\\frontend\\src\\components\\features\\profile\\ProfileDropdown.tsx": {"path":"D:\\Users\\JuanAntonio\\Desktop\\blood4life\\frontend\\src\\components\\features\\profile\\ProfileDropdown.tsx","statementMap":{"0":{"start":{"line":20,"column":63},"end":{"line":93,"column":null}},"1":{"start":{"line":27,"column":14},"end":{"line":27,"column":null}},"2":{"start":{"line":28,"column":24},"end":{"line":28,"column":null}},"3":{"start":{"line":30,"column":4},"end":{"line":91,"column":null}}},"fnMap":{"0":{"name":"(anonymous_0)","decl":{"start":{"line":20,"column":63},"end":{"line":20,"column":64}},"loc":{"start":{"line":26,"column":6},"end":{"line":93,"column":null}},"line":26}},"branchMap":{"0":{"loc":{"start":{"line":35,"column":21},"end":{"line":35,"column":null}},"type":"cond-expr","locations":[{"start":{"line":35,"column":44},"end":{"line":35,"column":68}},{"start":{"line":35,"column":68},"end":{"line":35,"column":null}}],"line":35},"1":{"loc":{"start":{"line":35,"column":68},"end":{"line":35,"column":null}},"type":"cond-expr","locations":[{"start":{"line":35,"column":94},"end":{"line":35,"column":121}},{"start":{"line":35,"column":121},"end":{"line":35,"column":null}}],"line":35},"2":{"loc":{"start":{"line":38,"column":21},"end":{"line":42,"column":null}},"type":"cond-expr","locations":[{"start":{"line":39,"column":26},"end":{"line":39,"column":null}},{"start":{"line":40,"column":26},"end":{"line":42,"column":null}}],"line":38},"3":{"loc":{"start":{"line":40,"column":26},"end":{"line":42,"column":null}},"type":"cond-expr","locations":[{"start":{"line":41,"column":30},"end":{"line":41,"column":null}},{"start":{"line":42,"column":30},"end":{"line":42,"column":null}}],"line":40},"4":{"loc":{"start":{"line":44,"column":17},"end":{"line":47,"column":null}},"type":"binary-expr","locations":[{"start":{"line":44,"column":17},"end":{"line":44,"column":null}},{"start":{"line":45,"column":20},"end":{"line":47,"column":null}}],"line":44},"5":{"loc":{"start":{"line":53,"column":17},"end":{"line":79,"column":null}},"type":"cond-expr","locations":[{"start":{"line":54,"column":20},"end":{"line":61,"column":null}},{"start":{"line":63,"column":20},"end":{"line":79,"column":null}}],"line":53},"6":{"loc":{"start":{"line":64,"column":25},"end":{"line":70,"column":null}},"type":"binary-expr","locations":[{"start":{"line":64,"column":25},"end":{"line":64,"column":null}},{"start":{"line":65,"column":28},"end":{"line":70,"column":null}}],"line":64}},"s":{"0":1,"1":0,"2":0,"3":0},"f":{"0":0},"b":{"0":[0,0],"1":[0,0],"2":[0,0],"3":[0,0],"4":[0,0],"5":[0,0],"6":[0,0]},"meta":{"lastBranch":7,"lastFunction":1,"lastStatement":4,"seen":{"s:20:63:93:Infinity":0,"f:20:63:20:64":0,"s:27:14:27:Infinity":1,"s:28:24:28:Infinity":2,"s:30:4:91:Infinity":3,"b:35:44:35:68:35:68:35:Infinity":0,"b:35:94:35:121:35:121:35:Infinity":1,"b:39:26:39:Infinity:40:26:42:Infinity":2,"b:41:30:41:Infinity:42:30:42:Infinity":3,"b:44:17:44:Infinity:45:20:47:Infinity":4,"b:54:20:61:Infinity:63:20:79:Infinity":5,"b:64:25:64:Infinity:65:28:70:Infinity":6}}}
,"D:\\Users\\JuanAntonio\\Desktop\\blood4life\\frontend\\src\\components\\features\\profile\\EditProfileModal\\AdminFields.tsx": {"path":"D:\\Users\\JuanAntonio\\Desktop\\blood4life\\frontend\\src\\components\\features\\profile\\EditProfileModal\\AdminFields.tsx","statementMap":{"0":{"start":{"line":10,"column":27},"end":{"line":42,"column":null}},"1":{"start":{"line":11,"column":14},"end":{"line":11,"column":null}},"2":{"start":{"line":13,"column":4},"end":{"line":40,"column":null}}},"fnMap":{"0":{"name":"(anonymous_0)","decl":{"start":{"line":10,"column":27},"end":{"line":10,"column":28}},"loc":{"start":{"line":10,"column":86},"end":{"line":42,"column":null}},"line":10}},"branchMap":{"0":{"loc":{"start":{"line":28,"column":27},"end":{"line":28,"column":null}},"type":"binary-expr","locations":[{"start":{"line":28,"column":27},"end":{"line":28,"column":45}},{"start":{"line":28,"column":45},"end":{"line":28,"column":null}}],"line":28},"1":{"loc":{"start":{"line":30,"column":163},"end":{"line":30,"column":null}},"type":"cond-expr","locations":[{"start":{"line":30,"column":178},"end":{"line":30,"column":197}},{"start":{"line":30,"column":197},"end":{"line":30,"column":null}}],"line":30},"2":{"loc":{"start":{"line":34,"column":17},"end":{"line":34,"column":null}},"type":"binary-expr","locations":[{"start":{"line":34,"column":17},"end":{"line":34,"column":33}},{"start":{"line":34,"column":33},"end":{"line":34,"column":null}}],"line":34}},"s":{"0":1,"1":0,"2":0},"f":{"0":0},"b":{"0":[0,0],"1":[0,0],"2":[0,0]},"meta":{"lastBranch":3,"lastFunction":1,"lastStatement":3,"seen":{"s:10:27:42:Infinity":0,"f:10:27:10:28":0,"s:11:14:11:Infinity":1,"s:13:4:40:Infinity":2,"b:28:27:28:45:28:45:28:Infinity":0,"b:30:178:30:197:30:197:30:Infinity":1,"b:34:17:34:33:34:33:34:Infinity":2}}}
,"D:\\Users\\JuanAntonio\\Desktop\\blood4life\\frontend\\src\\components\\features\\profile\\EditProfileModal\\DangerZone.tsx": {"path":"D:\\Users\\JuanAntonio\\Desktop\\blood4life\\frontend\\src\\components\\features\\profile\\EditProfileModal\\DangerZone.tsx","statementMap":{"0":{"start":{"line":11,"column":53},"end":{"line":29,"column":null}},"1":{"start":{"line":12,"column":4},"end":{"line":27,"column":null}}},"fnMap":{"0":{"name":"(anonymous_0)","decl":{"start":{"line":11,"column":53},"end":{"line":11,"column":54}},"loc":{"start":{"line":11,"column":76},"end":{"line":29,"column":null}},"line":11}},"branchMap":{},"s":{"0":1,"1":0},"f":{"0":0},"b":{},"meta":{"lastBranch":0,"lastFunction":1,"lastStatement":2,"seen":{"s:11:53:29:Infinity":0,"f:11:53:11:54":0,"s:12:4:27:Infinity":1}}}
,"D:\\Users\\JuanAntonio\\Desktop\\blood4life\\frontend\\src\\components\\features\\profile\\EditProfileModal\\DeleteAccountModal.tsx": {"path":"D:\\Users\\JuanAntonio\\Desktop\\blood4life\\frontend\\src\\components\\features\\profile\\EditProfileModal\\DeleteAccountModal.tsx","statementMap":{"0":{"start":{"line":15,"column":69},"end":{"line":63,"column":null}},"1":{"start":{"line":23,"column":4},"end":{"line":23,"column":null}},"2":{"start":{"line":23,"column":17},"end":{"line":23,"column":null}},"3":{"start":{"line":25,"column":4},"end":{"line":61,"column":null}},"4":{"start":{"line":40,"column":37},"end":{"line":40,"column":null}}},"fnMap":{"0":{"name":"(anonymous_0)","decl":{"start":{"line":15,"column":69},"end":{"line":15,"column":70}},"loc":{"start":{"line":22,"column":6},"end":{"line":63,"column":null}},"line":22},"1":{"name":"(anonymous_1)","decl":{"start":{"line":40,"column":30},"end":{"line":40,"column":31}},"loc":{"start":{"line":40,"column":37},"end":{"line":40,"column":null}},"line":40}},"branchMap":{"0":{"loc":{"start":{"line":23,"column":4},"end":{"line":23,"column":null}},"type":"if","locations":[{"start":{"line":23,"column":4},"end":{"line":23,"column":null}},{"start":{},"end":{}}],"line":23},"1":{"loc":{"start":{"line":54,"column":34},"end":{"line":54,"column":null}},"type":"binary-expr","locations":[{"start":{"line":54,"column":34},"end":{"line":54,"column":45}},{"start":{"line":54,"column":45},"end":{"line":54,"column":null}}],"line":54},"2":{"loc":{"start":{"line":57,"column":25},"end":{"line":57,"column":null}},"type":"cond-expr","locations":[{"start":{"line":57,"column":35},"end":{"line":57,"column":53}},{"start":{"line":57,"column":53},"end":{"line":57,"column":null}}],"line":57}},"s":{"0":1,"1":0,"2":0,"3":0,"4":0},"f":{"0":0,"1":0},"b":{"0":[0,0],"1":[0,0],"2":[0,0]},"meta":{"lastBranch":3,"lastFunction":2,"lastStatement":5,"seen":{"s:15:69:63:Infinity":0,"f:15:69:15:70":0,"b:23:4:23:Infinity:undefined:undefined:undefined:undefined":0,"s:23:4:23:Infinity":1,"s:23:17:23:Infinity":2,"s:25:4:61:Infinity":3,"f:40:30:40:31":1,"s:40:37:40:Infinity":4,"b:54:34:54:45:54:45:54:Infinity":1,"b:57:35:57:53:57:53:57:Infinity":2}}}
,"D:\\Users\\JuanAntonio\\Desktop\\blood4life\\frontend\\src\\components\\features\\profile\\EditProfileModal\\DonorFields.tsx": {"path":"D:\\Users\\JuanAntonio\\Desktop\\blood4life\\frontend\\src\\components\\features\\profile\\EditProfileModal\\DonorFields.tsx","statementMap":{"0":{"start":{"line":11,"column":55},"end":{"line":134,"column":null}},"1":{"start":{"line":12,"column":4},"end":{"line":132,"column":null}}},"fnMap":{"0":{"name":"(anonymous_0)","decl":{"start":{"line":11,"column":55},"end":{"line":11,"column":56}},"loc":{"start":{"line":11,"column":96},"end":{"line":134,"column":null}},"line":11}},"branchMap":{"0":{"loc":{"start":{"line":20,"column":27},"end":{"line":20,"column":null}},"type":"binary-expr","locations":[{"start":{"line":20,"column":27},"end":{"line":20,"column":43}},{"start":{"line":20,"column":43},"end":{"line":20,"column":null}}],"line":20},"1":{"loc":{"start":{"line":22,"column":180},"end":{"line":22,"column":null}},"type":"cond-expr","locations":[{"start":{"line":22,"column":193},"end":{"line":22,"column":212}},{"start":{"line":22,"column":212},"end":{"line":22,"column":null}}],"line":22},"2":{"loc":{"start":{"line":26,"column":17},"end":{"line":29,"column":null}},"type":"cond-expr","locations":[{"start":{"line":27,"column":20},"end":{"line":27,"column":null}},{"start":{"line":29,"column":20},"end":{"line":29,"column":null}}],"line":26},"3":{"loc":{"start":{"line":39,"column":27},"end":{"line":39,"column":null}},"type":"binary-expr","locations":[{"start":{"line":39,"column":27},"end":{"line":39,"column":49}},{"start":{"line":39,"column":49},"end":{"line":39,"column":null}}],"line":39},"4":{"loc":{"start":{"line":41,"column":180},"end":{"line":41,"column":null}},"type":"cond-expr","locations":[{"start":{"line":41,"column":199},"end":{"line":41,"column":218}},{"start":{"line":41,"column":218},"end":{"line":41,"column":null}}],"line":41},"5":{"loc":{"start":{"line":45,"column":17},"end":{"line":45,"column":null}},"type":"binary-expr","locations":[{"start":{"line":45,"column":17},"end":{"line":45,"column":37}},{"start":{"line":45,"column":37},"end":{"line":45,"column":null}}],"line":45},"6":{"loc":{"start":{"line":54,"column":27},"end":{"line":54,"column":null}},"type":"binary-expr","locations":[{"start":{"line":54,"column":27},"end":{"line":54,"column":48}},{"start":{"line":54,"column":48},"end":{"line":54,"column":null}}],"line":54},"7":{"loc":{"start":{"line":56,"column":180},"end":{"line":56,"column":null}},"type":"cond-expr","locations":[{"start":{"line":56,"column":198},"end":{"line":56,"column":217}},{"start":{"line":56,"column":217},"end":{"line":56,"column":null}}],"line":56},"8":{"loc":{"start":{"line":60,"column":17},"end":{"line":60,"column":null}},"type":"binary-expr","locations":[{"start":{"line":60,"column":17},"end":{"line":60,"column":36}},{"start":{"line":60,"column":36},"end":{"line":60,"column":null}}],"line":60},"9":{"loc":{"start":{"line":69,"column":27},"end":{"line":69,"column":null}},"type":"binary-expr","locations":[{"start":{"line":69,"column":27},"end":{"line":69,"column":45}},{"start":{"line":69,"column":45},"end":{"line":69,"column":null}}],"line":69},"10":{"loc":{"start":{"line":83,"column":27},"end":{"line":83,"column":null}},"type":"binary-expr","locations":[{"start":{"line":83,"column":27},"end":{"line":83,"column":51}},{"start":{"line":83,"column":51},"end":{"line":83,"column":null}}],"line":83},"11":{"loc":{"start":{"line":85,"column":180},"end":{"line":85,"column":null}},"type":"cond-expr","locations":[{"start":{"line":85,"column":201},"end":{"line":85,"column":220}},{"start":{"line":85,"column":220},"end":{"line":85,"column":null}}],"line":85},"12":{"loc":{"start":{"line":88,"column":17},"end":{"line":91,"column":null}},"type":"cond-expr","locations":[{"start":{"line":89,"column":20},"end":{"line":89,"column":null}},{"start":{"line":91,"column":20},"end":{"line":91,"column":null}}],"line":88},"13":{"loc":{"start":{"line":100,"column":27},"end":{"line":100,"column":null}},"type":"binary-expr","locations":[{"start":{"line":100,"column":27},"end":{"line":100,"column":46}},{"start":{"line":100,"column":46},"end":{"line":100,"column":null}}],"line":100},"14":{"loc":{"start":{"line":116,"column":27},"end":{"line":116,"column":null}},"type":"binary-expr","locations":[{"start":{"line":116,"column":27},"end":{"line":116,"column":51}},{"start":{"line":116,"column":51},"end":{"line":116,"column":null}}],"line":116}},"s":{"0":1,"1":0},"f":{"0":0},"b":{"0":[0,0],"1":[0,0],"2":[0,0],"3":[0,0],"4":[0,0],"5":[0,0],"6":[0,0],"7":[0,0],"8":[0,0],"9":[0,0],"10":[0,0],"11":[0,0],"12":[0,0],"13":[0,0],"14":[0,0]},"meta":{"lastBranch":15,"lastFunction":1,"lastStatement":2,"seen":{"s:11:55:134:Infinity":0,"f:11:55:11:56":0,"s:12:4:132:Infinity":1,"b:20:27:20:43:20:43:20:Infinity":0,"b:22:193:22:212:22:212:22:Infinity":1,"b:27:20:27:Infinity:29:20:29:Infinity":2,"b:39:27:39:49:39:49:39:Infinity":3,"b:41:199:41:218:41:218:41:Infinity":4,"b:45:17:45:37:45:37:45:Infinity":5,"b:54:27:54:48:54:48:54:Infinity":6,"b:56:198:56:217:56:217:56:Infinity":7,"b:60:17:60:36:60:36:60:Infinity":8,"b:69:27:69:45:69:45:69:Infinity":9,"b:83:27:83:51:83:51:83:Infinity":10,"b:85:201:85:220:85:220:85:Infinity":11,"b:89:20:89:Infinity:91:20:91:Infinity":12,"b:100:27:100:46:100:46:100:Infinity":13,"b:116:27:116:51:116:51:116:Infinity":14}}}
,"D:\\Users\\JuanAntonio\\Desktop\\blood4life\\frontend\\src\\components\\features\\profile\\EditProfileModal\\EditProfileModal.tsx": {"path":"D:\\Users\\JuanAntonio\\Desktop\\blood4life\\frontend\\src\\components\\features\\profile\\EditProfileModal\\EditProfileModal.tsx","statementMap":{"0":{"start":{"line":18,"column":25},"end":{"line":208,"column":null}},"1":{"start":{"line":31,"column":4},"end":{"line":31,"column":null}},"2":{"start":{"line":33,"column":14},"end":{"line":33,"column":null}},"3":{"start":{"line":36,"column":10},"end":{"line":36,"column":null}},"4":{"start":{"line":39,"column":4},"end":{"line":55,"column":null}},"5":{"start":{"line":40,"column":8},"end":{"line":54,"column":null}},"6":{"start":{"line":41,"column":28},"end":{"line":41,"column":null}},"7":{"start":{"line":42,"column":12},"end":{"line":42,"column":null}},"8":{"start":{"line":43,"column":12},"end":{"line":43,"column":null}},"9":{"start":{"line":44,"column":12},"end":{"line":44,"column":null}},"10":{"start":{"line":45,"column":12},"end":{"line":45,"column":null}},"11":{"start":{"line":47,"column":12},"end":{"line":53,"column":null}},"12":{"start":{"line":48,"column":16},"end":{"line":48,"column":null}},"13":{"start":{"line":49,"column":16},"end":{"line":49,"column":null}},"14":{"start":{"line":50,"column":16},"end":{"line":50,"column":null}},"15":{"start":{"line":51,"column":16},"end":{"line":51,"column":null}},"16":{"start":{"line":52,"column":16},"end":{"line":52,"column":null}},"17":{"start":{"line":58,"column":4},"end":{"line":62,"column":null}},"18":{"start":{"line":59,"column":8},"end":{"line":61,"column":null}},"19":{"start":{"line":60,"column":12},"end":{"line":60,"column":null}},"20":{"start":{"line":64,"column":32},"end":{"line":69,"column":null}},"21":{"start":{"line":65,"column":8},"end":{"line":68,"column":null}},"22":{"start":{"line":66,"column":18},"end":{"line":66,"column":null}},"23":{"start":{"line":67,"column":30},"end":{"line":67,"column":null}},"24":{"start":{"line":71,"column":4},"end":{"line":71,"column":null}},"25":{"start":{"line":71,"column":17},"end":{"line":71,"column":null}},"26":{"start":{"line":74,"column":4},"end":{"line":76,"column":null}},"27":{"start":{"line":75,"column":8},"end":{"line":75,"column":null}},"28":{"start":{"line":79,"column":24},"end":{"line":83,"column":null}},"29":{"start":{"line":85,"column":4},"end":{"line":206,"column":null}},"30":{"start":{"line":146,"column":44},"end":{"line":146,"column":null}}},"fnMap":{"0":{"name":"(anonymous_0)","decl":{"start":{"line":18,"column":25},"end":{"line":18,"column":26}},"loc":{"start":{"line":18,"column":73},"end":{"line":208,"column":null}},"line":18},"1":{"name":"(anonymous_1)","decl":{"start":{"line":39,"column":14},"end":{"line":39,"column":20}},"loc":{"start":{"line":39,"column":20},"end":{"line":55,"column":7}},"line":39},"2":{"name":"(anonymous_2)","decl":{"start":{"line":47,"column":19},"end":{"line":47,"column":25}},"loc":{"start":{"line":47,"column":25},"end":{"line":53,"column":null}},"line":47},"3":{"name":"(anonymous_3)","decl":{"start":{"line":58,"column":14},"end":{"line":58,"column":20}},"loc":{"start":{"line":58,"column":20},"end":{"line":62,"column":7}},"line":58},"4":{"name":"(anonymous_4)","decl":{"start":{"line":64,"column":32},"end":{"line":64,"column":44}},"loc":{"start":{"line":64,"column":44},"end":{"line":69,"column":null}},"line":64},"5":{"name":"(anonymous_5)","decl":{"start":{"line":66,"column":12},"end":{"line":66,"column":18}},"loc":{"start":{"line":66,"column":18},"end":{"line":66,"column":null}},"line":66},"6":{"name":"(anonymous_6)","decl":{"start":{"line":67,"column":12},"end":{"line":67,"column":13}},"loc":{"start":{"line":67,"column":30},"end":{"line":67,"column":null}},"line":67},"7":{"name":"(anonymous_7)","decl":{"start":{"line":146,"column":38},"end":{"line":146,"column":44}},"loc":{"start":{"line":146,"column":44},"end":{"line":146,"column":null}},"line":146}},"branchMap":{"0":{"loc":{"start":{"line":40,"column":8},"end":{"line":54,"column":null}},"type":"if","locations":[{"start":{"line":40,"column":8},"end":{"line":54,"column":null}},{"start":{},"end":{}}],"line":40},"1":{"loc":{"start":{"line":59,"column":8},"end":{"line":61,"column":null}},"type":"if","locations":[{"start":{"line":59,"column":8},"end":{"line":61,"column":null}},{"start":{},"end":{}}],"line":59},"2":{"loc":{"start":{"line":71,"column":4},"end":{"line":71,"column":null}},"type":"if","locations":[{"start":{"line":71,"column":4},"end":{"line":71,"column":null}},{"start":{},"end":{}}],"line":71},"3":{"loc":{"start":{"line":74,"column":4},"end":{"line":76,"column":null}},"type":"if","locations":[{"start":{"line":74,"column":4},"end":{"line":76,"column":null}},{"start":{},"end":{}}],"line":74},"4":{"loc":{"start":{"line":74,"column":8},"end":{"line":74,"column":86}},"type":"binary-expr","locations":[{"start":{"line":74,"column":8},"end":{"line":74,"column":37}},{"start":{"line":74,"column":37},"end":{"line":74,"column":64}},{"start":{"line":74,"column":64},"end":{"line":74,"column":86}}],"line":74},"5":{"loc":{"start":{"line":79,"column":24},"end":{"line":83,"column":null}},"type":"cond-expr","locations":[{"start":{"line":80,"column":10},"end":{"line":80,"column":null}},{"start":{"line":81,"column":10},"end":{"line":83,"column":null}}],"line":79},"6":{"loc":{"start":{"line":80,"column":10},"end":{"line":80,"column":null}},"type":"binary-expr","locations":[{"start":{"line":80,"column":10},"end":{"line":80,"column":43}},{"start":{"line":80,"column":43},"end":{"line":80,"column":null}}],"line":80},"7":{"loc":{"start":{"line":81,"column":10},"end":{"line":83,"column":null}},"type":"cond-expr","locations":[{"start":{"line":82,"column":14},"end":{"line":82,"column":null}},{"start":{"line":83,"column":14},"end":{"line":83,"column":null}}],"line":81},"8":{"loc":{"start":{"line":82,"column":14},"end":{"line":82,"column":null}},"type":"binary-expr","locations":[{"start":{"line":82,"column":14},"end":{"line":82,"column":42}},{"start":{"line":82,"column":42},"end":{"line":82,"column":null}}],"line":82},"9":{"loc":{"start":{"line":112,"column":25},"end":{"line":117,"column":null}},"type":"binary-expr","locations":[{"start":{"line":112,"column":25},"end":{"line":112,"column":null}},{"start":{"line":113,"column":28},"end":{"line":117,"column":null}}],"line":112},"10":{"loc":{"start":{"line":121,"column":25},"end":{"line":138,"column":null}},"type":"cond-expr","locations":[{"start":{"line":122,"column":28},"end":{"line":126,"column":null}},{"start":{"line":127,"column":28},"end":{"line":138,"column":null}}],"line":121},"11":{"loc":{"start":{"line":127,"column":28},"end":{"line":138,"column":null}},"type":"cond-expr","locations":[{"start":{"line":128,"column":28},"end":{"line":132,"column":null}},{"start":{"line":134,"column":28},"end":{"line":138,"column":null}}],"line":127},"12":{"loc":{"start":{"line":164,"column":33},"end":{"line":164,"column":null}},"type":"cond-expr","locations":[{"start":{"line":164,"column":43},"end":{"line":164,"column":65}},{"start":{"line":164,"column":65},"end":{"line":164,"column":null}}],"line":164},"13":{"loc":{"start":{"line":169,"column":25},"end":{"line":170,"column":null}},"type":"binary-expr","locations":[{"start":{"line":169,"column":25},"end":{"line":169,"column":null}},{"start":{"line":170,"column":28},"end":{"line":170,"column":null}}],"line":169},"14":{"loc":{"start":{"line":177,"column":13},"end":{"line":194,"column":null}},"type":"binary-expr","locations":[{"start":{"line":177,"column":13},"end":{"line":177,"column":null}},{"start":{"line":178,"column":16},"end":{"line":194,"column":null}}],"line":177},"15":{"loc":{"start":{"line":179,"column":64},"end":{"line":179,"column":null}},"type":"cond-expr","locations":[{"start":{"line":179,"column":93},"end":{"line":179,"column":151}},{"start":{"line":179,"column":151},"end":{"line":179,"column":null}}],"line":179},"16":{"loc":{"start":{"line":182,"column":29},"end":{"line":189,"column":null}},"type":"cond-expr","locations":[{"start":{"line":183,"column":32},"end":{"line":185,"column":null}},{"start":{"line":187,"column":32},"end":{"line":189,"column":null}}],"line":182}},"s":{"0":1,"1":4,"2":4,"3":4,"4":4,"5":4,"6":0,"7":0,"8":0,"9":0,"10":0,"11":0,"12":0,"13":0,"14":0,"15":0,"16":0,"17":4,"18":4,"19":0,"20":4,"21":0,"22":0,"23":0,"24":4,"25":4,"26":0,"27":0,"28":0,"29":4,"30":0},"f":{"0":4,"1":4,"2":0,"3":4,"4":0,"5":0,"6":0,"7":0},"b":{"0":[0,4],"1":[0,4],"2":[4,0],"3":[0,0],"4":[0,0,0],"5":[0,0],"6":[0,0],"7":[0,0],"8":[0,0],"9":[4,0],"10":[0,0],"11":[0,0],"12":[0,0],"13":[4,0],"14":[4,0],"15":[0,0],"16":[0,0]},"meta":{"lastBranch":17,"lastFunction":8,"lastStatement":31,"seen":{"s:18:25:208:Infinity":0,"f:18:25:18:26":0,"s:31:4:31:Infinity":1,"s:33:14:33:Infinity":2,"s:36:10:36:Infinity":3,"s:39:4:55:Infinity":4,"f:39:14:39:20":1,"b:40:8:54:Infinity:undefined:undefined:undefined:undefined":0,"s:40:8:54:Infinity":5,"s:41:28:41:Infinity":6,"s:42:12:42:Infinity":7,"s:43:12:43:Infinity":8,"s:44:12:44:Infinity":9,"s:45:12:45:Infinity":10,"s:47:12:53:Infinity":11,"f:47:19:47:25":2,"s:48:16:48:Infinity":12,"s:49:16:49:Infinity":13,"s:50:16:50:Infinity":14,"s:51:16:51:Infinity":15,"s:52:16:52:Infinity":16,"s:58:4:62:Infinity":17,"f:58:14:58:20":3,"b:59:8:61:Infinity:undefined:undefined:undefined:undefined":1,"s:59:8:61:Infinity":18,"s:60:12:60:Infinity":19,"s:64:32:69:Infinity":20,"f:64:32:64:44":4,"s:65:8:68:Infinity":21,"f:66:12:66:18":5,"s:66:18:66:Infinity":22,"f:67:12:67:13":6,"s:67:30:67:Infinity":23,"b:71:4:71:Infinity:undefined:undefined:undefined:undefined":2,"s:71:4:71:Infinity":24,"s:71:17:71:Infinity":25,"b:74:4:76:Infinity:undefined:undefined:undefined:undefined":3,"s:74:4:76:Infinity":26,"b:74:8:74:37:74:37:74:64:74:64:74:86":4,"s:75:8:75:Infinity":27,"s:79:24:83:Infinity":28,"b:80:10:80:Infinity:81:10:83:Infinity":5,"b:80:10:80:43:80:43:80:Infinity":6,"b:82:14:82:Infinity:83:14:83:Infinity":7,"b:82:14:82:42:82:42:82:Infinity":8,"s:85:4:206:Infinity":29,"b:112:25:112:Infinity:113:28:117:Infinity":9,"b:122:28:126:Infinity:127:28:138:Infinity":10,"b:128:28:132:Infinity:134:28:138:Infinity":11,"f:146:38:146:44":7,"s:146:44:146:Infinity":30,"b:164:43:164:65:164:65:164:Infinity":12,"b:169:25:169:Infinity:170:28:170:Infinity":13,"b:177:13:177:Infinity:178:16:194:Infinity":14,"b:179:93:179:151:179:151:179:Infinity":15,"b:183:32:185:Infinity:187:32:189:Infinity":16}}}
,"D:\\Users\\JuanAntonio\\Desktop\\blood4life\\frontend\\src\\components\\features\\profile\\EditProfileModal\\HospitalFields.tsx": {"path":"D:\\Users\\JuanAntonio\\Desktop\\blood4life\\frontend\\src\\components\\features\\profile\\EditProfileModal\\HospitalFields.tsx","statementMap":{"0":{"start":{"line":11,"column":61},"end":{"line":120,"column":null}},"1":{"start":{"line":12,"column":4},"end":{"line":118,"column":null}}},"fnMap":{"0":{"name":"(anonymous_0)","decl":{"start":{"line":11,"column":61},"end":{"line":11,"column":62}},"loc":{"start":{"line":11,"column":102},"end":{"line":120,"column":null}},"line":11}},"branchMap":{"0":{"loc":{"start":{"line":20,"column":27},"end":{"line":20,"column":null}},"type":"binary-expr","locations":[{"start":{"line":20,"column":27},"end":{"line":20,"column":43}},{"start":{"line":20,"column":43},"end":{"line":20,"column":null}}],"line":20},"1":{"loc":{"start":{"line":22,"column":180},"end":{"line":22,"column":null}},"type":"cond-expr","locations":[{"start":{"line":22,"column":193},"end":{"line":22,"column":212}},{"start":{"line":22,"column":212},"end":{"line":22,"column":null}}],"line":22},"2":{"loc":{"start":{"line":26,"column":17},"end":{"line":29,"column":null}},"type":"cond-expr","locations":[{"start":{"line":27,"column":20},"end":{"line":27,"column":null}},{"start":{"line":29,"column":20},"end":{"line":29,"column":null}}],"line":26},"3":{"loc":{"start":{"line":39,"column":27},"end":{"line":39,"column":null}},"type":"binary-expr","locations":[{"start":{"line":39,"column":27},"end":{"line":39,"column":44}},{"start":{"line":39,"column":44},"end":{"line":39,"column":null}}],"line":39},"4":{"loc":{"start":{"line":41,"column":180},"end":{"line":41,"column":null}},"type":"cond-expr","locations":[{"start":{"line":41,"column":194},"end":{"line":41,"column":213}},{"start":{"line":41,"column":213},"end":{"line":41,"column":null}}],"line":41},"5":{"loc":{"start":{"line":45,"column":17},"end":{"line":45,"column":null}},"type":"binary-expr","locations":[{"start":{"line":45,"column":17},"end":{"line":45,"column":32}},{"start":{"line":45,"column":32},"end":{"line":45,"column":null}}],"line":45},"6":{"loc":{"start":{"line":54,"column":27},"end":{"line":54,"column":null}},"type":"binary-expr","locations":[{"start":{"line":54,"column":27},"end":{"line":54,"column":47}},{"start":{"line":54,"column":47},"end":{"line":54,"column":null}}],"line":54},"7":{"loc":{"start":{"line":56,"column":180},"end":{"line":56,"column":null}},"type":"cond-expr","locations":[{"start":{"line":56,"column":197},"end":{"line":56,"column":216}},{"start":{"line":56,"column":216},"end":{"line":56,"column":null}}],"line":56},"8":{"loc":{"start":{"line":60,"column":17},"end":{"line":63,"column":null}},"type":"cond-expr","locations":[{"start":{"line":61,"column":20},"end":{"line":61,"column":null}},{"start":{"line":63,"column":20},"end":{"line":63,"column":null}}],"line":60},"9":{"loc":{"start":{"line":73,"column":27},"end":{"line":73,"column":null}},"type":"binary-expr","locations":[{"start":{"line":73,"column":27},"end":{"line":73,"column":50}},{"start":{"line":73,"column":50},"end":{"line":73,"column":null}}],"line":73},"10":{"loc":{"start":{"line":75,"column":180},"end":{"line":75,"column":null}},"type":"cond-expr","locations":[{"start":{"line":75,"column":200},"end":{"line":75,"column":219}},{"start":{"line":75,"column":219},"end":{"line":75,"column":null}}],"line":75},"11":{"loc":{"start":{"line":79,"column":17},"end":{"line":82,"column":null}},"type":"cond-expr","locations":[{"start":{"line":80,"column":20},"end":{"line":80,"column":null}},{"start":{"line":82,"column":20},"end":{"line":82,"column":null}}],"line":79},"12":{"loc":{"start":{"line":92,"column":27},"end":{"line":92,"column":null}},"type":"binary-expr","locations":[{"start":{"line":92,"column":27},"end":{"line":92,"column":45}},{"start":{"line":92,"column":45},"end":{"line":92,"column":null}}],"line":92},"13":{"loc":{"start":{"line":106,"column":27},"end":{"line":106,"column":null}},"type":"binary-expr","locations":[{"start":{"line":106,"column":27},"end":{"line":106,"column":51}},{"start":{"line":106,"column":51},"end":{"line":106,"column":null}}],"line":106},"14":{"loc":{"start":{"line":108,"column":180},"end":{"line":108,"column":null}},"type":"cond-expr","locations":[{"start":{"line":108,"column":201},"end":{"line":108,"column":220}},{"start":{"line":108,"column":220},"end":{"line":108,"column":null}}],"line":108},"15":{"loc":{"start":{"line":112,"column":17},"end":{"line":115,"column":null}},"type":"cond-expr","locations":[{"start":{"line":113,"column":20},"end":{"line":113,"column":null}},{"start":{"line":115,"column":20},"end":{"line":115,"column":null}}],"line":112}},"s":{"0":1,"1":0},"f":{"0":0},"b":{"0":[0,0],"1":[0,0],"2":[0,0],"3":[0,0],"4":[0,0],"5":[0,0],"6":[0,0],"7":[0,0],"8":[0,0],"9":[0,0],"10":[0,0],"11":[0,0],"12":[0,0],"13":[0,0],"14":[0,0],"15":[0,0]},"meta":{"lastBranch":16,"lastFunction":1,"lastStatement":2,"seen":{"s:11:61:120:Infinity":0,"f:11:61:11:62":0,"s:12:4:118:Infinity":1,"b:20:27:20:43:20:43:20:Infinity":0,"b:22:193:22:212:22:212:22:Infinity":1,"b:27:20:27:Infinity:29:20:29:Infinity":2,"b:39:27:39:44:39:44:39:Infinity":3,"b:41:194:41:213:41:213:41:Infinity":4,"b:45:17:45:32:45:32:45:Infinity":5,"b:54:27:54:47:54:47:54:Infinity":6,"b:56:197:56:216:56:216:56:Infinity":7,"b:61:20:61:Infinity:63:20:63:Infinity":8,"b:73:27:73:50:73:50:73:Infinity":9,"b:75:200:75:219:75:219:75:Infinity":10,"b:80:20:80:Infinity:82:20:82:Infinity":11,"b:92:27:92:45:92:45:92:Infinity":12,"b:106:27:106:51:106:51:106:Infinity":13,"b:108:201:108:220:108:220:108:Infinity":14,"b:113:20:113:Infinity:115:20:115:Infinity":15}}}
,"D:\\Users\\JuanAntonio\\Desktop\\blood4life\\frontend\\src\\components\\features\\profile\\EditProfileModal\\PasswordChangeSection.tsx": {"path":"D:\\Users\\JuanAntonio\\Desktop\\blood4life\\frontend\\src\\components\\features\\profile\\EditProfileModal\\PasswordChangeSection.tsx","statementMap":{"0":{"start":{"line":18,"column":75},"end":{"line":101,"column":null}},"1":{"start":{"line":25,"column":14},"end":{"line":25,"column":null}},"2":{"start":{"line":27,"column":4},"end":{"line":99,"column":null}}},"fnMap":{"0":{"name":"(anonymous_0)","decl":{"start":{"line":18,"column":75},"end":{"line":18,"column":76}},"loc":{"start":{"line":24,"column":6},"end":{"line":101,"column":null}},"line":24}},"branchMap":{"0":{"loc":{"start":{"line":35,"column":63},"end":{"line":35,"column":100}},"type":"cond-expr","locations":[{"start":{"line":35,"column":84},"end":{"line":35,"column":98}},{"start":{"line":35,"column":98},"end":{"line":35,"column":100}}],"line":35},"1":{"loc":{"start":{"line":46,"column":114},"end":{"line":46,"column":null}},"type":"cond-expr","locations":[{"start":{"line":46,"column":135},"end":{"line":46,"column":160}},{"start":{"line":46,"column":160},"end":{"line":46,"column":null}}],"line":46},"2":{"loc":{"start":{"line":56,"column":184},"end":{"line":56,"column":null}},"type":"cond-expr","locations":[{"start":{"line":56,"column":217},"end":{"line":56,"column":236}},{"start":{"line":56,"column":236},"end":{"line":56,"column":null}}],"line":56},"3":{"loc":{"start":{"line":60,"column":21},"end":{"line":61,"column":null}},"type":"binary-expr","locations":[{"start":{"line":60,"column":21},"end":{"line":60,"column":null}},{"start":{"line":61,"column":24},"end":{"line":61,"column":null}}],"line":60},"4":{"loc":{"start":{"line":71,"column":184},"end":{"line":71,"column":null}},"type":"cond-expr","locations":[{"start":{"line":71,"column":213},"end":{"line":71,"column":232}},{"start":{"line":71,"column":232},"end":{"line":71,"column":null}}],"line":71},"5":{"loc":{"start":{"line":75,"column":21},"end":{"line":80,"column":null}},"type":"cond-expr","locations":[{"start":{"line":76,"column":24},"end":{"line":76,"column":null}},{"start":{"line":78,"column":24},"end":{"line":80,"column":null}}],"line":75},"6":{"loc":{"start":{"line":90,"column":184},"end":{"line":90,"column":null}},"type":"cond-expr","locations":[{"start":{"line":90,"column":217},"end":{"line":90,"column":236}},{"start":{"line":90,"column":236},"end":{"line":90,"column":null}}],"line":90},"7":{"loc":{"start":{"line":94,"column":21},"end":{"line":95,"column":null}},"type":"binary-expr","locations":[{"start":{"line":94,"column":21},"end":{"line":94,"column":null}},{"start":{"line":95,"column":24},"end":{"line":95,"column":null}}],"line":94}},"s":{"0":1,"1":0,"2":0},"f":{"0":0},"b":{"0":[0,0],"1":[0,0],"2":[0,0],"3":[0,0],"4":[0,0],"5":[0,0],"6":[0,0],"7":[0,0]},"meta":{"lastBranch":8,"lastFunction":1,"lastStatement":3,"seen":{"s:18:75:101:Infinity":0,"f:18:75:18:76":0,"s:25:14:25:Infinity":1,"s:27:4:99:Infinity":2,"b:35:84:35:98:35:98:35:100":0,"b:46:135:46:160:46:160:46:Infinity":1,"b:56:217:56:236:56:236:56:Infinity":2,"b:60:21:60:Infinity:61:24:61:Infinity":3,"b:71:213:71:232:71:232:71:Infinity":4,"b:76:24:76:Infinity:78:24:80:Infinity":5,"b:90:217:90:236:90:236:90:Infinity":6,"b:94:21:94:Infinity:95:24:95:Infinity":7}}}
,"D:\\Users\\JuanAntonio\\Desktop\\blood4life\\frontend\\src\\components\\features\\profile\\EditProfileModal\\ProfileImageUpload.tsx": {"path":"D:\\Users\\JuanAntonio\\Desktop\\blood4life\\frontend\\src\\components\\features\\profile\\EditProfileModal\\ProfileImageUpload.tsx","statementMap":{"0":{"start":{"line":13,"column":69},"end":{"line":48,"column":null}},"1":{"start":{"line":19,"column":4},"end":{"line":46,"column":null}}},"fnMap":{"0":{"name":"(anonymous_0)","decl":{"start":{"line":13,"column":69},"end":{"line":13,"column":70}},"loc":{"start":{"line":18,"column":6},"end":{"line":48,"column":null}},"line":18}},"branchMap":{"0":{"loc":{"start":{"line":17,"column":4},"end":{"line":17,"column":null}},"type":"default-arg","locations":[{"start":{"line":17,"column":15},"end":{"line":17,"column":null}}],"line":17},"1":{"loc":{"start":{"line":26,"column":21},"end":{"line":31,"column":null}},"type":"cond-expr","locations":[{"start":{"line":27,"column":24},"end":{"line":27,"column":null}},{"start":{"line":29,"column":24},"end":{"line":31,"column":null}}],"line":26},"2":{"loc":{"start":{"line":34,"column":17},"end":{"line":43,"column":null}},"type":"binary-expr","locations":[{"start":{"line":34,"column":17},"end":{"line":34,"column":null}},{"start":{"line":35,"column":20},"end":{"line":43,"column":null}}],"line":34}},"s":{"0":1,"1":0},"f":{"0":0},"b":{"0":[0],"1":[0,0],"2":[0,0]},"meta":{"lastBranch":3,"lastFunction":1,"lastStatement":2,"seen":{"s:13:69:48:Infinity":0,"f:13:69:13:70":0,"b:17:15:17:Infinity":0,"s:19:4:46:Infinity":1,"b:27:24:27:Infinity:29:24:31:Infinity":1,"b:34:17:34:Infinity:35:20:43:Infinity":2}}}
[...]
hMap":{"0":{"loc":{"start":{"line":35,"column":4},"end":{"line":35,"column":null}},"type":"if","locations":[{"start":{"line":35,"column":4},"end":{"line":35,"column":null}},{"start":{},"end":{}}],"line":35},"1":{"loc":{"start":{"line":36,"column":4},"end":{"line":36,"column":null}},"type":"if","locations":[{"start":{"line":36,"column":4},"end":{"line":36,"column":null}},{"start":{},"end":{}}],"line":36},"2":{"loc":{"start":{"line":44,"column":4},"end":{"line":44,"column":null}},"type":"if","locations":[{"start":{"line":44,"column":4},"end":{"line":44,"column":null}},{"start":{},"end":{}}],"line":44},"3":{"loc":{"start":{"line":45,"column":4},"end":{"line":45,"column":null}},"type":"if","locations":[{"start":{"line":45,"column":4},"end":{"line":45,"column":null}},{"start":{},"end":{}}],"line":45},"4":{"loc":{"start":{"line":46,"column":4},"end":{"line":46,"column":null}},"type":"if","locations":[{"start":{"line":46,"column":4},"end":{"line":46,"column":null}},{"start":{},"end":{}}],"line":46},"5":{"loc":{"start":{"line":53,"column":44},"end":{"line":53,"column":86}},"type":"default-arg","locations":[{"start":{"line":53,"column":65},"end":{"line":53,"column":86}}],"line":53},"6":{"loc":{"start":{"line":54,"column":4},"end":{"line":54,"column":null}},"type":"if","locations":[{"start":{"line":54,"column":4},"end":{"line":54,"column":null}},{"start":{},"end":{}}],"line":54},"7":{"loc":{"start":{"line":55,"column":4},"end":{"line":55,"column":null}},"type":"if","locations":[{"start":{"line":55,"column":4},"end":{"line":55,"column":null}},{"start":{},"end":{}}],"line":55},"8":{"loc":{"start":{"line":56,"column":4},"end":{"line":56,"column":null}},"type":"if","locations":[{"start":{"line":56,"column":4},"end":{"line":56,"column":null}},{"start":{},"end":{}}],"line":56},"9":{"loc":{"start":{"line":57,"column":4},"end":{"line":57,"column":null}},"type":"if","locations":[{"start":{"line":57,"column":4},"end":{"line":57,"column":null}},{"start":{},"end":{}}],"line":57},"10":{"loc":{"start":{"line":58,"column":4},"end":{"line":58,"column":null}},"type":"if","locations":[{"start":{"line":58,"column":4},"end":{"line":58,"column":null}},{"start":{},"end":{}}],"line":58},"11":{"loc":{"start":{"line":59,"column":4},"end":{"line":59,"column":null}},"type":"if","locations":[{"start":{"line":59,"column":4},"end":{"line":59,"column":null}},{"start":{},"end":{}}],"line":59},"12":{"loc":{"start":{"line":67,"column":4},"end":{"line":67,"column":null}},"type":"if","locations":[{"start":{"line":67,"column":4},"end":{"line":67,"column":null}},{"start":{},"end":{}}],"line":67},"13":{"loc":{"start":{"line":68,"column":4},"end":{"line":68,"column":null}},"type":"if","locations":[{"start":{"line":68,"column":4},"end":{"line":68,"column":null}},{"start":{},"end":{}}],"line":68},"14":{"loc":{"start":{"line":69,"column":4},"end":{"line":69,"column":null}},"type":"if","locations":[{"start":{"line":69,"column":4},"end":{"line":69,"column":null}},{"start":{},"end":{}}],"line":69},"15":{"loc":{"start":{"line":70,"column":4},"end":{"line":70,"column":null}},"type":"if","locations":[{"start":{"line":70,"column":4},"end":{"line":70,"column":null}},{"start":{},"end":{}}],"line":70},"16":{"loc":{"start":{"line":71,"column":4},"end":{"line":71,"column":null}},"type":"if","locations":[{"start":{"line":71,"column":4},"end":{"line":71,"column":null}},{"start":{},"end":{}}],"line":71},"17":{"loc":{"start":{"line":75,"column":4},"end":{"line":75,"column":null}},"type":"if","locations":[{"start":{"line":75,"column":4},"end":{"line":75,"column":null}},{"start":{},"end":{}}],"line":75},"18":{"loc":{"start":{"line":79,"column":31},"end":{"line":80,"column":null}},"type":"binary-expr","locations":[{"start":{"line":79,"column":31},"end":{"line":79,"column":null}},{"start":{"line":80,"column":8},"end":{"line":80,"column":null}}],"line":79},"19":{"loc":{"start":{"line":84,"column":4},"end":{"line":84,"column":null}},"type":"if","locations":[{"start":{"line":84,"column":4},"end":{"line":84,"column":null}},{"start":{},"end":{}}],"line":84},"20":{"loc":{"start":{"line":93,"column":4},"end":{"line":93,"column":null}},"type":"if","locations":[{"start":{"line":93,"column":4},"end":{"line":93,"column":null}},{"start":{},"end":{}}],"line":93},"21":{"loc":{"start":{"line":96,"column":4},"end":{"line":96,"column":null}},"type":"if","locations":[{"start":{"line":96,"column":4},"end":{"line":96,"column":null}},{"start":{},"end":{}}],"line":96},"22":{"loc":{"start":{"line":99,"column":4},"end":{"line":101,"column":null}},"type":"if","locations":[{"start":{"line":99,"column":4},"end":{"line":101,"column":null}},{"start":{},"end":{}}],"line":99},"23":{"loc":{"start":{"line":99,"column":8},"end":{"line":99,"column":47}},"type":"binary-expr","locations":[{"start":{"line":99,"column":8},"end":{"line":99,"column":28}},{"start":{"line":99,"column":28},"end":{"line":99,"column":47}}],"line":99},"24":{"loc":{"start":{"line":103,"column":4},"end":{"line":103,"column":null}},"type":"if","locations":[{"start":{"line":103,"column":4},"end":{"line":103,"column":null}},{"start":{},"end":{}}],"line":103},"25":{"loc":{"start":{"line":111,"column":4},"end":{"line":111,"column":null}},"type":"if","locations":[{"start":{"line":111,"column":4},"end":{"line":111,"column":null}},{"start":{},"end":{}}],"line":111},"26":{"loc":{"start":{"line":112,"column":4},"end":{"line":112,"column":null}},"type":"if","locations":[{"start":{"line":112,"column":4},"end":{"line":112,"column":null}},{"start":{},"end":{}}],"line":112},"27":{"loc":{"start":{"line":113,"column":4},"end":{"line":113,"column":null}},"type":"if","locations":[{"start":{"line":113,"column":4},"end":{"line":113,"column":null}},{"start":{},"end":{}}],"line":113},"28":{"loc":{"start":{"line":114,"column":4},"end":{"line":114,"column":null}},"type":"if","locations":[{"start":{"line":114,"column":4},"end":{"line":114,"column":null}},{"start":{},"end":{}}],"line":114},"29":{"loc":{"start":{"line":117,"column":4},"end":{"line":117,"column":null}},"type":"if","locations":[{"start":{"line":117,"column":4},"end":{"line":117,"column":null}},{"start":{},"end":{}}],"line":117},"30":{"loc":{"start":{"line":117,"column":8},"end":{"line":117,"column":37}},"type":"binary-expr","locations":[{"start":{"line":117,"column":8},"end":{"line":117,"column":18}},{"start":{"line":117,"column":18},"end":{"line":117,"column":37}}],"line":117},"31":{"loc":{"start":{"line":126,"column":4},"end":{"line":126,"column":null}},"type":"if","locations":[{"start":{"line":126,"column":4},"end":{"line":126,"column":null}},{"start":{},"end":{}}],"line":126},"32":{"loc":{"start":{"line":133,"column":4},"end":{"line":133,"column":null}},"type":"if","locations":[{"start":{"line":133,"column":4},"end":{"line":133,"column":null}},{"start":{},"end":{}}],"line":133},"33":{"loc":{"start":{"line":134,"column":4},"end":{"line":134,"column":null}},"type":"if","locations":[{"start":{"line":134,"column":4},"end":{"line":134,"column":null}},{"start":{},"end":{}}],"line":134},"34":{"loc":{"start":{"line":136,"column":4},"end":{"line":136,"column":null}},"type":"if","locations":[{"start":{"line":136,"column":4},"end":{"line":136,"column":null}},{"start":{},"end":{}}],"line":136},"35":{"loc":{"start":{"line":137,"column":4},"end":{"line":137,"column":null}},"type":"if","locations":[{"start":{"line":137,"column":4},"end":{"line":137,"column":null}},{"start":{},"end":{}}],"line":137},"36":{"loc":{"start":{"line":146,"column":4},"end":{"line":146,"column":null}},"type":"if","locations":[{"start":{"line":146,"column":4},"end":{"line":146,"column":null}},{"start":{},"end":{}}],"line":146},"37":{"loc":{"start":{"line":147,"column":4},"end":{"line":147,"column":null}},"type":"if","locations":[{"start":{"line":147,"column":4},"end":{"line":147,"column":null}},{"start":{},"end":{}}],"line":147},"38":{"loc":{"start":{"line":148,"column":4},"end":{"line":148,"column":null}},"type":"if","locations":[{"start":{"line":148,"column":4},"end":{"line":148,"column":null}},{"start":{},"end":{}}],"line":148},"39":{"loc":{"start":{"line":150,"column":4},"end":{"line":150,"column":null}},"type":"if","locations":[{"start":{"line":150,"column":4},"end":{"line":150,"column":null}},{"start":{},"end":{}}],"line":150},"40":{"loc":{"start":{"line":151,"column":4},"end":{"line":151,"column":null}},"type":"if","locations":[{"start":{"line":151,"column":4},"end":{"line":151,"column":null}},{"start":{},"end":{}}],"line":151},"41":{"loc":{"start":{"line":152,"column":4},"end":{"line":152,"column":null}},"type":"if","locations":[{"start":{"line":152,"column":4},"end":{"line":152,"column":null}},{"start":{},"end":{}}],"line":152},"42":{"loc":{"start":{"line":153,"column":4},"end":{"line":153,"column":null}},"type":"if","locations":[{"start":{"line":153,"column":4},"end":{"line":153,"column":null}},{"start":{},"end":{}}],"line":153},"43":{"loc":{"start":{"line":156,"column":4},"end":{"line":156,"column":null}},"type":"if","locations":[{"start":{"line":156,"column":4},"end":{"line":156,"column":null}},{"start":{},"end":{}}],"line":156},"44":{"loc":{"start":{"line":158,"column":4},"end":{"line":158,"column":null}},"type":"if","locations":[{"start":{"line":158,"column":4},"end":{"line":158,"column":null}},{"start":{},"end":{}}],"line":158},"45":{"loc":{"start":{"line":167,"column":4},"end":{"line":167,"column":null}},"type":"if","locations":[{"start":{"line":167,"column":4},"end":{"line":167,"column":null}},{"start":{},"end":{}}],"line":167},"46":{"loc":{"start":{"line":172,"column":4},"end":{"line":172,"column":null}},"type":"if","locations":[{"start":{"line":172,"column":4},"end":{"line":172,"column":null}},{"start":{},"end":{}}],"line":172},"47":{"loc":{"start":{"line":177,"column":4},"end":{"line":179,"column":null}},"type":"if","locations":[{"start":{"line":177,"column":4},"end":{"line":179,"column":null}},{"start":{},"end":{}}],"line":177},"48":{"loc":{"start":{"line":177,"column":8},"end":{"line":177,"column":85}},"type":"binary-expr","locations":[{"start":{"line":177,"column":8},"end":{"line":177,"column":26}},{"start":{"line":177,"column":26},"end":{"line":177,"column":45}},{"start":{"line":177,"column":45},"end":{"line":177,"column":85}}],"line":177},"49":{"loc":{"start":{"line":181,"column":4},"end":{"line":181,"column":null}},"type":"if","locations":[{"start":{"line":181,"column":4},"end":{"line":181,"column":null}},{"start":{},"end":{}}],"line":181},"50":{"loc":{"start":{"line":183,"column":4},"end":{"line":183,"column":null}},"type":"if","locations":[{"start":{"line":183,"column":4},"end":{"line":183,"column":null}},{"start":{},"end":{}}],"line":183},"51":{"loc":{"start":{"line":192,"column":4},"end":{"line":192,"column":null}},"type":"if","locations":[{"start":{"line":192,"column":4},"end":{"line":192,"column":null}},{"start":{},"end":{}}],"line":192},"52":{"loc":{"start":{"line":192,"column":8},"end":{"line":192,"column":33}},"type":"binary-expr","locations":[{"start":{"line":192,"column":8},"end":{"line":192,"column":18}},{"start":{"line":192,"column":18},"end":{"line":192,"column":33}}],"line":192}},"s":{"0":2,"1":2,"2":2,"3":2,"4":2,"5":2,"6":2,"7":2,"8":2,"9":2,"10":2,"11":2,"12":2,"13":2,"14":2,"15":2,"16":5,"17":1,"18":4,"19":4,"20":1,"21":2,"22":0,"23":0,"24":0,"25":0,"26":0,"27":0,"28":0,"29":2,"30":0,"31":0,"32":0,"33":0,"34":0,"35":0,"36":0,"37":0,"38":0,"39":0,"40":0,"41":0,"42":0,"43":2,"44":0,"45":0,"46":0,"47":0,"48":0,"49":0,"50":0,"51":0,"52":0,"53":0,"54":0,"55":0,"56":0,"57":0,"58":0,"59":0,"60":0,"61":0,"62":0,"63":0,"64":2,"65":7,"66":0,"67":7,"68":7,"69":1,"70":6,"71":6,"72":2,"73":4,"74":1,"75":3,"76":2,"77":10,"78":2,"79":8,"80":8,"81":7,"82":7,"83":6,"84":6,"85":2,"86":2,"87":0,"88":2,"89":2,"90":0,"91":0,"92":0,"93":0,"94":0,"95":0,"96":0,"97":0,"98":0,"99":0,"100":0,"101":0,"102":2,"103":6,"104":0,"105":6,"106":1,"107":5,"108":5,"109":5,"110":1,"111":4,"112":1,"113":3,"114":1,"115":2,"116":2,"117":1,"118":0,"119":1,"120":0,"121":1,"122":2,"123":0,"124":0,"125":0,"126":0,"127":0,"128":0,"129":0,"130":0,"131":0,"132":0,"133":0,"134":0,"135":0,"136":0,"137":0,"138":2,"139":0,"140":0,"141":0},"f":{"0":5,"1":0,"2":0,"3":0,"4":0,"5":0,"6":7,"7":10,"8":0,"9":6,"10":0,"11":0},"b":{"0":[1,4],"1":[3,1],"2":[0,0],"3":[0,0],"4":[0,0],"5":[0],"6":[0,0],"7":[0,0],"8":[0,0],"9":[0,0],"10":[0,0],"11":[0,0],"12":[0,0],"13":[0,0],"14":[0,0],"15":[0,0],"16":[0,0],"17":[0,0],"18":[0,0],"19":[0,0],"20":[0,7],"21":[1,6],"22":[2,4],"23":[6,5],"24":[1,3],"25":[2,8],"26":[1,7],"27":[1,6],"28":[4,2],"29":[0,2],"30":[2,2],"31":[0,0],"32":[0,0],"33":[0,0],"34":[0,0],"35":[0,0],"36":[0,6],"37":[1,5],"38":[0,5],"39":[1,4],"40":[1,3],"41":[1,2],"42":[1,1],"43":[0,1],"44":[0,1],"45":[0,0],"46":[0,0],"47":[0,0],"48":[0,0,0],"49":[0,0],"50":[0,0],"51":[0,0],"52":[0,0]},"meta":{"lastBranch":53,"lastFunction":12,"lastStatement":142,"seen":{"s:7:25:7:Infinity":0,"s:9:25:9:Infinity":1,"s:10:31:10:Infinity":2,"s:12:26:12:Infinity":3,"s:14:29:14:Infinity":4,"s:16:27:16:Infinity":5,"s:18:27:18:Infinity":6,"s:20:40:20:Infinity":7,"s:21:40:21:Infinity":8,"s:22:36:22:Infinity":9,"s:23:41:23:Infinity":10,"s:24:43:24:Infinity":11,"s:27:36:27:Infinity":12,"s:28:37:28:Infinity":13,"s:29:45:29:Infinity":14,"s:34:27:38:Infinity":15,"f:34:27:34:28":0,"b:35:4:35:Infinity:undefined:undefined:undefined:undefined":0,"s:35:4:35:Infinity":16,"s:35:23:35:Infinity":17,"b:36:4:36:Infinity:undefined:undefined:undefined:undefined":1,"s:36:4:36:Infinity":18,"s:36:32:36:Infinity":19,"s:37:4:37:Infinity":20,"s:43:27:48:Infinity":21,"f:43:27:43:28":1,"b:44:4:44:Infinity:undefined:undefined:undefined:undefined":2,"s:44:4:44:Infinity":22,"s:44:23:44:Infinity":23,"b:45:4:45:Infinity:undefined:undefined:undefined:undefined":3,"s:45:4:45:Infinity":24,"s:45:32:45:Infinity":25,"b:46:4:46:Infinity:undefined:undefined:undefined:undefined":4,"s:46:4:46:Infinity":26,"s:46:38:46:Infinity":27,"s:47:4:47:Infinity":28,"s:53:28:61:Infinity":29,"f:53:28:53:29":2,"b:53:65:53:86":5,"b:54:4:54:Infinity:undefined:undefined:undefined:undefined":6,"s:54:4:54:Infinity":30,"s:54:23:54:Infinity":31,"b:55:4:55:Infinity:undefined:undefined:undefined:undefined":7,"s:55:4:55:Infinity":32,"s:55:33:55:Infinity":33,"b:56:4:56:Infinity:undefined:undefined:undefined:undefined":8,"s:56:4:56:Infinity":34,"s:56:35:56:Infinity":35,"b:57:4:57:Infinity:undefined:undefined:undefined:undefined":9,"s:57:4:57:Infinity":36,"s:57:33:57:Infinity":37,"b:58:4:58:Infinity:undefined:undefined:undefined:undefined":10,"s:58:4:58:Infinity":38,"s:58:29:58:Infinity":39,"b:59:4:59:Infinity:undefined:undefined:undefined:undefined":11,"s:59:4:59:Infinity":40,"s:59:42:59:Infinity":41,"s:60:4:60:Infinity":42,"s:66:31:87:Infinity":43,"f:66:31:66:32":3,"b:67:4:67:Infinity:undefined:undefined:undefined:undefined":12,"s:67:4:67:Infinity":44,"s:67:23:67:Infinity":45,"b:68:4:68:Infinity:undefined:undefined:undefined:undefined":13,"s:68:4:68:Infinity":46,"s:68:34:68:Infinity":47,"b:69:4:69:Infinity:undefined:undefined:undefined:undefined":14,"s:69:4:69:Infinity":48,"s:69:35:69:Infinity":49,"b:70:4:70:Infinity:undefined:undefined:undefined:undefined":15,"s:70:4:70:Infinity":50,"s:70:36:70:Infinity":51,"b:71:4:71:Infinity:undefined:undefined:undefined:undefined":16,"s:71:4:71:Infinity":52,"s:71:27:71:Infinity":53,"s:74:24:74:Infinity":54,"b:75:4:75:Infinity:undefined:undefined:undefined:undefined":17,"s:75:4:75:Infinity":55,"s:75:32:75:Infinity":56,"s:78:25:78:Infinity":57,"s:79:31:80:Infinity":58,"b:79:31:79:Infinity:80:8:80:Infinity":18,"f:79:49:79:57":4,"s:79:57:79:75":59,"f:80:26:80:34":5,"s:80:34:80:59":60,"b:84:4:84:Infinity:undefined:undefined:undefined:undefined":19,"s:84:4:84:Infinity":61,"s:84:29:84:Infinity":62,"s:86:4:86:Infinity":63,"s:92:34:105:Infinity":64,"f:92:34:92:35":6,"b:93:4:93:Infinity:undefined:undefined:undefined:undefined":20,"s:93:4:93:Infinity":65,"s:93:23:93:Infinity":66,"s:94:23:94:Infinity":67,"b:96:4:96:Infinity:undefined:undefined:undefined:undefined":21,"s:96:4:96:Infinity":68,"s:96:33:96:Infinity":69,"s:98:25:98:Infinity":70,"b:99:4:101:Infinity:undefined:undefined:undefined:undefined":22,"s:99:4:101:Infinity":71,"b:99:8:99:28:99:28:99:47":23,"s:100:8:100:Infinity":72,"b:103:4:103:Infinity:undefined:undefined:undefined:undefined":24,"s:103:4:103:Infinity":73,"s:103:40:103:Infinity":74,"s:104:4:104:Infinity":75,"s:110:29:120:Infinity":76,"f:110:29:110:30":7,"b:111:4:111:Infinity:undefined:undefined:undefined:undefined":25,"s:111:4:111:Infinity":77,"s:111:23:111:Infinity":78,"b:112:4:112:Infinity:undefined:undefined:undefined:undefined":26,"s:112:4:112:Infinity":79,"s:112:28:112:Infinity":80,"b:113:4:113:Infinity:undefined:undefined:undefined:undefined":27,"s:113:4:113:Infinity":81,"s:113:26:113:Infinity":82,"b:114:4:114:Infinity:undefined:undefined:undefined:undefined":28,"s:114:4:114:Infinity":83,"s:114:34:114:Infinity":84,"s:116:19:116:Infinity":85,"b:117:4:117:Infinity:undefined:undefined:undefined:undefined":29,"s:117:4:117:Infinity":86,"b:117:8:117:18:117:18:117:37":30,"s:117:37:117:Infinity":87,"s:119:4:119:Infinity":88,"s:125:35:140:Infinity":89,"f:125:35:125:36":8,"b:126:4:126:Infinity:undefined:undefined:undefined:undefined":31,"s:126:4:126:Infinity":90,"s:126:23:126:Infinity":91,"s:128:23:128:Infinity":92,"b:133:4:133:Infinity:undefined:undefined:undefined:undefined":32,"s:133:4:133:Infinity":93,"s:133:31:133:Infinity":94,"b:134:4:134:Infinity:undefined:undefined:undefined:undefined":33,"s:134:4:134:Infinity":95,"s:134:32:134:Infinity":96,"b:136:4:136:Infinity:undefined:undefined:undefined:undefined":34,"s:136:4:136:Infinity":97,"s:136:34:136:Infinity":98,"b:137:4:137:Infinity:undefined:undefined:undefined:undefined":35,"s:137:4:137:Infinity":99,"s:137:48:137:Infinity":100,"s:139:4:139:Infinity":101,"s:145:32:161:Infinity":102,"f:145:32:145:33":9,"b:146:4:146:Infinity:undefined:undefined:undefined:undefined":36,"s:146:4:146:Infinity":103,"s:146:23:146:Infinity":104,"b:147:4:147:Infinity:undefined:undefined:undefined:undefined":37,"s:147:4:147:Infinity":105,"s:147:26:147:Infinity":106,"b:148:4:148:Infinity:undefined:undefined:undefined:undefined":38,"s:148:4:148:Infinity":107,"s:148:27:148:Infinity":108,"b:150:4:150:Infinity:undefined:undefined:undefined:undefined":39,"s:150:4:150:Infinity":109,"s:150:47:150:Infinity":110,"b:151:4:151:Infinity:undefined:undefined:undefined:undefined":40,"s:151:4:151:Infinity":111,"s:151:47:151:Infinity":112,"b:152:4:152:Infinity:undefined:undefined:undefined:undefined":41,"s:152:4:152:Infinity":113,"s:152:43:152:Infinity":114,"b:153:4:153:Infinity:undefined:undefined:undefined:undefined":42,"s:153:4:153:Infinity":115,"s:153:47:153:Infinity":116,"b:156:4:156:Infinity:undefined:undefined:undefined:undefined":43,"s:156:4:156:Infinity":117,"s:156:50:156:Infinity":118,"b:158:4:158:Infinity:undefined:undefined:undefined:undefined":44,"s:158:4:158:Infinity":119,"s:158:51:158:Infinity":120,"s:160:4:160:Infinity":121,"s:166:35:186:Infinity":122,"f:166:35:166:36":10,"b:167:4:167:Infinity:undefined:undefined:undefined:undefined":45,"s:167:4:167:Infinity":123,"s:167:23:167:Infinity":124,"s:169:22:169:Infinity":125,"s:170:18:170:Infinity":126,"b:172:4:172:Infinity:undefined:undefined:undefined:undefined":46,"s:172:4:172:Infinity":127,"s:172:36:172:Infinity":128,"s:174:14:174:Infinity":129,"s:175:22:175:Infinity":130,"b:177:4:179:Infinity:undefined:undefined:undefined:undefined":47,"s:177:4:179:Infinity":131,"b:177:8:177:26:177:26:177:45:177:45:177:85":48,"s:178:8:178:Infinity":132,"b:181:4:181:Infinity:undefined:undefined:undefined:undefined":49,"s:181:4:181:Infinity":133,"s:181:18:181:Infinity":134,"b:183:4:183:Infinity:undefined:undefined:undefined:undefined":50,"s:183:4:183:Infinity":135,"s:183:27:183:Infinity":136,"s:185:4:185:Infinity":137,"s:191:32:194:Infinity":138,"f:191:32:191:33":11,"b:192:4:192:Infinity:undefined:undefined:undefined:undefined":51,"s:192:4:192:Infinity":139,"b:192:8:192:18:192:18:192:33":52,"s:192:33:192:Infinity":140,"s:193:4:193:Infinity":141}}}
}
