{"E:\\blood4life\\frontend\\src\\config.ts": {"path":"E:\\blood4life\\frontend\\src\\config.ts","statementMap":{"0":{"start":{"line":1,"column":23},"end":{"line":1,"column":null}}},"fnMap":{},"branchMap":{"0":{"loc":{"start":{"line":1,"column":23},"end":{"line":1,"column":null}},"type":"binary-expr","locations":[{"start":{"line":1,"column":23},"end":{"line":1,"column":55}},{"start":{"line":1,"column":55},"end":{"line":1,"column":null}}],"line":1}},"s":{"0":4},"f":{},"b":{"0":[4,0]},"meta":{"lastBranch":1,"lastFunction":0,"lastStatement":1,"seen":{"s:1:23:1:Infinity":0,"b:1:23:1:55:1:55:1:Infinity":0}}}
,"E:\\blood4life\\frontend\\src\\assets\\images\\LogoShadowMini.webp": {"path":"E:\\blood4life\\frontend\\src\\assets\\images\\LogoShadowMini.webp","statementMap":{},"fnMap":{},"branchMap":{},"s":{},"f":{},"b":{},"meta":{"lastBranch":0,"lastFunction":0,"lastStatement":0,"seen":{}}}
,"E:\\blood4life\\frontend\\src\\components\\DonorDashboard\\UpcomingAppointments.tsx": {"path":"E:\\blood4life\\frontend\\src\\components\\DonorDashboard\\UpcomingAppointments.tsx","statementMap":{"0":{"start":{"line":7,"column":36},"end":{"line":41,"column":null}},"1":{"start":{"line":8,"column":2},"end":{"line":39,"column":null}},"2":{"start":{"line":22,"column":14},"end":{"line":34,"column":null}}},"fnMap":{"0":{"name":"(anonymous_0)","decl":{"start":{"line":7,"column":36},"end":{"line":7,"column":37}},"loc":{"start":{"line":7,"column":85},"end":{"line":41,"column":null}},"line":7},"1":{"name":"(anonymous_1)","decl":{"start":{"line":21,"column":29},"end":{"line":21,"column":null}},"loc":{"start":{"line":22,"column":14},"end":{"line":34,"column":null}},"line":22}},"branchMap":{"0":{"loc":{"start":{"line":16,"column":11},"end":{"line":35,"column":null}},"type":"cond-expr","locations":[{"start":{"line":17,"column":12},"end":{"line":19,"column":null}},{"start":{"line":21,"column":12},"end":{"line":35,"column":null}}],"line":16},"1":{"loc":{"start":{"line":32,"column":19},"end":{"line":32,"column":null}},"type":"binary-expr","locations":[{"start":{"line":32,"column":19},"end":{"line":32,"column":42}},{"start":{"line":32,"column":42},"end":{"line":32,"column":null}}],"line":32}},"s":{"0":1,"1":2,"2":2},"f":{"0":2,"1":2},"b":{"0":[1,1],"1":[2,0]},"meta":{"lastBranch":2,"lastFunction":2,"lastStatement":3,"seen":{"s:7:36:41:Infinity":0,"f:7:36:7:37":0,"s:8:2:39:Infinity":1,"b:17:12:19:Infinity:21:12:35:Infinity":0,"f:21:29:21:Infinity":1,"s:22:14:34:Infinity":2,"b:32:19:32:42:32:42:32:Infinity":1}}}
,"E:\\blood4life\\frontend\\src\\components\\Forms\\FormField\\FormField.tsx": {"path":"E:\\blood4life\\frontend\\src\\components\\Forms\\FormField\\FormField.tsx","statementMap":{"0":{"start":{"line":23,"column":44},"end":{"line":105,"column":null}},"1":{"start":{"line":41,"column":20},"end":{"line":41,"column":null}},"2":{"start":{"line":42,"column":18},"end":{"line":42,"column":null}},"3":{"start":{"line":44,"column":2},"end":{"line":103,"column":null}}},"fnMap":{"0":{"name":"(anonymous_0)","decl":{"start":{"line":23,"column":44},"end":{"line":23,"column":45}},"loc":{"start":{"line":40,"column":6},"end":{"line":105,"column":null}},"line":40}},"branchMap":{"0":{"loc":{"start":{"line":24,"column":2},"end":{"line":24,"column":null}},"type":"default-arg","locations":[{"start":{"line":24,"column":9},"end":{"line":24,"column":null}}],"line":24},"1":{"loc":{"start":{"line":30,"column":2},"end":{"line":30,"column":null}},"type":"default-arg","locations":[{"start":{"line":30,"column":13},"end":{"line":30,"column":null}}],"line":30},"2":{"loc":{"start":{"line":31,"column":2},"end":{"line":31,"column":null}},"type":"default-arg","locations":[{"start":{"line":31,"column":13},"end":{"line":31,"column":null}}],"line":31},"3":{"loc":{"start":{"line":34,"column":2},"end":{"line":34,"column":null}},"type":"default-arg","locations":[{"start":{"line":34,"column":19},"end":{"line":34,"column":null}}],"line":34},"4":{"loc":{"start":{"line":35,"column":2},"end":{"line":35,"column":null}},"type":"default-arg","locations":[{"start":{"line":35,"column":23},"end":{"line":35,"column":null}}],"line":35},"5":{"loc":{"start":{"line":36,"column":2},"end":{"line":36,"column":null}},"type":"default-arg","locations":[{"start":{"line":36,"column":22},"end":{"line":36,"column":null}}],"line":36},"6":{"loc":{"start":{"line":41,"column":20},"end":{"line":41,"column":null}},"type":"cond-expr","locations":[{"start":{"line":41,"column":42},"end":{"line":41,"column":85}},{"start":{"line":41,"column":85},"end":{"line":41,"column":null}}],"line":41},"7":{"loc":{"start":{"line":41,"column":42},"end":{"line":41,"column":85}},"type":"cond-expr","locations":[{"start":{"line":41,"column":62},"end":{"line":41,"column":71}},{"start":{"line":41,"column":71},"end":{"line":41,"column":85}}],"line":41},"8":{"loc":{"start":{"line":60,"column":24},"end":{"line":60,"column":null}},"type":"binary-expr","locations":[{"start":{"line":60,"column":24},"end":{"line":60,"column":39}},{"start":{"line":60,"column":39},"end":{"line":60,"column":null}}],"line":60},"9":{"loc":{"start":{"line":61,"column":28},"end":{"line":61,"column":null}},"type":"cond-expr","locations":[{"start":{"line":61,"column":36},"end":{"line":61,"column":46}},{"start":{"line":61,"column":46},"end":{"line":61,"column":null}}],"line":61},"10":{"loc":{"start":{"line":62,"column":309},"end":{"line":62,"column":null}},"type":"cond-expr","locations":[{"start":{"line":62,"column":317},"end":{"line":62,"column":336}},{"start":{"line":62,"column":336},"end":{"line":62,"column":null}}],"line":62},"11":{"loc":{"start":{"line":63,"column":16},"end":{"line":63,"column":49}},"type":"cond-expr","locations":[{"start":{"line":63,"column":37},"end":{"line":63,"column":47}},{"start":{"line":63,"column":47},"end":{"line":63,"column":49}}],"line":63},"12":{"loc":{"start":{"line":68,"column":9},"end":{"line":90,"column":null}},"type":"binary-expr","locations":[{"start":{"line":68,"column":9},"end":{"line":68,"column":null}},{"start":{"line":69,"column":10},"end":{"line":90,"column":null}}],"line":68},"13":{"loc":{"start":{"line":73,"column":26},"end":{"line":73,"column":null}},"type":"cond-expr","locations":[{"start":{"line":73,"column":46},"end":{"line":73,"column":69}},{"start":{"line":73,"column":69},"end":{"line":73,"column":null}}],"line":73},"14":{"loc":{"start":{"line":76,"column":15},"end":{"line":87,"column":null}},"type":"cond-expr","locations":[{"start":{"line":77,"column":16},"end":{"line":82,"column":null}},{"start":{"line":84,"column":16},"end":{"line":87,"column":null}}],"line":76},"15":{"loc":{"start":{"line":94,"column":7},"end":{"line":101,"column":null}},"type":"binary-expr","locations":[{"start":{"line":94,"column":7},"end":{"line":94,"column":null}},{"start":{"line":95,"column":8},"end":{"line":101,"column":null}}],"line":94}},"s":{"0":2,"1":32,"2":32,"3":32},"f":{"0":32},"b":{"0":[32],"1":[32],"2":[32],"3":[32],"4":[32],"5":[32],"6":[16,16],"7":[0,16],"8":[32,31],"9":[0,32],"10":[0,32],"11":[16,16],"12":[32,16],"13":[0,16],"14":[0,16],"15":[32,0]},"meta":{"lastBranch":16,"lastFunction":1,"lastStatement":4,"seen":{"s:23:44:105:Infinity":0,"f:23:44:23:45":0,"b:24:9:24:Infinity":0,"b:30:13:30:Infinity":1,"b:31:13:31:Infinity":2,"b:34:19:34:Infinity":3,"b:35:23:35:Infinity":4,"b:36:22:36:Infinity":5,"s:41:20:41:Infinity":1,"b:41:42:41:85:41:85:41:Infinity":6,"b:41:62:41:71:41:71:41:85":7,"s:42:18:42:Infinity":2,"s:44:2:103:Infinity":3,"b:60:24:60:39:60:39:60:Infinity":8,"b:61:36:61:46:61:46:61:Infinity":9,"b:62:317:62:336:62:336:62:Infinity":10,"b:63:37:63:47:63:47:63:49":11,"b:68:9:68:Infinity:69:10:90:Infinity":12,"b:73:46:73:69:73:69:73:Infinity":13,"b:77:16:82:Infinity:84:16:87:Infinity":14,"b:94:7:94:Infinity:95:8:101:Infinity":15}}}
,"E:\\blood4life\\frontend\\src\\components\\Forms\\LoginForm\\LoginForm.tsx": {"path":"E:\\blood4life\\frontend\\src\\components\\Forms\\LoginForm\\LoginForm.tsx","statementMap":{"0":{"start":{"line":11,"column":12},"end":{"line":11,"column":null}},"1":{"start":{"line":12,"column":8},"end":{"line":12,"column":null}},"2":{"start":{"line":13,"column":16},"end":{"line":13,"column":null}},"3":{"start":{"line":15,"column":30},"end":{"line":19,"column":null}},"4":{"start":{"line":21,"column":38},"end":{"line":21,"column":null}},"5":{"start":{"line":22,"column":24},"end":{"line":22,"column":null}},"6":{"start":{"line":23,"column":32},"end":{"line":23,"column":null}},"7":{"start":{"line":26,"column":29},"end":{"line":31,"column":null}},"8":{"start":{"line":33,"column":8},"end":{"line":51,"column":null}},"9":{"start":{"line":34,"column":28},"end":{"line":34,"column":null}},"10":{"start":{"line":35,"column":4},"end":{"line":38,"column":null}},"11":{"start":{"line":35,"column":25},"end":{"line":38,"column":6}},"12":{"start":{"line":41,"column":4},"end":{"line":50,"column":null}},"13":{"start":{"line":42,"column":6},"end":{"line":49,"column":null}},"14":{"start":{"line":43,"column":8},"end":{"line":43,"column":null}},"15":{"start":{"line":43,"column":29},"end":{"line":43,"column":77}},"16":{"start":{"line":46,"column":8},"end":{"line":48,"column":null}},"17":{"start":{"line":47,"column":10},"end":{"line":47,"column":null}},"18":{"start":{"line":47,"column":31},"end":{"line":47,"column":84}},"19":{"start":{"line":53,"column":8},"end":{"line":58,"column":null}},"20":{"start":{"line":54,"column":4},"end":{"line":57,"column":null}},"21":{"start":{"line":54,"column":25},"end":{"line":57,"column":6}},"22":{"start":{"line":60,"column":23},"end":{"line":78,"column":null}},"23":{"start":{"line":61,"column":4},"end":{"line":61,"column":null}},"24":{"start":{"line":62,"column":4},"end":{"line":62,"column":null}},"25":{"start":{"line":63,"column":4},"end":{"line":63,"column":null}},"26":{"start":{"line":65,"column":4},"end":{"line":77,"column":null}},"27":{"start":{"line":66,"column":6},"end":{"line":66,"column":null}},"28":{"start":{"line":67,"column":6},"end":{"line":67,"column":null}},"29":{"start":{"line":69,"column":6},"end":{"line":69,"column":null}},"30":{"start":{"line":70,"column":6},"end":{"line":70,"column":null}},"31":{"start":{"line":73,"column":6},"end":{"line":73,"column":null}},"32":{"start":{"line":74,"column":6},"end":{"line":74,"column":null}},"33":{"start":{"line":76,"column":6},"end":{"line":76,"column":null}},"34":{"start":{"line":80,"column":2},"end":{"line":187,"column":null}},"35":{"start":{"line":112,"column":32},"end":{"line":112,"column":null}},"36":{"start":{"line":125,"column":32},"end":{"line":125,"column":null}},"37":{"start":{"line":161,"column":34},"end":{"line":161,"column":null}}},"fnMap":{"0":{"name":"LoginForm","decl":{"start":{"line":10,"column":9},"end":{"line":10,"column":21}},"loc":{"start":{"line":10,"column":21},"end":{"line":189,"column":null}},"line":10},"1":{"name":"(anonymous_1)","decl":{"start":{"line":33,"column":40},"end":{"line":33,"column":41}},"loc":{"start":{"line":33,"column":84},"end":{"line":51,"column":5}},"line":33},"2":{"name":"(anonymous_2)","decl":{"start":{"line":35,"column":16},"end":{"line":35,"column":25}},"loc":{"start":{"line":35,"column":25},"end":{"line":38,"column":6}},"line":35},"3":{"name":"(anonymous_3)","decl":{"start":{"line":43,"column":20},"end":{"line":43,"column":29}},"loc":{"start":{"line":43,"column":29},"end":{"line":43,"column":77}},"line":43},"4":{"name":"(anonymous_4)","decl":{"start":{"line":47,"column":22},"end":{"line":47,"column":31}},"loc":{"start":{"line":47,"column":31},"end":{"line":47,"column":84}},"line":47},"5":{"name":"(anonymous_5)","decl":{"start":{"line":53,"column":43},"end":{"line":53,"column":44}},"loc":{"start":{"line":53,"column":94},"end":{"line":58,"column":5}},"line":53},"6":{"name":"(anonymous_6)","decl":{"start":{"line":54,"column":16},"end":{"line":54,"column":25}},"loc":{"start":{"line":54,"column":25},"end":{"line":57,"column":6}},"line":54},"7":{"name":"(anonymous_7)","decl":{"start":{"line":60,"column":23},"end":{"line":60,"column":30}},"loc":{"start":{"line":60,"column":53},"end":{"line":78,"column":null}},"line":60},"8":{"name":"(anonymous_8)","decl":{"start":{"line":112,"column":26},"end":{"line":112,"column":32}},"loc":{"start":{"line":112,"column":32},"end":{"line":112,"column":null}},"line":112},"9":{"name":"(anonymous_9)","decl":{"start":{"line":125,"column":26},"end":{"line":125,"column":32}},"loc":{"start":{"line":125,"column":32},"end":{"line":125,"column":null}},"line":125},"10":{"name":"(anonymous_10)","decl":{"start":{"line":161,"column":28},"end":{"line":161,"column":34}},"loc":{"start":{"line":161,"column":34},"end":{"line":161,"column":null}},"line":161}},"branchMap":{"0":{"loc":{"start":{"line":41,"column":4},"end":{"line":50,"column":null}},"type":"if","locations":[{"start":{"line":41,"column":4},"end":{"line":50,"column":null}},{"start":{},"end":{}}],"line":41},"1":{"loc":{"start":{"line":42,"column":6},"end":{"line":49,"column":null}},"type":"if","locations":[{"start":{"line":42,"column":6},"end":{"line":49,"column":null}},{"start":{"line":44,"column":13},"end":{"line":49,"column":null}}],"line":42},"2":{"loc":{"start":{"line":46,"column":8},"end":{"line":48,"column":null}},"type":"if","locations":[{"start":{"line":46,"column":8},"end":{"line":48,"column":null}},{"start":{},"end":{}}],"line":46},"3":{"loc":{"start":{"line":74,"column":15},"end":{"line":74,"column":65}},"type":"binary-expr","locations":[{"start":{"line":74,"column":15},"end":{"line":74,"column":44}},{"start":{"line":74,"column":44},"end":{"line":74,"column":65}}],"line":74},"4":{"loc":{"start":{"line":91,"column":9},"end":{"line":99,"column":null}},"type":"binary-expr","locations":[{"start":{"line":91,"column":9},"end":{"line":91,"column":null}},{"start":{"line":92,"column":10},"end":{"line":99,"column":null}}],"line":91},"5":{"loc":{"start":{"line":171,"column":13},"end":{"line":171,"column":null}},"type":"cond-expr","locations":[{"start":{"line":171,"column":25},"end":{"line":171,"column":51}},{"start":{"line":171,"column":51},"end":{"line":171,"column":null}}],"line":171}},"s":{"0":16,"1":16,"2":16,"3":16,"4":16,"5":16,"6":16,"7":16,"8":16,"9":6,"10":6,"11":6,"12":6,"13":3,"14":0,"15":0,"16":3,"17":0,"18":0,"19":16,"20":0,"21":0,"22":16,"23":2,"24":2,"25":2,"26":2,"27":2,"28":1,"29":1,"30":1,"31":1,"32":1,"33":2,"34":16,"35":0,"36":0,"37":0},"f":{"0":16,"1":6,"2":6,"3":0,"4":0,"5":0,"6":0,"7":2,"8":0,"9":0,"10":0},"b":{"0":[3,3],"1":[0,3],"2":[0,3],"3":[1,0],"4":[16,1],"5":[2,14]},"meta":{"lastBranch":6,"lastFunction":11,"lastStatement":38,"seen":{"f:10:9:10:21":0,"s:11:12:11:Infinity":0,"s:12:8:12:Infinity":1,"s:13:16:13:Infinity":2,"s:15:30:19:Infinity":3,"s:21:38:21:Infinity":4,"s:22:24:22:Infinity":5,"s:23:32:23:Infinity":6,"s:26:29:31:Infinity":7,"s:33:8:51:Infinity":8,"f:33:40:33:41":1,"s:34:28:34:Infinity":9,"s:35:4:38:Infinity":10,"f:35:16:35:25":2,"s:35:25:38:6":11,"b:41:4:50:Infinity:undefined:undefined:undefined:undefined":0,"s:41:4:50:Infinity":12,"b:42:6:49:Infinity:44:13:49:Infinity":1,"s:42:6:49:Infinity":13,"s:43:8:43:Infinity":14,"f:43:20:43:29":3,"s:43:29:43:77":15,"b:46:8:48:Infinity:undefined:undefined:undefined:undefined":2,"s:46:8:48:Infinity":16,"s:47:10:47:Infinity":17,"f:47:22:47:31":4,"s:47:31:47:84":18,"s:53:8:58:Infinity":19,"f:53:43:53:44":5,"s:54:4:57:Infinity":20,"f:54:16:54:25":6,"s:54:25:57:6":21,"s:60:23:78:Infinity":22,"f:60:23:60:30":7,"s:61:4:61:Infinity":23,"s:62:4:62:Infinity":24,"s:63:4:63:Infinity":25,"s:65:4:77:Infinity":26,"s:66:6:66:Infinity":27,"s:67:6:67:Infinity":28,"s:69:6:69:Infinity":29,"s:70:6:70:Infinity":30,"s:73:6:73:Infinity":31,"s:74:6:74:Infinity":32,"b:74:15:74:44:74:44:74:65":3,"s:76:6:76:Infinity":33,"s:80:2:187:Infinity":34,"b:91:9:91:Infinity:92:10:99:Infinity":4,"f:112:26:112:32":8,"s:112:32:112:Infinity":35,"f:125:26:125:32":9,"s:125:32:125:Infinity":36,"f:161:28:161:34":10,"s:161:34:161:Infinity":37,"b:171:25:171:51:171:51:171:Infinity":5}}}
,"E:\\blood4life\\frontend\\src\\components\\Modals\\EditProfileModal\\DangerZone.tsx": {"path":"E:\\blood4life\\frontend\\src\\components\\Modals\\EditProfileModal\\DangerZone.tsx","statementMap":{"0":{"start":{"line":11,"column":53},"end":{"line":29,"column":null}},"1":{"start":{"line":12,"column":4},"end":{"line":27,"column":null}}},"fnMap":{"0":{"name":"(anonymous_0)","decl":{"start":{"line":11,"column":53},"end":{"line":11,"column":54}},"loc":{"start":{"line":11,"column":76},"end":{"line":29,"column":null}},"line":11}},"branchMap":{},"s":{"0":1,"1":0},"f":{"0":0},"b":{},"meta":{"lastBranch":0,"lastFunction":1,"lastStatement":2,"seen":{"s:11:53:29:Infinity":0,"f:11:53:11:54":0,"s:12:4:27:Infinity":1}}}
,"E:\\blood4life\\frontend\\src\\components\\Modals\\EditProfileModal\\DeleteAccountModal.tsx": {"path":"E:\\blood4life\\frontend\\src\\components\\Modals\\EditProfileModal\\DeleteAccountModal.tsx","statementMap":{"0":{"start":{"line":15,"column":69},"end":{"line":63,"column":null}},"1":{"start":{"line":23,"column":4},"end":{"line":23,"column":null}},"2":{"start":{"line":23,"column":17},"end":{"line":23,"column":null}},"3":{"start":{"line":25,"column":4},"end":{"line":61,"column":null}},"4":{"start":{"line":40,"column":37},"end":{"line":40,"column":null}}},"fnMap":{"0":{"name":"(anonymous_0)","decl":{"start":{"line":15,"column":69},"end":{"line":15,"column":70}},"loc":{"start":{"line":22,"column":6},"end":{"line":63,"column":null}},"line":22},"1":{"name":"(anonymous_1)","decl":{"start":{"line":40,"column":30},"end":{"line":40,"column":31}},"loc":{"start":{"line":40,"column":37},"end":{"line":40,"column":null}},"line":40}},"branchMap":{"0":{"loc":{"start":{"line":23,"column":4},"end":{"line":23,"column":null}},"type":"if","locations":[{"start":{"line":23,"column":4},"end":{"line":23,"column":null}},{"start":{},"end":{}}],"line":23},"1":{"loc":{"start":{"line":54,"column":34},"end":{"line":54,"column":null}},"type":"binary-expr","locations":[{"start":{"line":54,"column":34},"end":{"line":54,"column":45}},{"start":{"line":54,"column":45},"end":{"line":54,"column":null}}],"line":54},"2":{"loc":{"start":{"line":57,"column":25},"end":{"line":57,"column":null}},"type":"cond-expr","locations":[{"start":{"line":57,"column":35},"end":{"line":57,"column":53}},{"start":{"line":57,"column":53},"end":{"line":57,"column":null}}],"line":57}},"s":{"0":1,"1":0,"2":0,"3":0,"4":0},"f":{"0":0,"1":0},"b":{"0":[0,0],"1":[0,0],"2":[0,0]},"meta":{"lastBranch":3,"lastFunction":2,"lastStatement":5,"seen":{"s:15:69:63:Infinity":0,"f:15:69:15:70":0,"b:23:4:23:Infinity:undefined:undefined:undefined:undefined":0,"s:23:4:23:Infinity":1,"s:23:17:23:Infinity":2,"s:25:4:61:Infinity":3,"f:40:30:40:31":1,"s:40:37:40:Infinity":4,"b:54:34:54:45:54:45:54:Infinity":1,"b:57:35:57:53:57:53:57:Infinity":2}}}
,"E:\\blood4life\\frontend\\src\\components\\Modals\\EditProfileModal\\DonorFields.tsx": {"path":"E:\\blood4life\\frontend\\src\\components\\Modals\\EditProfileModal\\DonorFields.tsx","statementMap":{"0":{"start":{"line":11,"column":55},"end":{"line":134,"column":null}},"1":{"start":{"line":12,"column":4},"end":{"line":132,"column":null}}},"fnMap":{"0":{"name":"(anonymous_0)","decl":{"start":{"line":11,"column":55},"end":{"line":11,"column":56}},"loc":{"start":{"line":11,"column":96},"end":{"line":134,"column":null}},"line":11}},"branchMap":{"0":{"loc":{"start":{"line":20,"column":27},"end":{"line":20,"column":null}},"type":"binary-expr","locations":[{"start":{"line":20,"column":27},"end":{"line":20,"column":43}},{"start":{"line":20,"column":43},"end":{"line":20,"column":null}}],"line":20},"1":{"loc":{"start":{"line":22,"column":180},"end":{"line":22,"column":null}},"type":"cond-expr","locations":[{"start":{"line":22,"column":193},"end":{"line":22,"column":212}},{"start":{"line":22,"column":212},"end":{"line":22,"column":null}}],"line":22},"2":{"loc":{"start":{"line":26,"column":17},"end":{"line":29,"column":null}},"type":"cond-expr","locations":[{"start":{"line":27,"column":20},"end":{"line":27,"column":null}},{"start":{"line":29,"column":20},"end":{"line":29,"column":null}}],"line":26},"3":{"loc":{"start":{"line":39,"column":27},"end":{"line":39,"column":null}},"type":"binary-expr","locations":[{"start":{"line":39,"column":27},"end":{"line":39,"column":49}},{"start":{"line":39,"column":49},"end":{"line":39,"column":null}}],"line":39},"4":{"loc":{"start":{"line":41,"column":180},"end":{"line":41,"column":null}},"type":"cond-expr","locations":[{"start":{"line":41,"column":199},"end":{"line":41,"column":218}},{"start":{"line":41,"column":218},"end":{"line":41,"column":null}}],"line":41},"5":{"loc":{"start":{"line":45,"column":17},"end":{"line":45,"column":null}},"type":"binary-expr","locations":[{"start":{"line":45,"column":17},"end":{"line":45,"column":37}},{"start":{"line":45,"column":37},"end":{"line":45,"column":null}}],"line":45},"6":{"loc":{"start":{"line":54,"column":27},"end":{"line":54,"column":null}},"type":"binary-expr","locations":[{"start":{"line":54,"column":27},"end":{"line":54,"column":48}},{"start":{"line":54,"column":48},"end":{"line":54,"column":null}}],"line":54},"7":{"loc":{"start":{"line":56,"column":180},"end":{"line":56,"column":null}},"type":"cond-expr","locations":[{"start":{"line":56,"column":198},"end":{"line":56,"column":217}},{"start":{"line":56,"column":217},"end":{"line":56,"column":null}}],"line":56},"8":{"loc":{"start":{"line":60,"column":17},"end":{"line":60,"column":null}},"type":"binary-expr","locations":[{"start":{"line":60,"column":17},"end":{"line":60,"column":36}},{"start":{"line":60,"column":36},"end":{"line":60,"column":null}}],"line":60},"9":{"loc":{"start":{"line":69,"column":27},"end":{"line":69,"column":null}},"type":"binary-expr","locations":[{"start":{"line":69,"column":27},"end":{"line":69,"column":45}},{"start":{"line":69,"column":45},"end":{"line":69,"column":null}}],"line":69},"10":{"loc":{"start":{"line":83,"column":27},"end":{"line":83,"column":null}},"type":"binary-expr","locations":[{"start":{"line":83,"column":27},"end":{"line":83,"column":51}},{"start":{"line":83,"column":51},"end":{"line":83,"column":null}}],"line":83},"11":{"loc":{"start":{"line":85,"column":180},"end":{"line":85,"column":null}},"type":"cond-expr","locations":[{"start":{"line":85,"column":201},"end":{"line":85,"column":220}},{"start":{"line":85,"column":220},"end":{"line":85,"column":null}}],"line":85},"12":{"loc":{"start":{"line":88,"column":17},"end":{"line":91,"column":null}},"type":"cond-expr","locations":[{"start":{"line":89,"column":20},"end":{"line":89,"column":null}},{"start":{"line":91,"column":20},"end":{"line":91,"column":null}}],"line":88},"13":{"loc":{"start":{"line":100,"column":27},"end":{"line":100,"column":null}},"type":"binary-expr","locations":[{"start":{"line":100,"column":27},"end":{"line":100,"column":46}},{"start":{"line":100,"column":46},"end":{"line":100,"column":null}}],"line":100},"14":{"loc":{"start":{"line":116,"column":27},"end":{"line":116,"column":null}},"type":"binary-expr","locations":[{"start":{"line":116,"column":27},"end":{"line":116,"column":51}},{"start":{"line":116,"column":51},"end":{"line":116,"column":null}}],"line":116}},"s":{"0":1,"1":0},"f":{"0":0},"b":{"0":[0,0],"1":[0,0],"2":[0,0],"3":[0,0],"4":[0,0],"5":[0,0],"6":[0,0],"7":[0,0],"8":[0,0],"9":[0,0],"10":[0,0],"11":[0,0],"12":[0,0],"13":[0,0],"14":[0,0]},"meta":{"lastBranch":15,"lastFunction":1,"lastStatement":2,"seen":{"s:11:55:134:Infinity":0,"f:11:55:11:56":0,"s:12:4:132:Infinity":1,"b:20:27:20:43:20:43:20:Infinity":0,"b:22:193:22:212:22:212:22:Infinity":1,"b:27:20:27:Infinity:29:20:29:Infinity":2,"b:39:27:39:49:39:49:39:Infinity":3,"b:41:199:41:218:41:218:41:Infinity":4,"b:45:17:45:37:45:37:45:Infinity":5,"b:54:27:54:48:54:48:54:Infinity":6,"b:56:198:56:217:56:217:56:Infinity":7,"b:60:17:60:36:60:36:60:Infinity":8,"b:69:27:69:45:69:45:69:Infinity":9,"b:83:27:83:51:83:51:83:Infinity":10,"b:85:201:85:220:85:220:85:Infinity":11,"b:89:20:89:Infinity:91:20:91:Infinity":12,"b:100:27:100:46:100:46:100:Infinity":13,"b:116:27:116:51:116:51:116:Infinity":14}}}
,"E:\\blood4life\\frontend\\src\\components\\Modals\\EditProfileModal\\EditProfileModal.tsx": {"path":"E:\\blood4life\\frontend\\src\\components\\Modals\\EditProfileModal\\EditProfileModal.tsx","statementMap":{"0":{"start":{"line":20,"column":25},"end":{"line":341,"column":null}},"1":{"start":{"line":21,"column":40},"end":{"line":21,"column":null}},"2":{"start":{"line":22,"column":32},"end":{"line":22,"column":null}},"3":{"start":{"line":23,"column":28},"end":{"line":23,"column":null}},"4":{"start":{"line":24,"column":30},"end":{"line":24,"column":null}},"5":{"start":{"line":25,"column":30},"end":{"line":25,"column":null}},"6":{"start":{"line":28,"column":10},"end":{"line":28,"column":null}},"7":{"start":{"line":29,"column":10},"end":{"line":29,"column":null}},"8":{"start":{"line":30,"column":10},"end":{"line":30,"column":null}},"9":{"start":{"line":33,"column":4},"end":{"line":51,"column":null}},"10":{"start":{"line":34,"column":8},"end":{"line":50,"column":null}},"11":{"start":{"line":36,"column":28},"end":{"line":36,"column":null}},"12":{"start":{"line":37,"column":12},"end":{"line":37,"column":null}},"13":{"start":{"line":38,"column":12},"end":{"line":38,"column":null}},"14":{"start":{"line":39,"column":12},"end":{"line":39,"column":null}},"15":{"start":{"line":40,"column":12},"end":{"line":40,"column":null}},"16":{"start":{"line":42,"column":12},"end":{"line":49,"column":null}},"17":{"start":{"line":44,"column":16},"end":{"line":44,"column":null}},"18":{"start":{"line":45,"column":16},"end":{"line":45,"column":null}},"19":{"start":{"line":46,"column":16},"end":{"line":46,"column":null}},"20":{"start":{"line":47,"column":16},"end":{"line":47,"column":null}},"21":{"start":{"line":48,"column":16},"end":{"line":48,"column":null}},"22":{"start":{"line":54,"column":4},"end":{"line":58,"column":null}},"23":{"start":{"line":55,"column":8},"end":{"line":57,"column":null}},"24":{"start":{"line":56,"column":12},"end":{"line":56,"column":null}},"25":{"start":{"line":61,"column":4},"end":{"line":68,"column":null}},"26":{"start":{"line":62,"column":8},"end":{"line":67,"column":null}},"27":{"start":{"line":63,"column":12},"end":{"line":66,"column":null}},"28":{"start":{"line":70,"column":30},"end":{"line":78,"column":null}},"29":{"start":{"line":71,"column":32},"end":{"line":71,"column":null}},"30":{"start":{"line":72,"column":8},"end":{"line":72,"column":null}},"31":{"start":{"line":75,"column":8},"end":{"line":77,"column":null}},"32":{"start":{"line":76,"column":12},"end":{"line":76,"column":null}},"33":{"start":{"line":80,"column":25},"end":{"line":104,"column":null}},"34":{"start":{"line":81,"column":31},"end":{"line":81,"column":null}},"35":{"start":{"line":83,"column":8},"end":{"line":94,"column":null}},"36":{"start":{"line":84,"column":12},"end":{"line":84,"column":null}},"37":{"start":{"line":85,"column":12},"end":{"line":85,"column":null}},"38":{"start":{"line":86,"column":12},"end":{"line":86,"column":null}},"39":{"start":{"line":87,"column":12},"end":{"line":87,"column":null}},"40":{"start":{"line":88,"column":8},"end":{"line":94,"column":null}},"41":{"start":{"line":89,"column":12},"end":{"line":89,"column":null}},"42":{"start":{"line":90,"column":12},"end":{"line":90,"column":null}},"43":{"start":{"line":91,"column":12},"end":{"line":91,"column":null}},"44":{"start":{"line":92,"column":12},"end":{"line":92,"column":null}},"45":{"start":{"line":93,"column":12},"end":{"line":93,"column":null}},"46":{"start":{"line":96,"column":26},"end":{"line":96,"column":null}},"47":{"start":{"line":96,"column":65},"end":{"line":96,"column":77}},"48":{"start":{"line":98,"column":8},"end":{"line":101,"column":null}},"49":{"start":{"line":99,"column":12},"end":{"line":99,"column":null}},"50":{"start":{"line":100,"column":12},"end":{"line":100,"column":null}},"51":{"start":{"line":103,"column":8},"end":{"line":103,"column":null}},"52":{"start":{"line":106,"column":25},"end":{"line":204,"column":null}},"53":{"start":{"line":107,"column":8},"end":{"line":107,"column":null}},"54":{"start":{"line":108,"column":8},"end":{"line":108,"column":null}},"55":{"start":{"line":109,"column":8},"end":{"line":109,"column":null}},"56":{"start":{"line":112,"column":8},"end":{"line":115,"column":null}},"57":{"start":{"line":113,"column":12},"end":{"line":113,"column":null}},"58":{"start":{"line":114,"column":12},"end":{"line":114,"column":null}},"59":{"start":{"line":118,"column":8},"end":{"line":124,"column":null}},"60":{"start":{"line":119,"column":12},"end":{"line":123,"column":null}},"61":{"start":{"line":120,"column":16},"end":{"line":120,"column":null}},"62":{"start":{"line":121,"column":16},"end":{"line":121,"column":null}},"63":{"start":{"line":122,"column":16},"end":{"line":122,"column":null}},"64":{"start":{"line":126,"column":8},"end":{"line":203,"column":null}},"65":{"start":{"line":128,"column":35},"end":{"line":128,"column":null}},"66":{"start":{"line":130,"column":12},"end":{"line":148,"column":null}},"67":{"start":{"line":131,"column":16},"end":{"line":131,"column":null}},"68":{"start":{"line":132,"column":16},"end":{"line":132,"column":null}},"69":{"start":{"line":133,"column":16},"end":{"line":133,"column":null}},"70":{"start":{"line":134,"column":16},"end":{"line":134,"column":null}},"71":{"start":{"line":135,"column":16},"end":{"line":135,"column":null}},"72":{"start":{"line":136,"column":16},"end":{"line":136,"column":null}},"73":{"start":{"line":137,"column":16},"end":{"line":137,"column":null}},"74":{"start":{"line":138,"column":16},"end":{"line":140,"column":null}},"75":{"start":{"line":139,"column":20},"end":{"line":139,"column":null}},"76":{"start":{"line":141,"column":12},"end":{"line":148,"column":null}},"77":{"start":{"line":142,"column":16},"end":{"line":142,"column":null}},"78":{"start":{"line":143,"column":16},"end":{"line":143,"column":null}},"79":{"start":{"line":144,"column":16},"end":{"line":144,"column":null}},"80":{"start":{"line":145,"column":16},"end":{"line":145,"column":null}},"81":{"start":{"line":146,"column":16},"end":{"line":146,"column":null}},"82":{"start":{"line":147,"column":16},"end":{"line":147,"column":null}},"83":{"start":{"line":151,"column":12},"end":{"line":153,"column":null}},"84":{"start":{"line":152,"column":16},"end":{"line":152,"column":null}},"85":{"start":{"line":155,"column":29},"end":{"line":157,"column":null}},"86":{"start":{"line":159,"column":12},"end":{"line":163,"column":null}},"87":{"start":{"line":165,"column":12},"end":{"line":165,"column":null}},"88":{"start":{"line":168,"column":12},"end":{"line":181,"column":null}},"89":{"start":{"line":169,"column":16},"end":{"line":180,"column":null}},"90":{"start":{"line":170,"column":20},"end":{"line":170,"column":null}},"91":{"start":{"line":171,"column":20},"end":{"line":171,"column":null}},"92":{"start":{"line":173,"column":20},"end":{"line":173,"column":null}},"93":{"start":{"line":174,"column":20},"end":{"line":177,"column":null}},"94":{"start":{"line":178,"column":20},"end":{"line":178,"column":null}},"95":{"start":{"line":179,"column":20},"end":{"line":179,"column":null}},"96":{"start":{"line":184,"column":12},"end":{"line":184,"column":null}},"97":{"start":{"line":186,"column":12},"end":{"line":194,"column":null}},"98":{"start":{"line":187,"column":16},"end":{"line":193,"column":null}},"99":{"start":{"line":188,"column":20},"end":{"line":188,"column":null}},"100":{"start":{"line":189,"column":20},"end":{"line":189,"column":null}},"101":{"start":{"line":191,"column":20},"end":{"line":191,"column":null}},"102":{"start":{"line":192,"column":20},"end":{"line":192,"column":null}},"103":{"start":{"line":196,"column":12},"end":{"line":196,"column":null}},"104":{"start":{"line":197,"column":12},"end":{"line":200,"column":null}},"105":{"start":{"line":202,"column":12},"end":{"line":202,"column":null}},"106":{"start":{"line":206,"column":32},"end":{"line":213,"column":null}},"107":{"start":{"line":207,"column":8},"end":{"line":207,"column":null}},"108":{"start":{"line":208,"column":8},"end":{"line":211,"column":null}},"109":{"start":{"line":209,"column":18},"end":{"line":209,"column":null}},"110":{"start":{"line":210,"column":30},"end":{"line":210,"column":null}},"111":{"start":{"line":212,"column":8},"end":{"line":212,"column":null}},"112":{"start":{"line":215,"column":4},"end":{"line":215,"column":null}},"113":{"start":{"line":215,"column":17},"end":{"line":215,"column":null}},"114":{"start":{"line":218,"column":4},"end":{"line":220,"column":null}},"115":{"start":{"line":219,"column":8},"end":{"line":219,"column":null}},"116":{"start":{"line":223,"column":24},"end":{"line":225,"column":null}},"117":{"start":{"line":227,"column":4},"end":{"line":339,"column":null}},"118":{"start":{"line":281,"column":44},"end":{"line":281,"column":null}}},"fnMap":{"0":{"name":"(anonymous_0)","decl":{"start":{"line":20,"column":25},"end":{"line":20,"column":26}},"loc":{"start":{"line":20,"column":73},"end":{"line":341,"column":null}},"line":20},"1":{"name":"(anonymous_1)","decl":{"start":{"line":33,"column":14},"end":{"line":33,"column":20}},"loc":{"start":{"line":33,"column":20},"end":{"line":51,"column":7}},"line":33},"2":{"name":"(anonymous_2)","decl":{"start":{"line":42,"column":19},"end":{"line":42,"column":25}},"loc":{"start":{"line":42,"column":25},"end":{"line":49,"column":null}},"line":42},"3":{"name":"(anonymous_3)","decl":{"start":{"line":54,"column":14},"end":{"line":54,"column":20}},"loc":{"start":{"line":54,"column":20},"end":{"line":58,"column":7}},"line":54},"4":{"name":"(anonymous_4)","decl":{"start":{"line":61,"column":14},"end":{"line":61,"column":20}},"loc":{"start":{"line":61,"column":20},"end":{"line":68,"column":7}},"line":61},"5":{"name":"(anonymous_5)","decl":{"start":{"line":70,"column":30},"end":{"line":70,"column":31}},"loc":{"start":{"line":70,"column":94},"end":{"line":78,"column":null}},"line":70},"6":{"name":"(anonymous_6)","decl":{"start":{"line":80,"column":25},"end":{"line":80,"column":40}},"loc":{"start":{"line":80,"column":40},"end":{"line":104,"column":null}},"line":80},"7":{"name":"(anonymous_7)","decl":{"start":{"line":96,"column":56},"end":{"line":96,"column":65}},"loc":{"start":{"line":96,"column":65},"end":{"line":96,"column":77}},"line":96},"8":{"name":"(anonymous_8)","decl":{"start":{"line":106,"column":25},"end":{"line":106,"column":32}},"loc":{"start":{"line":106,"column":55},"end":{"line":204,"column":null}},"line":106},"9":{"name":"(anonymous_9)","decl":{"start":{"line":186,"column":23},"end":{"line":186,"column":35}},"loc":{"start":{"line":186,"column":35},"end":{"line":194,"column":15}},"line":186},"10":{"name":"(anonymous_10)","decl":{"start":{"line":206,"column":32},"end":{"line":206,"column":44}},"loc":{"start":{"line":206,"column":44},"end":{"line":213,"column":null}},"line":206},"11":{"name":"(anonymous_11)","decl":{"start":{"line":209,"column":12},"end":{"line":209,"column":18}},"loc":{"start":{"line":209,"column":18},"end":{"line":209,"column":null}},"line":209},"12":{"name":"(anonymous_12)","decl":{"start":{"line":210,"column":12},"end":{"line":210,"column":13}},"loc":{"start":{"line":210,"column":30},"end":{"line":210,"column":null}},"line":210},"13":{"name":"(anonymous_13)","decl":{"start":{"line":281,"column":38},"end":{"line":281,"column":44}},"loc":{"start":{"line":281,"column":44},"end":{"line":281,"column":null}},"line":281}},"branchMap":{"0":{"loc":{"start":{"line":34,"column":8},"end":{"line":50,"column":null}},"type":"if","locations":[{"start":{"line":34,"column":8},"end":{"line":50,"column":null}},{"start":{},"end":{}}],"line":34},"1":{"loc":{"start":{"line":55,"column":8},"end":{"line":57,"column":null}},"type":"if","locations":[{"start":{"line":55,"column":8},"end":{"line":57,"column":null}},{"start":{},"end":{}}],"line":55},"2":{"loc":{"start":{"line":62,"column":8},"end":{"line":67,"column":null}},"type":"if","locations":[{"start":{"line":62,"column":8},"end":{"line":67,"column":null}},{"start":{},"end":{}}],"line":62},"3":{"loc":{"start":{"line":62,"column":12},"end":{"line":62,"column":30}},"type":"binary-expr","locations":[{"start":{"line":62,"column":12},"end":{"line":62,"column":20}},{"start":{"line":62,"column":20},"end":{"line":62,"column":30}}],"line":62},"4":{"loc":{"start":{"line":65,"column":29},"end":{"line":65,"column":null}},"type":"binary-expr","locations":[{"start":{"line":65,"column":29},"end":{"line":65,"column":51}},{"start":{"line":65,"column":51},"end":{"line":65,"column":null}}],"line":65},"5":{"loc":{"start":{"line":75,"column":8},"end":{"line":77,"column":null}},"type":"if","locations":[{"start":{"line":75,"column":8},"end":{"line":77,"column":null}},{"start":{},"end":{}}],"line":75},"6":{"loc":{"start":{"line":83,"column":8},"end":{"line":94,"column":null}},"type":"if","locations":[{"start":{"line":83,"column":8},"end":{"line":94,"column":null}},{"start":{"line":88,"column":8},"end":{"line":94,"column":null}}],"line":83},"7":{"loc":{"start":{"line":84,"column":40},"end":{"line":84,"column":58}},"type":"binary-expr","locations":[{"start":{"line":84,"column":40},"end":{"line":84,"column":56}},{"start":{"line":84,"column":56},"end":{"line":84,"column":58}}],"line":84},"8":{"loc":{"start":{"line":85,"column":47},"end":{"line":85,"column":73}},"type":"binary-expr","locations":[{"start":{"line":85,"column":47},"end":{"line":85,"column":69}},{"start":{"line":85,"column":69},"end":{"line":85,"column":73}}],"line":85},"9":{"loc":{"start":{"line":86,"column":46},"end":{"line":86,"column":71}},"type":"binary-expr","locations":[{"start":{"line":86,"column":46},"end":{"line":86,"column":67}},{"start":{"line":86,"column":67},"end":{"line":86,"column":71}}],"line":86},"10":{"loc":{"start":{"line":87,"column":56},"end":{"line":87,"column":82}},"type":"binary-expr","locations":[{"start":{"line":87,"column":56},"end":{"line":87,"column":80}},{"start":{"line":87,"column":80},"end":{"line":87,"column":82}}],"line":87},"11":{"loc":{"start":{"line":88,"column":8},"end":{"line":94,"column":null}},"type":"if","locations":[{"start":{"line":88,"column":8},"end":{"line":94,"column":null}},{"start":{},"end":{}}],"line":88},"12":{"loc":{"start":{"line":89,"column":40},"end":{"line":89,"column":58}},"type":"binary-expr","locations":[{"start":{"line":89,"column":40},"end":{"line":89,"column":56}},{"start":{"line":89,"column":56},"end":{"line":89,"column":58}}],"line":89},"13":{"loc":{"start":{"line":90,"column":42},"end":{"line":90,"column":63}},"type":"binary-expr","locations":[{"start":{"line":90,"column":42},"end":{"line":90,"column":59}},{"start":{"line":90,"column":59},"end":{"line":90,"column":63}}],"line":90},"14":{"loc":{"start":{"line":91,"column":48},"end":{"line":91,"column":70}},"type":"binary-expr","locations":[{"start":{"line":91,"column":48},"end":{"line":91,"column":68}},{"start":{"line":91,"column":68},"end":{"line":91,"column":70}}],"line":91},"15":{"loc":{"start":{"line":92,"column":54},"end":{"line":92,"column":79}},"type":"binary-expr","locations":[{"start":{"line":92,"column":54},"end":{"line":92,"column":77}},{"start":{"line":92,"column":77},"end":{"line":92,"column":79}}],"line":92},"16":{"loc":{"start":{"line":93,"column":56},"end":{"line":93,"column":82}},"type":"binary-expr","locations":[{"start":{"line":93,"column":56},"end":{"line":93,"column":80}},{"start":{"line":93,"column":80},"end":{"line":93,"column":82}}],"line":93},"17":{"loc":{"start":{"line":98,"column":8},"end":{"line":101,"column":null}},"type":"if","locations":[{"start":{"line":98,"column":8},"end":{"line":101,"column":null}},{"start":{},"end":{}}],"line":98},"18":{"loc":{"start":{"line":112,"column":8},"end":{"line":115,"column":null}},"type":"if","locations":[{"start":{"line":112,"column":8},"end":{"line":115,"column":null}},{"start":{},"end":{}}],"line":112},"19":{"loc":{"start":{"line":118,"column":8},"end":{"line":124,"column":null}},"type":"if","locations":[{"start":{"line":118,"column":8},"end":{"line":124,"column":null}},{"start":{},"end":{}}],"line":118},"20":{"loc":{"start":{"line":118,"column":12},"end":{"line":118,"column":137}},"type":"binary-expr","locations":[{"start":{"line":118,"column":12},"end":{"line":118,"column":49}},{"start":{"line":118,"column":49},"end":{"line":118,"column":96}},{"start":{"line":118,"column":96},"end":{"line":118,"column":137}}],"line":118},"21":{"loc":{"start":{"line":119,"column":12},"end":{"line":123,"column":null}},"type":"if","locations":[{"start":{"line":119,"column":12},"end":{"line":123,"column":null}},{"start":{},"end":{}}],"line":119},"22":{"loc":{"start":{"line":130,"column":12},"end":{"line":148,"column":null}},"type":"if","locations":[{"start":{"line":130,"column":12},"end":{"line":148,"column":null}},{"start":{"line":141,"column":12},"end":{"line":148,"column":null}}],"line":130},"23":{"loc":{"start":{"line":131,"column":45},"end":{"line":131,"column":63}},"type":"binary-expr","locations":[{"start":{"line":131,"column":45},"end":{"line":131,"column":61}},{"start":{"line":131,"column":61},"end":{"line":131,"column":63}}],"line":131},"24":{"loc":{"start":{"line":132,"column":51},"end":{"line":132,"column":75}},"type":"binary-expr","locations":[{"start":{"line":132,"column":51},"end":{"line":132,"column":73}},{"start":{"line":132,"column":73},"end":{"line":132,"column":75}}],"line":132},"25":{"loc":{"start":{"line":133,"column":50},"end":{"line":133,"column":73}},"type":"binary-expr","locations":[{"start":{"line":133,"column":50},"end":{"line":133,"column":71}},{"start":{"line":133,"column":71},"end":{"line":133,"column":73}}],"line":133},"26":{"loc":{"start":{"line":134,"column":48},"end":{"line":134,"column":69}},"type":"binary-expr","locations":[{"start":{"line":134,"column":48},"end":{"line":134,"column":67}},{"start":{"line":134,"column":67},"end":{"line":134,"column":69}}],"line":134},"27":{"loc":{"start":{"line":135,"column":53},"end":{"line":135,"column":129}},"type":"binary-expr","locations":[{"start":{"line":135,"column":53},"end":{"line":135,"column":89}},{"start":{"line":135,"column":89},"end":{"line":135,"column":127}},{"start":{"line":135,"column":127},"end":{"line":135,"column":129}}],"line":135},"28":{"loc":{"start":{"line":136,"column":47},"end":{"line":136,"column":67}},"type":"binary-expr","locations":[{"start":{"line":136,"column":47},"end":{"line":136,"column":65}},{"start":{"line":136,"column":65},"end":{"line":136,"column":67}}],"line":136},"29":{"loc":{"start":{"line":137,"column":53},"end":{"line":137,"column":79}},"type":"binary-expr","locations":[{"start":{"line":137,"column":53},"end":{"line":137,"column":77}},{"start":{"line":137,"column":77},"end":{"line":137,"column":79}}],"line":137},"30":{"loc":{"start":{"line":138,"column":16},"end":{"line":140,"column":null}},"type":"if","locations":[{"start":{"line":138,"column":16},"end":{"line":140,"column":null}},{"start":{},"end":{}}],"line":138},"31":{"loc":{"start":{"line":141,"column":12},"end":{"line":148,"column":null}},"type":"if","locations":[{"start":{"line":141,"column":12},"end":{"line":148,"column":null}},{"start":{},"end":{}}],"line":141},"32":{"loc":{"start":{"line":142,"column":45},"end":{"line":142,"column":63}},"type":"binary-expr","locations":[{"start":{"line":142,"column":45},"end":{"line":142,"column":61}},{"start":{"line":142,"column":61},"end":{"line":142,"column":63}}],"line":142},"33":{"loc":{"start":{"line":143,"column":46},"end":{"line":143,"column":65}},"type":"binary-expr","locations":[{"start":{"line":143,"column":46},"end":{"line":143,"column":63}},{"start":{"line":143,"column":63},"end":{"line":143,"column":65}}],"line":143},"34":{"loc":{"start":{"line":144,"column":49},"end":{"line":144,"column":71}},"type":"binary-expr","locations":[{"start":{"line":144,"column":49},"end":{"line":144,"column":69}},{"start":{"line":144,"column":69},"end":{"line":144,"column":71}}],"line":144},"35":{"loc":{"start":{"line":145,"column":52},"end":{"line":145,"column":77}},"type":"binary-expr","locations":[{"start":{"line":145,"column":52},"end":{"line":145,"column":75}},{"start":{"line":145,"column":75},"end":{"line":145,"column":77}}],"line":145},"36":{"loc":{"start":{"line":146,"column":47},"end":{"line":146,"column":67}},"type":"binary-expr","locations":[{"start":{"line":146,"column":47},"end":{"line":146,"column":65}},{"start":{"line":146,"column":65},"end":{"line":146,"column":67}}],"line":146},"37":{"loc":{"start":{"line":147,"column":53},"end":{"line":147,"column":79}},"type":"binary-expr","locations":[{"start":{"line":147,"column":53},"end":{"line":147,"column":77}},{"start":{"line":147,"column":77},"end":{"line":147,"column":79}}],"line":147},"38":{"loc":{"start":{"line":151,"column":12},"end":{"line":153,"column":null}},"type":"if","locations":[{"start":{"line":151,"column":12},"end":{"line":153,"column":null}},{"start":{},"end":{}}],"line":151},"39":{"loc":{"start":{"line":155,"column":29},"end":{"line":157,"column":null}},"type":"cond-expr","locations":[{"start":{"line":156,"column":18},"end":{"line":156,"column":null}},{"start":{"line":157,"column":18},"end":{"line":157,"column":null}}],"line":155},"40":{"loc":{"start":{"line":168,"column":12},"end":{"line":181,"column":null}},"type":"if","locations":[{"start":{"line":168,"column":12},"end":{"line":181,"column":null}},{"start":{},"end":{}}],"line":168},"41":{"loc":{"start":{"line":168,"column":16},"end":{"line":168,"column":141}},"type":"binary-expr","locations":[{"start":{"line":168,"column":16},"end":{"line":168,"column":53}},{"start":{"line":168,"column":53},"end":{"line":168,"column":100}},{"start":{"line":168,"column":100},"end":{"line":168,"column":141}}],"line":168},"42":{"loc":{"start":{"line":176,"column":30},"end":{"line":176,"column":null}},"type":"binary-expr","locations":[{"start":{"line":176,"column":30},"end":{"line":176,"column":69}},{"start":{"line":176,"column":69},"end":{"line":176,"column":null}}],"line":176},"43":{"loc":{"start":{"line":199,"column":22},"end":{"line":199,"column":null}},"type":"binary-expr","locations":[{"start":{"line":199,"column":22},"end":{"line":199,"column":53}},{"start":{"line":199,"column":53},"end":{"line":199,"column":null}}],"line":199},"44":{"loc":{"start":{"line":215,"column":4},"end":{"line":215,"column":null}},"type":"if","locations":[{"start":{"line":215,"column":4},"end":{"line":215,"column":null}},{"start":{},"end":{}}],"line":215},"45":{"loc":{"start":{"line":218,"column":4},"end":{"line":220,"column":null}},"type":"if","locations":[{"start":{"line":218,"column":4},"end":{"line":220,"column":null}},{"start":{},"end":{}}],"line":218},"46":{"loc":{"start":{"line":218,"column":8},"end":{"line":218,"column":62}},"type":"binary-expr","locations":[{"start":{"line":218,"column":8},"end":{"line":218,"column":37}},{"start":{"line":218,"column":37},"end":{"line":218,"column":62}}],"line":218},"47":{"loc":{"start":{"line":223,"column":24},"end":{"line":225,"column":null}},"type":"cond-expr","locations":[{"start":{"line":224,"column":10},"end":{"line":224,"column":null}},{"start":{"line":225,"column":10},"end":{"line":225,"column":null}}],"line":223},"48":{"loc":{"start":{"line":224,"column":10},"end":{"line":224,"column":null}},"type":"binary-expr","locations":[{"start":{"line":224,"column":10},"end":{"line":224,"column":43}},{"start":{"line":224,"column":43},"end":{"line":224,"column":null}}],"line":224},"49":{"loc":{"start":{"line":225,"column":10},"end":{"line":225,"column":null}},"type":"binary-expr","locations":[{"start":{"line":225,"column":10},"end":{"line":225,"column":38}},{"start":{"line":225,"column":38},"end":{"line":225,"column":null}}],"line":225},"50":{"loc":{"start":{"line":262,"column":25},"end":{"line":273,"column":null}},"type":"cond-expr","locations":[{"start":{"line":263,"column":28},"end":{"line":267,"column":null}},{"start":{"line":269,"column":28},"end":{"line":273,"column":null}}],"line":262},"51":{"loc":{"start":{"line":299,"column":33},"end":{"line":299,"column":null}},"type":"cond-expr","locations":[{"start":{"line":299,"column":43},"end":{"line":299,"column":60}},{"start":{"line":299,"column":60},"end":{"line":299,"column":null}}],"line":299},"52":{"loc":{"start":{"line":310,"column":13},"end":{"line":327,"column":null}},"type":"binary-expr","locations":[{"start":{"line":310,"column":13},"end":{"line":310,"column":null}},{"start":{"line":311,"column":16},"end":{"line":327,"column":null}}],"line":310},"53":{"loc":{"start":{"line":312,"column":64},"end":{"line":312,"column":null}},"type":"cond-expr","locations":[{"start":{"line":312,"column":93},"end":{"line":312,"column":151}},{"start":{"line":312,"column":151},"end":{"line":312,"column":null}}],"line":312},"54":{"loc":{"start":{"line":315,"column":29},"end":{"line":322,"column":null}},"type":"cond-expr","locations":[{"start":{"line":316,"column":32},"end":{"line":318,"column":null}},{"start":{"line":320,"column":32},"end":{"line":322,"column":null}}],"line":315}},"s":{"0":1,"1":4,"2":4,"3":4,"4":4,"5":4,"6":4,"7":4,"8":4,"9":4,"10":4,"11":0,"12":0,"13":0,"14":0,"15":0,"16":0,"17":0,"18":0,"19":0,"20":0,"21":0,"22":4,"23":4,"24":0,"25":4,"26":4,"27":0,"28":4,"29":0,"30":0,"31":0,"32":0,"33":4,"34":0,"35":0,"36":0,"37":0,"38":0,"39":0,"40":0,"41":0,"42":0,"43":0,"44":0,"45":0,"46":0,"47":0,"48":0,"49":0,"50":0,"51":0,"52":4,"53":0,"54":0,"55":0,"56":0,"57":0,"58":0,"59":0,"60":0,"61":0,"62":0,"63":0,"64":0,"65":0,"66":0,"67":0,"68":0,"69":0,"70":0,"71":0,"72":0,"73":0,"74":0,"75":0,"76":0,"77":0,"78":0,"79":0,"80":0,"81":0,"82":0,"83":0,"84":0,"85":0,"86":0,"87":0,"88":0,"89":0,"90":0,"91":0,"92":0,"93":0,"94":0,"95":0,"96":0,"97":0,"98":0,"99":0,"100":0,"101":0,"102":0,"103":0,"104":0,"105":0,"106":4,"107":0,"108":0,"109":0,"110":0,"111":0,"112":4,"113":4,"114":0,"115":0,"116":0,"117":4,"118":0},"f":{"0":4,"1":4,"2":0,"3":4,"4":4,"5":0,"6":0,"7":0,"8":0,"9":0,"10":0,"11":0,"12":0,"13":0},"b":{"0":[0,4],"1":[0,4],"2":[0,4],"3":[4,1],"4":[0,0],"5":[0,0],"6":[0,0],"7":[0,0],"8":[0,0],"9":[0,0],"10":[0,0],"11":[0,0],"12":[0,0],"13":[0,0],"14":[0,0],"15":[0,0],"16":[0,0],"17":[0,0],"18":[0,0],"19":[0,0],"20":[0,0,0],"21":[0,0],"22":[0,0],"23":[0,0],"24":[0,0],"25":[0,0],"26":[0,0],"27":[0,0,0],"28":[0,0],"29":[0,0],"30":[0,0],"31":[0,0],"32":[0,0],"33":[0,0],"34":[0,0],"35":[0,0],"36":[0,0],"37":[0,0],"38":[0,0],"39":[0,0],"40":[0,0],"41":[0,0,0],"42":[0,0],"43":[0,0],"44":[4,0],"45":[0,0],"46":[0,0],"47":[0,0],"48":[0,0],"49":[0,0],"50":[0,0],"51":[0,0],"52":[4,0],"53":[0,0],"54":[0,0]},"meta":{"lastBranch":55,"lastFunction":14,"lastStatement":119,"seen":{"s:20:25:341:Infinity":0,"f:20:25:20:26":0,"s:21:40:21:Infinity":1,"s:22:32:22:Infinity":2,"s:23:28:23:Infinity":3,"s:24:30:24:Infinity":4,"s:25:30:25:Infinity":5,"s:28:10:28:Infinity":6,"s:29:10:29:Infinity":7,"s:30:10:30:Infinity":8,"s:33:4:51:Infinity":9,"f:33:14:33:20":1,"b:34:8:50:Infinity:undefined:undefined:undefined:undefined":0,"s:34:8:50:Infinity":10,"s:36:28:36:Infinity":11,"s:37:12:37:Infinity":12,"s:38:12:38:Infinity":13,"s:39:12:39:Infinity":14,"s:40:12:40:Infinity":15,"s:42:12:49:Infinity":16,"f:42:19:42:25":2,"s:44:16:44:Infinity":17,"s:45:16:45:Infinity":18,"s:46:16:46:Infinity":19,"s:47:16:47:Infinity":20,"s:48:16:48:Infinity":21,"s:54:4:58:Infinity":22,"f:54:14:54:20":3,"b:55:8:57:Infinity:undefined:undefined:undefined:undefined":1,"s:55:8:57:Infinity":23,"s:56:12:56:Infinity":24,"s:61:4:68:Infinity":25,"f:61:14:61:20":4,"b:62:8:67:Infinity:undefined:undefined:undefined:undefined":2,"s:62:8:67:Infinity":26,"b:62:12:62:20:62:20:62:30":3,"s:63:12:66:Infinity":27,"b:65:29:65:51:65:51:65:Infinity":4,"s:70:30:78:Infinity":28,"f:70:30:70:31":5,"s:71:32:71:Infinity":29,"s:72:8:72:Infinity":30,"b:75:8:77:Infinity:undefined:undefined:undefined:undefined":5,"s:75:8:77:Infinity":31,"s:76:12:76:Infinity":32,"s:80:25:104:Infinity":33,"f:80:25:80:40":6,"s:81:31:81:Infinity":34,"b:83:8:94:Infinity:88:8:94:Infinity":6,"s:83:8:94:Infinity":35,"s:84:12:84:Infinity":36,"b:84:40:84:56:84:56:84:58":7,"s:85:12:85:Infinity":37,"b:85:47:85:69:85:69:85:73":8,"s:86:12:86:Infinity":38,"b:86:46:86:67:86:67:86:71":9,"s:87:12:87:Infinity":39,"b:87:56:87:80:87:80:87:82":10,"b:88:8:94:Infinity:undefined:undefined:undefined:undefined":11,"s:88:8:94:Infinity":40,"s:89:12:89:Infinity":41,"b:89:40:89:56:89:56:89:58":12,"s:90:12:90:Infinity":42,"b:90:42:90:59:90:59:90:63":13,"s:91:12:91:Infinity":43,"b:91:48:91:68:91:68:91:70":14,"s:92:12:92:Infinity":44,"b:92:54:92:77:92:77:92:79":15,"s:93:12:93:Infinity":45,"b:93:56:93:80:93:80:93:82":16,"s:96:26:96:Infinity":46,"f:96:56:96:65":7,"s:96:65:96:77":47,"b:98:8:101:Infinity:undefined:undefined:undefined:undefined":17,"s:98:8:101:Infinity":48,"s:99:12:99:Infinity":49,"s:100:12:100:Infinity":50,"s:103:8:103:Infinity":51,"s:106:25:204:Infinity":52,"f:106:25:106:32":8,"s:107:8:107:Infinity":53,"s:108:8:108:Infinity":54,"s:109:8:109:Infinity":55,"b:112:8:115:Infinity:undefined:undefined:undefined:undefined":18,"s:112:8:115:Infinity":56,"s:113:12:113:Infinity":57,"s:114:12:114:Infinity":58,"b:118:8:124:Infinity:undefined:undefined:undefined:undefined":19,"s:118:8:124:Infinity":59,"b:118:12:118:49:118:49:118:96:118:96:118:137":20,"b:119:12:123:Infinity:undefined:undefined:undefined:undefined":21,"s:119:12:123:Infinity":60,"s:120:16:120:Infinity":61,"s:121:16:121:Infinity":62,"s:122:16:122:Infinity":63,"s:126:8:203:Infinity":64,"s:128:35:128:Infinity":65,"b:130:12:148:Infinity:141:12:148:Infinity":22,"s:130:12:148:Infinity":66,"s:131:16:131:Infinity":67,"b:131:45:131:61:131:61:131:63":23,"s:132:16:132:Infinity":68,"b:132:51:132:73:132:73:132:75":24,"s:133:16:133:Infinity":69,"b:133:50:133:71:133:71:133:73":25,"s:134:16:134:Infinity":70,"b:134:48:134:67:134:67:134:69":26,"s:135:16:135:Infinity":71,"b:135:53:135:89:135:89:135:127:135:127:135:129":27,"s:136:16:136:Infinity":72,"b:136:47:136:65:136:65:136:67":28,"s:137:16:137:Infinity":73,"b:137:53:137:77:137:77:137:79":29,"b:138:16:140:Infinity:undefined:undefined:undefined:undefined":30,"s:138:16:140:Infinity":74,"s:139:20:139:Infinity":75,"b:141:12:148:Infinity:undefined:undefined:undefined:undefined":31,"s:141:12:148:Infinity":76,"s:142:16:142:Infinity":77,"b:142:45:142:61:142:61:142:63":32,"s:143:16:143:Infinity":78,"b:143:46:143:63:143:63:143:65":33,"s:144:16:144:Infinity":79,"b:144:49:144:69:144:69:144:71":34,"s:145:16:145:Infinity":80,"b:145:52:145:75:145:75:145:77":35,"s:146:16:146:Infinity":81,"b:146:47:146:65:146:65:146:67":36,"s:147:16:147:Infinity":82,"b:147:53:147:77:147:77:147:79":37,"b:151:12:153:Infinity:undefined:undefined:undefined:undefined":38,"s:151:12:153:Infinity":83,"s:152:16:152:Infinity":84,"s:155:29:157:Infinity":85,"b:156:18:156:Infinity:157:18:157:Infinity":39,"s:159:12:163:Infinity":86,"s:165:12:165:Infinity":87,"b:168:12:181:Infinity:undefined:undefined:undefined:undefined":40,"s:168:12:181:Infinity":88,"b:168:16:168:53:168:53:168:100:168:100:168:141":41,"s:169:16:180:Infinity":89,"s:170:20:170:Infinity":90,"s:171:20:171:Infinity":91,"s:173:20:173:Infinity":92,"s:174:20:177:Infinity":93,"b:176:30:176:69:176:69:176:Infinity":42,"s:178:20:178:Infinity":94,"s:179:20:179:Infinity":95,"s:184:12:184:Infinity":96,"s:186:12:194:Infinity":97,"f:186:23:186:35":9,"s:187:16:193:Infinity":98,"s:188:20:188:Infinity":99,"s:189:20:189:Infinity":100,"s:191:20:191:Infinity":101,"s:192:20:192:Infinity":102,"s:196:12:196:Infinity":103,"s:197:12:200:Infinity":104,"b:199:22:199:53:199:53:199:Infinity":43,"s:202:12:202:Infinity":105,"s:206:32:213:Infinity":106,"f:206:32:206:44":10,"s:207:8:207:Infinity":107,"s:208:8:211:Infinity":108,"f:209:12:209:18":11,"s:209:18:209:Infinity":109,"f:210:12:210:13":12,"s:210:30:210:Infinity":110,"s:212:8:212:Infinity":111,"b:215:4:215:Infinity:undefined:undefined:undefined:undefined":44,"s:215:4:215:Infinity":112,"s:215:17:215:Infinity":113,"b:218:4:220:Infinity:undefined:undefined:undefined:undefined":45,"s:218:4:220:Infinity":114,"b:218:8:218:37:218:37:218:62":46,"s:219:8:219:Infinity":115,"s:223:24:225:Infinity":116,"b:224:10:224:Infinity:225:10:225:Infinity":47,"b:224:10:224:43:224:43:224:Infinity":48,"b:225:10:225:38:225:38:225:Infinity":49,"s:227:4:339:Infinity":117,"b:263:28:267:Infinity:269:28:273:Infinity":50,"f:281:38:281:44":13,"s:281:44:281:Infinity":118,"b:299:43:299:60:299:60:299:Infinity":51,"b:310:13:310:Infinity:311:16:327:Infinity":52,"b:312:93:312:151:312:151:312:Infinity":53,"b:316:32:318:Infinity:320:32:322:Infinity":54}}}
,"E:\\blood4life\\frontend\\src\\components\\Modals\\EditProfileModal\\HospitalFields.tsx": {"path":"E:\\blood4life\\frontend\\src\\components\\Modals\\EditProfileModal\\HospitalFields.tsx","statementMap":{"0":{"start":{"line":11,"column":61},"end":{"line":120,"column":null}},"1":{"start":{"line":12,"column":4},"end":{"line":118,"column":null}}},"fnMap":{"0":{"name":"(anonymous_0)","decl":{"start":{"line":11,"column":61},"end":{"line":11,"column":62}},"loc":{"start":{"line":11,"column":102},"end":{"line":120,"column":null}},"line":11}},"branchMap":{"0":{"loc":{"start":{"line":20,"column":27},"end":{"line":20,"column":null}},"type":"binary-expr","locations":[{"start":{"line":20,"column":27},"end":{"line":20,"column":43}},{"start":{"line":20,"column":43},"end":{"line":20,"column":null}}],"line":20},"1":{"loc":{"start":{"line":22,"column":180},"end":{"line":22,"column":null}},"type":"cond-expr","locations":[{"start":{"line":22,"column":193},"end":{"line":22,"column":212}},{"start":{"line":22,"column":212},"end":{"line":22,"column":null}}],"line":22},"2":{"loc":{"start":{"line":26,"column":17},"end":{"line":29,"column":null}},"type":"cond-expr","locations":[{"start":{"line":27,"column":20},"end":{"line":27,"column":null}},{"start":{"line":29,"column":20},"end":{"line":29,"column":null}}],"line":26},"3":{"loc":{"start":{"line":39,"column":27},"end":{"line":39,"column":null}},"type":"binary-expr","locations":[{"start":{"line":39,"column":27},"end":{"line":39,"column":44}},{"start":{"line":39,"column":44},"end":{"line":39,"column":null}}],"line":39},"4":{"loc":{"start":{"line":41,"column":180},"end":{"line":41,"column":null}},"type":"cond-expr","locations":[{"start":{"line":41,"column":194},"end":{"line":41,"column":213}},{"start":{"line":41,"column":213},"end":{"line":41,"column":null}}],"line":41},"5":{"loc":{"start":{"line":45,"column":17},"end":{"line":45,"column":null}},"type":"binary-expr","locations":[{"start":{"line":45,"column":17},"end":{"line":45,"column":32}},{"start":{"line":45,"column":32},"end":{"line":45,"column":null}}],"line":45},"6":{"loc":{"start":{"line":54,"column":27},"end":{"line":54,"column":null}},"type":"binary-expr","locations":[{"start":{"line":54,"column":27},"end":{"line":54,"column":47}},{"start":{"line":54,"column":47},"end":{"line":54,"column":null}}],"line":54},"7":{"loc":{"start":{"line":56,"column":180},"end":{"line":56,"column":null}},"type":"cond-expr","locations":[{"start":{"line":56,"column":197},"end":{"line":56,"column":216}},{"start":{"line":56,"column":216},"end":{"line":56,"column":null}}],"line":56},"8":{"loc":{"start":{"line":60,"column":17},"end":{"line":63,"column":null}},"type":"cond-expr","locations":[{"start":{"line":61,"column":20},"end":{"line":61,"column":null}},{"start":{"line":63,"column":20},"end":{"line":63,"column":null}}],"line":60},"9":{"loc":{"start":{"line":73,"column":27},"end":{"line":73,"column":null}},"type":"binary-expr","locations":[{"start":{"line":73,"column":27},"end":{"line":73,"column":50}},{"start":{"line":73,"column":50},"end":{"line":73,"column":null}}],"line":73},"10":{"loc":{"start":{"line":75,"column":180},"end":{"line":75,"column":null}},"type":"cond-expr","locations":[{"start":{"line":75,"column":200},"end":{"line":75,"column":219}},{"start":{"line":75,"column":219},"end":{"line":75,"column":null}}],"line":75},"11":{"loc":{"start":{"line":79,"column":17},"end":{"line":82,"column":null}},"type":"cond-expr","locations":[{"start":{"line":80,"column":20},"end":{"line":80,"column":null}},{"start":{"line":82,"column":20},"end":{"line":82,"column":null}}],"line":79},"12":{"loc":{"start":{"line":92,"column":27},"end":{"line":92,"column":null}},"type":"binary-expr","locations":[{"start":{"line":92,"column":27},"end":{"line":92,"column":45}},{"start":{"line":92,"column":45},"end":{"line":92,"column":null}}],"line":92},"13":{"loc":{"start":{"line":106,"column":27},"end":{"line":106,"column":null}},"type":"binary-expr","locations":[{"start":{"line":106,"column":27},"end":{"line":106,"column":51}},{"start":{"line":106,"column":51},"end":{"line":106,"column":null}}],"line":106},"14":{"loc":{"start":{"line":108,"column":180},"end":{"line":108,"column":null}},"type":"cond-expr","locations":[{"start":{"line":108,"column":201},"end":{"line":108,"column":220}},{"start":{"line":108,"column":220},"end":{"line":108,"column":null}}],"line":108},"15":{"loc":{"start":{"line":112,"column":17},"end":{"line":115,"column":null}},"type":"cond-expr","locations":[{"start":{"line":113,"column":20},"end":{"line":113,"column":null}},{"start":{"line":115,"column":20},"end":{"line":115,"column":null}}],"line":112}},"s":{"0":1,"1":0},"f":{"0":0},"b":{"0":[0,0],"1":[0,0],"2":[0,0],"3":[0,0],"4":[0,0],"5":[0,0],"6":[0,0],"7":[0,0],"8":[0,0],"9":[0,0],"10":[0,0],"11":[0,0],"12":[0,0],"13":[0,0],"14":[0,0],"15":[0,0]},"meta":{"lastBranch":16,"lastFunction":1,"lastStatement":2,"seen":{"s:11:61:120:Infinity":0,"f:11:61:11:62":0,"s:12:4:118:Infinity":1,"b:20:27:20:43:20:43:20:Infinity":0,"b:22:193:22:212:22:212:22:Infinity":1,"b:27:20:27:Infinity:29:20:29:Infinity":2,"b:39:27:39:44:39:44:39:Infinity":3,"b:41:194:41:213:41:213:41:Infinity":4,"b:45:17:45:32:45:32:45:Infinity":5,"b:54:27:54:47:54:47:54:Infinity":6,"b:56:197:56:216:56:216:56:Infinity":7,"b:61:20:61:Infinity:63:20:63:Infinity":8,"b:73:27:73:50:73:50:73:Infinity":9,"b:75:200:75:219:75:219:75:Infinity":10,"b:80:20:80:Infinity:82:20:82:Infinity":11,"b:92:27:92:45:92:45:92:Infinity":12,"b:106:27:106:51:106:51:106:Infinity":13,"b:108:201:108:220:108:220:108:Infinity":14,"b:113:20:113:Infinity:115:20:115:Infinity":15}}}
,"E:\\blood4life\\frontend\\src\\components\\Modals\\EditProfileModal\\PasswordChangeSection.tsx": {"path":"E:\\blood4life\\frontend\\src\\components\\Modals\\EditProfileModal\\PasswordChangeSection.tsx","statementMap":{"0":{"start":{"line":17,"column":75},"end":{"line":98,"column":null}},"1":{"start":{"line":24,"column":4},"end":{"line":96,"column":null}}},"fnMap":{"0":{"name":"(anonymous_0)","decl":{"start":{"line":17,"column":75},"end":{"line":17,"column":76}},"loc":{"start":{"line":23,"column":6},"end":{"line":98,"column":null}},"line":23}},"branchMap":{"0":{"loc":{"start":{"line":32,"column":63},"end":{"line":32,"column":100}},"type":"cond-expr","locations":[{"start":{"line":32,"column":84},"end":{"line":32,"column":98}},{"start":{"line":32,"column":98},"end":{"line":32,"column":100}}],"line":32},"1":{"loc":{"start":{"line":43,"column":114},"end":{"line":43,"column":null}},"type":"cond-expr","locations":[{"start":{"line":43,"column":135},"end":{"line":43,"column":160}},{"start":{"line":43,"column":160},"end":{"line":43,"column":null}}],"line":43},"2":{"loc":{"start":{"line":53,"column":184},"end":{"line":53,"column":null}},"type":"cond-expr","locations":[{"start":{"line":53,"column":217},"end":{"line":53,"column":236}},{"start":{"line":53,"column":236},"end":{"line":53,"column":null}}],"line":53},"3":{"loc":{"start":{"line":57,"column":21},"end":{"line":58,"column":null}},"type":"binary-expr","locations":[{"start":{"line":57,"column":21},"end":{"line":57,"column":null}},{"start":{"line":58,"column":24},"end":{"line":58,"column":null}}],"line":57},"4":{"loc":{"start":{"line":68,"column":184},"end":{"line":68,"column":null}},"type":"cond-expr","locations":[{"start":{"line":68,"column":213},"end":{"line":68,"column":232}},{"start":{"line":68,"column":232},"end":{"line":68,"column":null}}],"line":68},"5":{"loc":{"start":{"line":72,"column":21},"end":{"line":77,"column":null}},"type":"cond-expr","locations":[{"start":{"line":73,"column":24},"end":{"line":73,"column":null}},{"start":{"line":75,"column":24},"end":{"line":77,"column":null}}],"line":72},"6":{"loc":{"start":{"line":87,"column":184},"end":{"line":87,"column":null}},"type":"cond-expr","locations":[{"start":{"line":87,"column":217},"end":{"line":87,"column":236}},{"start":{"line":87,"column":236},"end":{"line":87,"column":null}}],"line":87},"7":{"loc":{"start":{"line":91,"column":21},"end":{"line":92,"column":null}},"type":"binary-expr","locations":[{"start":{"line":91,"column":21},"end":{"line":91,"column":null}},{"start":{"line":92,"column":24},"end":{"line":92,"column":null}}],"line":91}},"s":{"0":1,"1":0},"f":{"0":0},"b":{"0":[0,0],"1":[0,0],"2":[0,0],"3":[0,0],"4":[0,0],"5":[0,0],"6":[0,0],"7":[0,0]},"meta":{"lastBranch":8,"lastFunction":1,"lastStatement":2,"seen":{"s:17:75:98:Infinity":0,"f:17:75:17:76":0,"s:24:4:96:Infinity":1,"b:32:84:32:98:32:98:32:100":0,"b:43:135:43:160:43:160:43:Infinity":1,"b:53:217:53:236:53:236:53:Infinity":2,"b:57:21:57:Infinity:58:24:58:Infinity":3,"b:68:213:68:232:68:232:68:Infinity":4,"b:73:24:73:Infinity:75:24:77:Infinity":5,"b:87:217:87:236:87:236:87:Infinity":6,"b:91:21:91:Infinity:92:24:92:Infinity":7}}}
,"E:\\blood4life\\frontend\\src\\components\\Modals\\EditProfileModal\\ProfileImageUpload.tsx": {"path":"E:\\blood4life\\frontend\\src\\components\\Modals\\EditProfileModal\\ProfileImageUpload.tsx","statementMap":{"0":{"start":{"line":13,"column":69},"end":{"line":46,"column":null}},"1":{"start":{"line":19,"column":4},"end":{"line":44,"column":null}}},"fnMap":{"0":{"name":"(anonymous_0)","decl":{"start":{"line":13,"column":69},"end":{"line":13,"column":70}},"loc":{"start":{"line":18,"column":6},"end":{"line":46,"column":null}},"line":18}},"branchMap":{"0":{"loc":{"start":{"line":26,"column":21},"end":{"line":31,"column":null}},"type":"cond-expr","locations":[{"start":{"line":27,"column":24},"end":{"line":27,"column":null}},{"start":{"line":29,"column":24},"end":{"line":31,"column":null}}],"line":26}},"s":{"0":1,"1":0},"f":{"0":0},"b":{"0":[0,0]},"meta":{"lastBranch":1,"lastFunction":1,"lastStatement":2,"seen":{"s:13:69:46:Infinity":0,"f:13:69:13:70":0,"s:19:4:44:Infinity":1,"b:27:24:27:Infinity:29:24:31:Infinity":0}}}
,"E:\\blood4life\\frontend\\src\\components\\Modals\\EditProfileModal\\useDeleteAccount.ts": {"path":"E:\\blood4life\\frontend\\src\\components\\Modals\\EditProfileModal\\useDeleteAccount.ts","statementMap":{"0":{"start":{"line":20,"column":32},"end":{"line":69,"column":null}},"1":{"start":{"line":21,"column":50},"end":{"line":21,"column":null}},"2":{"start":{"line":22,"column":50},"end":{"line":22,"column":null}},"3":{"start":{"line":24,"column":22},"end":{"line":24,"column":null}},"4":{"start":{"line":24,"column":28},"end":{"line":24,"column":null}},"5":{"start":{"line":25,"column":22},"end":{"line":28,"column":null}},"6":{"start":{"line":26,"column":8},"end":{"line":26,"column":null}},"7":{"start":{"line":27,"column":8},"end":{"line":27,"column":null}},"8":{"start":{"line":30,"column":32},"end":{"line":59,"column":null}},"9":{"start":{"line":35,"column":8},"end":{"line":38,"column":null}},"10":{"start":{"line":36,"column":12},"end":{"line":36,"column":null}},"11":{"start":{"line":37,"column":12},"end":{"line":37,"column":null}},"12":{"start":{"line":40,"column":8},"end":{"line":58,"column":null}},"13":{"start":{"line":41,"column":29},"end":{"line":43,"column":null}},"14":{"start":{"line":45,"column":12},"end":{"line":45,"column":null}},"15":{"start":{"line":47,"column":12},"end":{"line":47,"column":null}},"16":{"start":{"line":50,"column":12},"end":{"line":52,"column":null}},"17":{"start":{"line":51,"column":16},"end":{"line":51,"column":null}},"18":{"start":{"line":54,"column":12},"end":{"line":54,"column":null}},"19":{"start":{"line":55,"column":12},"end":{"line":55,"column":null}},"20":{"start":{"line":57,"column":12},"end":{"line":57,"column":null}},"21":{"start":{"line":61,"column":4},"end":{"line":68,"column":null}}},"fnMap":{"0":{"name":"(anonymous_0)","decl":{"start":{"line":20,"column":32},"end":{"line":20,"column":33}},"loc":{"start":{"line":20,"column":114},"end":{"line":69,"column":null}},"line":20},"1":{"name":"(anonymous_1)","decl":{"start":{"line":24,"column":22},"end":{"line":24,"column":28}},"loc":{"start":{"line":24,"column":28},"end":{"line":24,"column":null}},"line":24},"2":{"name":"(anonymous_2)","decl":{"start":{"line":25,"column":22},"end":{"line":25,"column":28}},"loc":{"start":{"line":25,"column":28},"end":{"line":28,"column":null}},"line":25},"3":{"name":"(anonymous_3)","decl":{"start":{"line":30,"column":32},"end":{"line":30,"column":null}},"loc":{"start":{"line":33,"column":9},"end":{"line":59,"column":null}},"line":33},"4":{"name":"(anonymous_4)","decl":{"start":{"line":50,"column":23},"end":{"line":50,"column":29}},"loc":{"start":{"line":50,"column":29},"end":{"line":52,"column":15}},"line":50}},"branchMap":{"0":{"loc":{"start":{"line":35,"column":8},"end":{"line":38,"column":null}},"type":"if","locations":[{"start":{"line":35,"column":8},"end":{"line":38,"column":null}},{"start":{},"end":{}}],"line":35},"1":{"loc":{"start":{"line":41,"column":29},"end":{"line":43,"column":null}},"type":"cond-expr","locations":[{"start":{"line":42,"column":18},"end":{"line":42,"column":null}},{"start":{"line":43,"column":18},"end":{"line":43,"column":null}}],"line":41},"2":{"loc":{"start":{"line":55,"column":20},"end":{"line":55,"column":80}},"type":"binary-expr","locations":[{"start":{"line":55,"column":20},"end":{"line":55,"column":51}},{"start":{"line":55,"column":51},"end":{"line":55,"column":80}}],"line":55}},"s":{"0":1,"1":4,"2":4,"3":4,"4":0,"5":4,"6":0,"7":0,"8":4,"9":0,"10":0,"11":0,"12":0,"13":0,"14":0,"15":0,"16":0,"17":0,"18":0,"19":0,"20":0,"21":4},"f":{"0":4,"1":0,"2":0,"3":0,"4":0},"b":{"0":[0,0],"1":[0,0],"2":[0,0]},"meta":{"lastBranch":3,"lastFunction":5,"lastStatement":22,"seen":{"s:20:32:69:Infinity":0,"f:20:32:20:33":0,"s:21:50:21:Infinity":1,"s:22:50:22:Infinity":2,"s:24:22:24:Infinity":3,"f:24:22:24:28":1,"s:24:28:24:Infinity":4,"s:25:22:28:Infinity":5,"f:25:22:25:28":2,"s:26:8:26:Infinity":6,"s:27:8:27:Infinity":7,"s:30:32:59:Infinity":8,"f:30:32:30:Infinity":3,"b:35:8:38:Infinity:undefined:undefined:undefined:undefined":0,"s:35:8:38:Infinity":9,"s:36:12:36:Infinity":10,"s:37:12:37:Infinity":11,"s:40:8:58:Infinity":12,"s:41:29:43:Infinity":13,"b:42:18:42:Infinity:43:18:43:Infinity":1,"s:45:12:45:Infinity":14,"s:47:12:47:Infinity":15,"s:50:12:52:Infinity":16,"f:50:23:50:29":4,"s:51:16:51:Infinity":17,"s:54:12:54:Infinity":18,"s:55:12:55:Infinity":19,"b:55:20:55:51:55:51:55:80":2,"s:57:12:57:Infinity":20,"s:61:4:68:Infinity":21}}}
,"E:\\blood4life\\frontend\\src\\components\\Modals\\EditProfileModal\\useImageUpload.ts": {"path":"E:\\blood4life\\frontend\\src\\components\\Modals\\EditProfileModal\\useImageUpload.ts","statementMap":{"0":{"start":{"line":16,"column":30},"end":{"line":50,"column":null}},"1":{"start":{"line":17,"column":34},"end":{"line":17,"column":null}},"2":{"start":{"line":18,"column":40},"end":{"line":21,"column":null}},"3":{"start":{"line":20,"column":8},"end":{"line":20,"column":null}},"4":{"start":{"line":24,"column":4},"end":{"line":30,"column":null}},"5":{"start":{"line":25,"column":8},"end":{"line":29,"column":null}},"6":{"start":{"line":26,"column":12},"end":{"line":26,"column":null}},"7":{"start":{"line":27,"column":8},"end":{"line":29,"column":null}},"8":{"start":{"line":28,"column":12},"end":{"line":28,"column":null}},"9":{"start":{"line":32,"column":30},"end":{"line":42,"column":null}},"10":{"start":{"line":33,"column":21},"end":{"line":33,"column":null}},"11":{"start":{"line":34,"column":8},"end":{"line":41,"column":null}},"12":{"start":{"line":35,"column":12},"end":{"line":35,"column":null}},"13":{"start":{"line":36,"column":27},"end":{"line":36,"column":null}},"14":{"start":{"line":37,"column":12},"end":{"line":39,"column":null}},"15":{"start":{"line":38,"column":16},"end":{"line":38,"column":null}},"16":{"start":{"line":40,"column":12},"end":{"line":40,"column":null}},"17":{"start":{"line":44,"column":4},"end":{"line":49,"column":null}}},"fnMap":{"0":{"name":"(anonymous_0)","decl":{"start":{"line":16,"column":30},"end":{"line":16,"column":31}},"loc":{"start":{"line":16,"column":67},"end":{"line":50,"column":null}},"line":16},"1":{"name":"(anonymous_1)","decl":{"start":{"line":18,"column":68},"end":{"line":18,"column":74}},"loc":{"start":{"line":18,"column":74},"end":{"line":21,"column":5}},"line":18},"2":{"name":"(anonymous_2)","decl":{"start":{"line":24,"column":14},"end":{"line":24,"column":20}},"loc":{"start":{"line":24,"column":20},"end":{"line":30,"column":7}},"line":24},"3":{"name":"(anonymous_3)","decl":{"start":{"line":32,"column":30},"end":{"line":32,"column":31}},"loc":{"start":{"line":32,"column":74},"end":{"line":42,"column":null}},"line":32},"4":{"name":"(anonymous_4)","decl":{"start":{"line":37,"column":31},"end":{"line":37,"column":37}},"loc":{"start":{"line":37,"column":37},"end":{"line":39,"column":null}},"line":37}},"branchMap":{"0":{"loc":{"start":{"line":20,"column":15},"end":{"line":20,"column":null}},"type":"cond-expr","locations":[{"start":{"line":20,"column":33},"end":{"line":20,"column":63}},{"start":{"line":20,"column":63},"end":{"line":20,"column":null}}],"line":20},"1":{"loc":{"start":{"line":25,"column":8},"end":{"line":29,"column":null}},"type":"if","locations":[{"start":{"line":25,"column":8},"end":{"line":29,"column":null}},{"start":{"line":27,"column":8},"end":{"line":29,"column":null}}],"line":25},"2":{"loc":{"start":{"line":25,"column":12},"end":{"line":25,"column":43}},"type":"binary-expr","locations":[{"start":{"line":25,"column":12},"end":{"line":25,"column":31}},{"start":{"line":25,"column":31},"end":{"line":25,"column":43}}],"line":25},"3":{"loc":{"start":{"line":27,"column":8},"end":{"line":29,"column":null}},"type":"if","locations":[{"start":{"line":27,"column":8},"end":{"line":29,"column":null}},{"start":{},"end":{}}],"line":27},"4":{"loc":{"start":{"line":27,"column":19},"end":{"line":27,"column":51}},"type":"binary-expr","locations":[{"start":{"line":27,"column":19},"end":{"line":27,"column":39}},{"start":{"line":27,"column":39},"end":{"line":27,"column":51}}],"line":27},"5":{"loc":{"start":{"line":34,"column":8},"end":{"line":41,"column":null}},"type":"if","locations":[{"start":{"line":34,"column":8},"end":{"line":41,"column":null}},{"start":{},"end":{}}],"line":34}},"s":{"0":1,"1":4,"2":4,"3":4,"4":4,"5":4,"6":0,"7":4,"8":4,"9":4,"10":0,"11":0,"12":0,"13":0,"14":0,"15":0,"16":0,"17":4},"f":{"0":4,"1":4,"2":4,"3":0,"4":0},"b":{"0":[0,4],"1":[0,4],"2":[4,0],"3":[4,0],"4":[4,4],"5":[0,0]},"meta":{"lastBranch":6,"lastFunction":5,"lastStatement":18,"seen":{"s:16:30:50:Infinity":0,"f:16:30:16:31":0,"s:17:34:17:Infinity":1,"s:18:40:21:Infinity":2,"f:18:68:18:74":1,"s:20:8:20:Infinity":3,"b:20:33:20:63:20:63:20:Infinity":0,"s:24:4:30:Infinity":4,"f:24:14:24:20":2,"b:25:8:29:Infinity:27:8:29:Infinity":1,"s:25:8:29:Infinity":5,"b:25:12:25:31:25:31:25:43":2,"s:26:12:26:Infinity":6,"b:27:8:29:Infinity:undefined:undefined:undefined:undefined":3,"s:27:8:29:Infinity":7,"b:27:19:27:39:27:39:27:51":4,"s:28:12:28:Infinity":8,"s:32:30:42:Infinity":9,"f:32:30:32:31":3,"s:33:21:33:Infinity":10,"b:34:8:41:Infinity:undefined:undefined:undefined:undefined":5,"s:34:8:41:Infinity":11,"s:35:12:35:Infinity":12,"s:36:27:36:Infinity":13,"s:37:12:39:Infinity":14,"f:37:31:37:37":4,"s:38:16:38:Infinity":15,"s:40:12:40:Infinity":16,"s:44:4:49:Infinity":17}}}
,"E:\\blood4life\\frontend\\src\\components\\Modals\\EditProfileModal\\usePasswordChange.ts": {"path":"E:\\blood4life\\frontend\\src\\components\\Modals\\EditProfileModal\\usePasswordChange.ts","statementMap":{"0":{"start":{"line":21,"column":33},"end":{"line":78,"column":null}},"1":{"start":{"line":22,"column":40},"end":{"line":26,"column":null}},"2":{"start":{"line":28,"column":44},"end":{"line":28,"column":null}},"3":{"start":{"line":29,"column":52},"end":{"line":29,"column":null}},"4":{"start":{"line":31,"column":33},"end":{"line":39,"column":null}},"5":{"start":{"line":32,"column":32},"end":{"line":32,"column":null}},"6":{"start":{"line":33,"column":8},"end":{"line":33,"column":null}},"7":{"start":{"line":36,"column":8},"end":{"line":38,"column":null}},"8":{"start":{"line":37,"column":12},"end":{"line":37,"column":null}},"9":{"start":{"line":41,"column":30},"end":{"line":55,"column":null}},"10":{"start":{"line":42,"column":68},"end":{"line":46,"column":null}},"11":{"start":{"line":48,"column":26},"end":{"line":48,"column":null}},"12":{"start":{"line":48,"column":62},"end":{"line":48,"column":74}},"13":{"start":{"line":50,"column":8},"end":{"line":52,"column":null}},"14":{"start":{"line":51,"column":12},"end":{"line":51,"column":null}},"15":{"start":{"line":54,"column":8},"end":{"line":54,"column":null}},"16":{"start":{"line":57,"column":27},"end":{"line":67,"column":null}},"17":{"start":{"line":58,"column":33},"end":{"line":58,"column":null}},"18":{"start":{"line":59,"column":8},"end":{"line":59,"column":null}},"19":{"start":{"line":60,"column":8},"end":{"line":60,"column":null}},"20":{"start":{"line":62,"column":33},"end":{"line":64,"column":null}},"21":{"start":{"line":66,"column":8},"end":{"line":66,"column":null}},"22":{"start":{"line":69,"column":4},"end":{"line":77,"column":null}}},"fnMap":{"0":{"name":"(anonymous_0)","decl":{"start":{"line":21,"column":33},"end":{"line":21,"column":34}},"loc":{"start":{"line":21,"column":116},"end":{"line":78,"column":null}},"line":21},"1":{"name":"(anonymous_1)","decl":{"start":{"line":31,"column":33},"end":{"line":31,"column":34}},"loc":{"start":{"line":31,"column":77},"end":{"line":39,"column":null}},"line":31},"2":{"name":"(anonymous_2)","decl":{"start":{"line":41,"column":30},"end":{"line":41,"column":45}},"loc":{"start":{"line":41,"column":45},"end":{"line":55,"column":null}},"line":41},"3":{"name":"(anonymous_3)","decl":{"start":{"line":48,"column":53},"end":{"line":48,"column":62}},"loc":{"start":{"line":48,"column":62},"end":{"line":48,"column":74}},"line":48},"4":{"name":"(anonymous_4)","decl":{"start":{"line":57,"column":27},"end":{"line":57,"column":39}},"loc":{"start":{"line":57,"column":39},"end":{"line":67,"column":null}},"line":57}},"branchMap":{"0":{"loc":{"start":{"line":36,"column":8},"end":{"line":38,"column":null}},"type":"if","locations":[{"start":{"line":36,"column":8},"end":{"line":38,"column":null}},{"start":{},"end":{}}],"line":36},"1":{"loc":{"start":{"line":50,"column":8},"end":{"line":52,"column":null}},"type":"if","locations":[{"start":{"line":50,"column":8},"end":{"line":52,"column":null}},{"start":{},"end":{}}],"line":50},"2":{"loc":{"start":{"line":62,"column":33},"end":{"line":64,"column":null}},"type":"cond-expr","locations":[{"start":{"line":63,"column":14},"end":{"line":63,"column":null}},{"start":{"line":64,"column":14},"end":{"line":64,"column":null}}],"line":62}},"s":{"0":1,"1":4,"2":4,"3":4,"4":4,"5":0,"6":0,"7":0,"8":0,"9":4,"10":0,"11":0,"12":0,"13":0,"14":0,"15":0,"16":4,"17":0,"18":0,"19":0,"20":0,"21":0,"22":4},"f":{"0":4,"1":0,"2":0,"3":0,"4":0},"b":{"0":[0,0],"1":[0,0],"2":[0,0]},"meta":{"lastBranch":3,"lastFunction":5,"lastStatement":23,"seen":{"s:21:33:78:Infinity":0,"f:21:33:21:34":0,"s:22:40:26:Infinity":1,"s:28:44:28:Infinity":2,"s:29:52:29:Infinity":3,"s:31:33:39:Infinity":4,"f:31:33:31:34":1,"s:32:32:32:Infinity":5,"s:33:8:33:Infinity":6,"b:36:8:38:Infinity:undefined:undefined:undefined:undefined":0,"s:36:8:38:Infinity":7,"s:37:12:37:Infinity":8,"s:41:30:55:Infinity":9,"f:41:30:41:45":2,"s:42:68:46:Infinity":10,"s:48:26:48:Infinity":11,"f:48:53:48:62":3,"s:48:62:48:74":12,"b:50:8:52:Infinity:undefined:undefined:undefined:undefined":1,"s:50:8:52:Infinity":13,"s:51:12:51:Infinity":14,"s:54:8:54:Infinity":15,"s:57:27:67:Infinity":16,"f:57:27:57:39":4,"s:58:33:58:Infinity":17,"s:59:8:59:Infinity":18,"s:60:8:60:Infinity":19,"s:62:33:64:Infinity":20,"b:63:14:63:Infinity:64:14:64:Infinity":2,"s:66:8:66:Infinity":21,"s:69:4:77:Infinity":22
[...]
ne":152,"column":14},"end":{"line":152,"column":null}}],"line":150},"8":{"loc":{"start":{"line":166,"column":17},"end":{"line":179,"column":null}},"type":"cond-expr","locations":[{"start":{"line":167,"column":18},"end":{"line":172,"column":null}},{"start":{"line":174,"column":18},"end":{"line":179,"column":null}}],"line":166},"9":{"loc":{"start":{"line":184,"column":15},"end":{"line":227,"column":null}},"type":"cond-expr","locations":[{"start":{"line":185,"column":16},"end":{"line":205,"column":null}},{"start":{"line":207,"column":16},"end":{"line":227,"column":null}}],"line":184}},"s":{"0":1,"1":1,"2":5,"3":5,"4":5,"5":5,"6":5,"7":5,"8":5,"9":5,"10":2,"11":5,"12":2,"13":2,"14":2,"15":1,"16":1,"17":1,"18":1,"19":1,"20":1,"21":2,"22":5,"23":1,"24":1,"25":1,"26":1,"27":1,"28":0,"29":5,"30":0,"31":0,"32":0,"33":0,"34":0,"35":0,"36":5,"37":2,"38":3,"39":1,"40":2,"41":5,"42":5,"43":0,"44":0,"45":1,"46":1,"47":0,"48":0},"f":{"0":5,"1":2,"2":2,"3":1,"4":1,"5":0,"6":0,"7":0,"8":0,"9":1,"10":1,"11":0,"12":0},"b":{"0":[1,0],"1":[0,0],"2":[2,3],"3":[1,2],"4":[2,0],"5":[5,2],"6":[2,0],"7":[0,2],"8":[2,0],"9":[2,0]},"meta":{"lastBranch":10,"lastFunction":13,"lastStatement":49,"seen":{"s:17:0:24:Infinity":0,"s:28:23:235:Infinity":1,"f:28:23:28:29":0,"s:29:12:29:Infinity":2,"s:30:24:30:Infinity":3,"s:31:26:31:Infinity":4,"s:32:32:32:Infinity":5,"s:33:32:33:Infinity":6,"s:34:28:34:Infinity":7,"s:35:24:35:Infinity":8,"s:37:2:39:Infinity":9,"f:37:12:37:18":1,"s:38:4:38:Infinity":10,"s:41:20:59:Infinity":11,"f:41:20:41:32":2,"s:42:4:58:Infinity":12,"s:43:6:43:Infinity":13,"s:44:53:48:Infinity":14,"s:49:6:49:Infinity":15,"s:50:6:50:Infinity":16,"s:51:6:51:Infinity":17,"s:52:6:52:Infinity":18,"s:54:6:54:Infinity":19,"s:55:6:55:Infinity":20,"s:57:6:57:Infinity":21,"s:61:28:70:Infinity":22,"f:61:28:61:35":3,"b:62:4:69:Infinity:undefined:undefined:undefined:undefined":0,"s:62:4:69:Infinity":23,"s:63:6:68:Infinity":24,"s:64:8:64:Infinity":25,"s:65:8:65:Infinity":26,"f:65:32:65:37":4,"s:65:37:65:48":27,"s:67:8:67:Infinity":28,"s:72:31:81:Infinity":29,"f:72:31:72:38":5,"b:73:4:80:Infinity:undefined:undefined:undefined:undefined":1,"s:73:4:80:Infinity":30,"s:74:6:79:Infinity":31,"s:75:8:75:Infinity":32,"s:76:8:76:Infinity":33,"f:76:38:76:43":6,"s:76:43:76:54":34,"s:78:8:78:Infinity":35,"b:83:2:89:Infinity:undefined:undefined:undefined:undefined":2,"s:83:2:89:Infinity":36,"s:84:4:87:Infinity":37,"b:91:2:97:Infinity:undefined:undefined:undefined:undefined":3,"s:91:2:97:Infinity":38,"s:92:4:95:Infinity":39,"s:99:20:110:Infinity":40,"b:99:28:110:6:110:6:110:Infinity":4,"s:112:23:123:Infinity":41,"s:125:2:233:Infinity":42,"b:130:7:130:Infinity:131:8:135:Infinity":5,"b:142:14:142:Infinity:143:14:143:Infinity":6,"f:145:19:145:25":7,"s:145:25:145:Infinity":43,"b:151:14:151:Infinity:152:14:152:Infinity":7,"f:154:19:154:25":8,"s:154:25:154:Infinity":44,"b:167:18:172:Infinity:174:18:179:Infinity":8,"b:185:16:205:Infinity:207:16:227:Infinity":9,"f:185:27:185:28":9,"s:186:18:204:Infinity":45,"f:198:33:198:39":10,"s:198:39:198:Infinity":46,"f:207:30:207:31":11,"s:208:18:226:Infinity":47,"f:220:33:220:39":12,"s:220:39:220:Infinity":48}}}
,"E:\\blood4life\\frontend\\src\\services\\authService.ts": {"path":"E:\\blood4life\\frontend\\src\\services\\authService.ts","statementMap":{"0":{"start":{"line":10,"column":27},"end":{"line":37,"column":null}},"1":{"start":{"line":12,"column":24},"end":{"line":12,"column":null}},"2":{"start":{"line":13,"column":21},"end":{"line":22,"column":null}},"3":{"start":{"line":23,"column":4},"end":{"line":23,"column":null}},"4":{"start":{"line":26,"column":21},"end":{"line":26,"column":null}},"5":{"start":{"line":27,"column":4},"end":{"line":27,"column":null}},"6":{"start":{"line":31,"column":4},"end":{"line":35,"column":null}}},"fnMap":{"0":{"name":"(anonymous_0)","decl":{"start":{"line":11,"column":9},"end":{"line":11,"column":16}},"loc":{"start":{"line":11,"column":95},"end":{"line":24,"column":null}},"line":11},"1":{"name":"(anonymous_1)","decl":{"start":{"line":25,"column":20},"end":{"line":25,"column":27}},"loc":{"start":{"line":25,"column":54},"end":{"line":28,"column":null}},"line":25},"2":{"name":"(anonymous_2)","decl":{"start":{"line":30,"column":22},"end":{"line":30,"column":23}},"loc":{"start":{"line":30,"column":48},"end":{"line":36,"column":null}},"line":30}},"branchMap":{},"s":{"0":2,"1":0,"2":0,"3":0,"4":0,"5":0,"6":0},"f":{"0":0,"1":0,"2":0},"b":{},"meta":{"lastBranch":0,"lastFunction":3,"lastStatement":7,"seen":{"s:10:27:37:Infinity":0,"f:11:9:11:16":0,"s:12:24:12:Infinity":1,"s:13:21:22:Infinity":2,"s:23:4:23:Infinity":3,"f:25:20:25:27":1,"s:26:21:26:Infinity":4,"s:27:4:27:Infinity":5,"f:30:22:30:23":2,"s:31:4:35:Infinity":6}}}
,"E:\\blood4life\\frontend\\src\\utils\\axiosInstance.ts": {"path":"E:\\blood4life\\frontend\\src\\utils\\axiosInstance.ts","statementMap":{"0":{"start":{"line":4,"column":22},"end":{"line":8,"column":null}},"1":{"start":{"line":11,"column":0},"end":{"line":22,"column":null}},"2":{"start":{"line":12,"column":16},"end":{"line":12,"column":null}},"3":{"start":{"line":14,"column":4},"end":{"line":19,"column":null}},"4":{"start":{"line":16,"column":6},"end":{"line":18,"column":null}},"5":{"start":{"line":17,"column":8},"end":{"line":17,"column":null}},"6":{"start":{"line":20,"column":4},"end":{"line":20,"column":null}}},"fnMap":{"0":{"name":"(anonymous_0)","decl":{"start":{"line":12,"column":2},"end":{"line":12,"column":3}},"loc":{"start":{"line":12,"column":16},"end":{"line":12,"column":null}},"line":12},"1":{"name":"(anonymous_1)","decl":{"start":{"line":13,"column":2},"end":{"line":13,"column":3}},"loc":{"start":{"line":13,"column":13},"end":{"line":21,"column":null}},"line":13}},"branchMap":{"0":{"loc":{"start":{"line":14,"column":4},"end":{"line":19,"column":null}},"type":"if","locations":[{"start":{"line":14,"column":4},"end":{"line":19,"column":null}},{"start":{},"end":{}}],"line":14},"1":{"loc":{"start":{"line":14,"column":8},"end":{"line":14,"column":57}},"type":"binary-expr","locations":[{"start":{"line":14,"column":8},"end":{"line":14,"column":26}},{"start":{"line":14,"column":26},"end":{"line":14,"column":57}}],"line":14},"2":{"loc":{"start":{"line":16,"column":6},"end":{"line":18,"column":null}},"type":"if","locations":[{"start":{"line":16,"column":6},"end":{"line":18,"column":null}},{"start":{},"end":{}}],"line":16}},"s":{"0":4,"1":4,"2":0,"3":0,"4":0,"5":0,"6":0},"f":{"0":0,"1":0},"b":{"0":[0,0],"1":[0,0],"2":[0,0]},"meta":{"lastBranch":3,"lastFunction":2,"lastStatement":7,"seen":{"s:4:22:8:Infinity":0,"s:11:0:22:Infinity":1,"f:12:2:12:3":0,"s:12:16:12:Infinity":2,"f:13:2:13:3":1,"b:14:4:19:Infinity:undefined:undefined:undefined:undefined":0,"s:14:4:19:Infinity":3,"b:14:8:14:26:14:26:14:57":1,"b:16:6:18:Infinity:undefined:undefined:undefined:undefined":2,"s:16:6:18:Infinity":4,"s:17:8:17:Infinity":5,"s:20:4:20:Infinity":6}}}
,"E:\\blood4life\\frontend\\src\\utils\\validation.ts": {"path":"E:\\blood4life\\frontend\\src\\utils\\validation.ts","statementMap":{"0":{"start":{"line":1,"column":25},"end":{"line":1,"column":null}},"1":{"start":{"line":2,"column":27},"end":{"line":2,"column":null}},"2":{"start":{"line":3,"column":40},"end":{"line":3,"column":null}},"3":{"start":{"line":4,"column":40},"end":{"line":4,"column":null}},"4":{"start":{"line":5,"column":36},"end":{"line":5,"column":null}},"5":{"start":{"line":6,"column":41},"end":{"line":6,"column":null}},"6":{"start":{"line":7,"column":43},"end":{"line":7,"column":null}},"7":{"start":{"line":8,"column":45},"end":{"line":8,"column":null}},"8":{"start":{"line":10,"column":29},"end":{"line":18,"column":null}},"9":{"start":{"line":11,"column":4},"end":{"line":11,"column":null}},"10":{"start":{"line":11,"column":23},"end":{"line":11,"column":null}},"11":{"start":{"line":12,"column":4},"end":{"line":12,"column":null}},"12":{"start":{"line":12,"column":28},"end":{"line":12,"column":null}},"13":{"start":{"line":13,"column":4},"end":{"line":13,"column":null}},"14":{"start":{"line":13,"column":26},"end":{"line":13,"column":null}},"15":{"start":{"line":14,"column":4},"end":{"line":14,"column":null}},"16":{"start":{"line":14,"column":34},"end":{"line":14,"column":null}},"17":{"start":{"line":15,"column":19},"end":{"line":15,"column":null}},"18":{"start":{"line":16,"column":4},"end":{"line":16,"column":null}},"19":{"start":{"line":16,"column":37},"end":{"line":16,"column":null}},"20":{"start":{"line":17,"column":4},"end":{"line":17,"column":null}},"21":{"start":{"line":20,"column":27},"end":{"line":24,"column":null}},"22":{"start":{"line":21,"column":4},"end":{"line":21,"column":null}},"23":{"start":{"line":21,"column":23},"end":{"line":21,"column":null}},"24":{"start":{"line":22,"column":4},"end":{"line":22,"column":null}},"25":{"start":{"line":22,"column":32},"end":{"line":22,"column":null}},"26":{"start":{"line":23,"column":4},"end":{"line":23,"column":null}},"27":{"start":{"line":26,"column":32},"end":{"line":37,"column":null}},"28":{"start":{"line":27,"column":4},"end":{"line":27,"column":null}},"29":{"start":{"line":27,"column":23},"end":{"line":27,"column":null}},"30":{"start":{"line":28,"column":4},"end":{"line":28,"column":null}},"31":{"start":{"line":28,"column":26},"end":{"line":28,"column":null}},"32":{"start":{"line":29,"column":4},"end":{"line":29,"column":null}},"33":{"start":{"line":29,"column":27},"end":{"line":29,"column":null}},"34":{"start":{"line":30,"column":4},"end":{"line":30,"column":null}},"35":{"start":{"line":30,"column":47},"end":{"line":30,"column":null}},"36":{"start":{"line":31,"column":4},"end":{"line":31,"column":null}},"37":{"start":{"line":31,"column":47},"end":{"line":31,"column":null}},"38":{"start":{"line":32,"column":4},"end":{"line":32,"column":null}},"39":{"start":{"line":32,"column":43},"end":{"line":32,"column":null}},"40":{"start":{"line":33,"column":4},"end":{"line":33,"column":null}},"41":{"start":{"line":33,"column":47},"end":{"line":33,"column":null}},"42":{"start":{"line":34,"column":4},"end":{"line":34,"column":null}},"43":{"start":{"line":34,"column":50},"end":{"line":34,"column":null}},"44":{"start":{"line":35,"column":4},"end":{"line":35,"column":null}},"45":{"start":{"line":35,"column":51},"end":{"line":35,"column":null}},"46":{"start":{"line":36,"column":4},"end":{"line":36,"column":null}},"47":{"start":{"line":39,"column":34},"end":{"line":49,"column":null}},"48":{"start":{"line":40,"column":4},"end":{"line":40,"column":null}},"49":{"start":{"line":40,"column":23},"end":{"line":40,"column":null}},"50":{"start":{"line":41,"column":23},"end":{"line":41,"column":null}},"51":{"start":{"line":42,"column":4},"end":{"line":42,"column":null}},"52":{"start":{"line":42,"column":33},"end":{"line":42,"column":null}},"53":{"start":{"line":43,"column":25},"end":{"line":43,"column":null}},"54":{"start":{"line":44,"column":4},"end":{"line":46,"column":null}},"55":{"start":{"line":45,"column":8},"end":{"line":45,"column":null}},"56":{"start":{"line":47,"column":4},"end":{"line":47,"column":null}},"57":{"start":{"line":47,"column":40},"end":{"line":47,"column":null}},"58":{"start":{"line":48,"column":4},"end":{"line":48,"column":null}}},"fnMap":{"0":{"name":"(anonymous_0)","decl":{"start":{"line":10,"column":29},"end":{"line":10,"column":30}},"loc":{"start":{"line":10,"column":56},"end":{"line":18,"column":null}},"line":10},"1":{"name":"(anonymous_1)","decl":{"start":{"line":20,"column":27},"end":{"line":20,"column":28}},"loc":{"start":{"line":20,"column":54},"end":{"line":24,"column":null}},"line":20},"2":{"name":"(anonymous_2)","decl":{"start":{"line":26,"column":32},"end":{"line":26,"column":33}},"loc":{"start":{"line":26,"column":59},"end":{"line":37,"column":null}},"line":26},"3":{"name":"(anonymous_3)","decl":{"start":{"line":39,"column":34},"end":{"line":39,"column":35}},"loc":{"start":{"line":39,"column":61},"end":{"line":49,"column":null}},"line":39}},"branchMap":{"0":{"loc":{"start":{"line":11,"column":4},"end":{"line":11,"column":null}},"type":"if","locations":[{"start":{"line":11,"column":4},"end":{"line":11,"column":null}},{"start":{},"end":{}}],"line":11},"1":{"loc":{"start":{"line":12,"column":4},"end":{"line":12,"column":null}},"type":"if","locations":[{"start":{"line":12,"column":4},"end":{"line":12,"column":null}},{"start":{},"end":{}}],"line":12},"2":{"loc":{"start":{"line":13,"column":4},"end":{"line":13,"column":null}},"type":"if","locations":[{"start":{"line":13,"column":4},"end":{"line":13,"column":null}},{"start":{},"end":{}}],"line":13},"3":{"loc":{"start":{"line":14,"column":4},"end":{"line":14,"column":null}},"type":"if","locations":[{"start":{"line":14,"column":4},"end":{"line":14,"column":null}},{"start":{},"end":{}}],"line":14},"4":{"loc":{"start":{"line":16,"column":4},"end":{"line":16,"column":null}},"type":"if","locations":[{"start":{"line":16,"column":4},"end":{"line":16,"column":null}},{"start":{},"end":{}}],"line":16},"5":{"loc":{"start":{"line":16,"column":8},"end":{"line":16,"column":37}},"type":"binary-expr","locations":[{"start":{"line":16,"column":8},"end":{"line":16,"column":18}},{"start":{"line":16,"column":18},"end":{"line":16,"column":37}}],"line":16},"6":{"loc":{"start":{"line":21,"column":4},"end":{"line":21,"column":null}},"type":"if","locations":[{"start":{"line":21,"column":4},"end":{"line":21,"column":null}},{"start":{},"end":{}}],"line":21},"7":{"loc":{"start":{"line":22,"column":4},"end":{"line":22,"column":null}},"type":"if","locations":[{"start":{"line":22,"column":4},"end":{"line":22,"column":null}},{"start":{},"end":{}}],"line":22},"8":{"loc":{"start":{"line":27,"column":4},"end":{"line":27,"column":null}},"type":"if","locations":[{"start":{"line":27,"column":4},"end":{"line":27,"column":null}},{"start":{},"end":{}}],"line":27},"9":{"loc":{"start":{"line":28,"column":4},"end":{"line":28,"column":null}},"type":"if","locations":[{"start":{"line":28,"column":4},"end":{"line":28,"column":null}},{"start":{},"end":{}}],"line":28},"10":{"loc":{"start":{"line":29,"column":4},"end":{"line":29,"column":null}},"type":"if","locations":[{"start":{"line":29,"column":4},"end":{"line":29,"column":null}},{"start":{},"end":{}}],"line":29},"11":{"loc":{"start":{"line":30,"column":4},"end":{"line":30,"column":null}},"type":"if","locations":[{"start":{"line":30,"column":4},"end":{"line":30,"column":null}},{"start":{},"end":{}}],"line":30},"12":{"loc":{"start":{"line":31,"column":4},"end":{"line":31,"column":null}},"type":"if","locations":[{"start":{"line":31,"column":4},"end":{"line":31,"column":null}},{"start":{},"end":{}}],"line":31},"13":{"loc":{"start":{"line":32,"column":4},"end":{"line":32,"column":null}},"type":"if","locations":[{"start":{"line":32,"column":4},"end":{"line":32,"column":null}},{"start":{},"end":{}}],"line":32},"14":{"loc":{"start":{"line":33,"column":4},"end":{"line":33,"column":null}},"type":"if","locations":[{"start":{"line":33,"column":4},"end":{"line":33,"column":null}},{"start":{},"end":{}}],"line":33},"15":{"loc":{"start":{"line":34,"column":4},"end":{"line":34,"column":null}},"type":"if","locations":[{"start":{"line":34,"column":4},"end":{"line":34,"column":null}},{"start":{},"end":{}}],"line":34},"16":{"loc":{"start":{"line":35,"column":4},"end":{"line":35,"column":null}},"type":"if","locations":[{"start":{"line":35,"column":4},"end":{"line":35,"column":null}},{"start":{},"end":{}}],"line":35},"17":{"loc":{"start":{"line":40,"column":4},"end":{"line":40,"column":null}},"type":"if","locations":[{"start":{"line":40,"column":4},"end":{"line":40,"column":null}},{"start":{},"end":{}}],"line":40},"18":{"loc":{"start":{"line":42,"column":4},"end":{"line":42,"column":null}},"type":"if","locations":[{"start":{"line":42,"column":4},"end":{"line":42,"column":null}},{"start":{},"end":{}}],"line":42},"19":{"loc":{"start":{"line":44,"column":4},"end":{"line":46,"column":null}},"type":"if","locations":[{"start":{"line":44,"column":4},"end":{"line":46,"column":null}},{"start":{},"end":{}}],"line":44},"20":{"loc":{"start":{"line":44,"column":8},"end":{"line":44,"column":47}},"type":"binary-expr","locations":[{"start":{"line":44,"column":8},"end":{"line":44,"column":28}},{"start":{"line":44,"column":28},"end":{"line":44,"column":47}}],"line":44},"21":{"loc":{"start":{"line":47,"column":4},"end":{"line":47,"column":null}},"type":"if","locations":[{"start":{"line":47,"column":4},"end":{"line":47,"column":null}},{"start":{},"end":{}}],"line":47}},"s":{"0":1,"1":1,"2":1,"3":1,"4":1,"5":1,"6":1,"7":1,"8":1,"9":9,"10":2,"11":7,"12":7,"13":7,"14":7,"15":6,"16":6,"17":2,"18":2,"19":0,"20":2,"21":1,"22":5,"23":1,"24":4,"25":4,"26":1,"27":1,"28":6,"29":0,"30":6,"31":1,"32":5,"33":5,"34":5,"35":1,"36":4,"37":1,"38":3,"39":1,"40":2,"41":2,"42":1,"43":0,"44":1,"45":0,"46":1,"47":1,"48":7,"49":0,"50":7,"51":7,"52":1,"53":6,"54":6,"55":2,"56":4,"57":1,"58":3},"f":{"0":9,"1":5,"2":6,"3":7},"b":{"0":[2,7],"1":[0,7],"2":[1,6],"3":[4,2],"4":[0,2],"5":[2,2],"6":[1,4],"7":[3,1],"8":[0,6],"9":[1,5],"10":[0,5],"11":[1,4],"12":[1,3],"13":[1,2],"14":[1,1],"15":[0,1],"16":[0,1],"17":[0,7],"18":[1,6],"19":[2,4],"20":[6,5],"21":[1,3]},"meta":{"lastBranch":22,"lastFunction":4,"lastStatement":59,"seen":{"s:1:25:1:Infinity":0,"s:2:27:2:Infinity":1,"s:3:40:3:Infinity":2,"s:4:40:4:Infinity":3,"s:5:36:5:Infinity":4,"s:6:41:6:Infinity":5,"s:7:43:7:Infinity":6,"s:8:45:8:Infinity":7,"s:10:29:18:Infinity":8,"f:10:29:10:30":0,"b:11:4:11:Infinity:undefined:undefined:undefined:undefined":0,"s:11:4:11:Infinity":9,"s:11:23:11:Infinity":10,"b:12:4:12:Infinity:undefined:undefined:undefined:undefined":1,"s:12:4:12:Infinity":11,"s:12:28:12:Infinity":12,"b:13:4:13:Infinity:undefined:undefined:undefined:undefined":2,"s:13:4:13:Infinity":13,"s:13:26:13:Infinity":14,"b:14:4:14:Infinity:undefined:undefined:undefined:undefined":3,"s:14:4:14:Infinity":15,"s:14:34:14:Infinity":16,"s:15:19:15:Infinity":17,"b:16:4:16:Infinity:undefined:undefined:undefined:undefined":4,"s:16:4:16:Infinity":18,"b:16:8:16:18:16:18:16:37":5,"s:16:37:16:Infinity":19,"s:17:4:17:Infinity":20,"s:20:27:24:Infinity":21,"f:20:27:20:28":1,"b:21:4:21:Infinity:undefined:undefined:undefined:undefined":6,"s:21:4:21:Infinity":22,"s:21:23:21:Infinity":23,"b:22:4:22:Infinity:undefined:undefined:undefined:undefined":7,"s:22:4:22:Infinity":24,"s:22:32:22:Infinity":25,"s:23:4:23:Infinity":26,"s:26:32:37:Infinity":27,"f:26:32:26:33":2,"b:27:4:27:Infinity:undefined:undefined:undefined:undefined":8,"s:27:4:27:Infinity":28,"s:27:23:27:Infinity":29,"b:28:4:28:Infinity:undefined:undefined:undefined:undefined":9,"s:28:4:28:Infinity":30,"s:28:26:28:Infinity":31,"b:29:4:29:Infinity:undefined:undefined:undefined:undefined":10,"s:29:4:29:Infinity":32,"s:29:27:29:Infinity":33,"b:30:4:30:Infinity:undefined:undefined:undefined:undefined":11,"s:30:4:30:Infinity":34,"s:30:47:30:Infinity":35,"b:31:4:31:Infinity:undefined:undefined:undefined:undefined":12,"s:31:4:31:Infinity":36,"s:31:47:31:Infinity":37,"b:32:4:32:Infinity:undefined:undefined:undefined:undefined":13,"s:32:4:32:Infinity":38,"s:32:43:32:Infinity":39,"b:33:4:33:Infinity:undefined:undefined:undefined:undefined":14,"s:33:4:33:Infinity":40,"s:33:47:33:Infinity":41,"b:34:4:34:Infinity:undefined:undefined:undefined:undefined":15,"s:34:4:34:Infinity":42,"s:34:50:34:Infinity":43,"b:35:4:35:Infinity:undefined:undefined:undefined:undefined":16,"s:35:4:35:Infinity":44,"s:35:51:35:Infinity":45,"s:36:4:36:Infinity":46,"s:39:34:49:Infinity":47,"f:39:34:39:35":3,"b:40:4:40:Infinity:undefined:undefined:undefined:undefined":17,"s:40:4:40:Infinity":48,"s:40:23:40:Infinity":49,"s:41:23:41:Infinity":50,"b:42:4:42:Infinity:undefined:undefined:undefined:undefined":18,"s:42:4:42:Infinity":51,"s:42:33:42:Infinity":52,"s:43:25:43:Infinity":53,"b:44:4:46:Infinity:undefined:undefined:undefined:undefined":19,"s:44:4:46:Infinity":54,"b:44:8:44:28:44:28:44:47":20,"s:45:8:45:Infinity":55,"b:47:4:47:Infinity:undefined:undefined:undefined:undefined":21,"s:47:4:47:Infinity":56,"s:47:40:47:Infinity":57,"s:48:4:48:Infinity":58}}}
}
